K06147,899
K01990,483
K01190,433
K05349,410
K02003,407
K03169,382
K02004,379
K02014,360
K03737,336
K03205,331
K03695,329
K03296,320
K02355,307
K02469,302
K03046,286
K01955,283
K00936,278
K04759,276
K03696,276
K03043,266
K03701,265
K02032,264
K01534,257
K03088,253
K02056,250
K02013,249
K01870,249
K17686,239
K03657,233
K01915,232
K07636,230
K03497,228
K02470,225
K03070,222
K00688,220
K06158,217
K01153,216
K01873,207
K02057,206
K02483,203
K01952,202
K03798,200
K01869,199
K01006,199
K02337,195
K11085,190
K07658,188
K02049,187
K01533,187
K16787,186
K03723,183
K01872,181
K00527,181
K02025,178
K03496,177
K02028,177
K00820,175
K00962,172
K02519,171
K00266,168
K00615,168
K10441,167
K02026,167
K04567,166
K03655,165
K02335,164
K01187,164
K00059,163
K01874,163
K15738,162
K07258,161
K04077,161
K01890,160
K07657,160
K03555,157
K03763,155
K00850,154
K00705,151
K04043,148
K02030,147
K03596,147
K00951,144
K00700,144
K03427,143
K01995,142
K00058,141
K01885,140
K01835,140
K03168,139
K02031,138
K01897,137
K10112,136
K01537,136
K00790,135
K01996,134
K00548,133
K07667,133
K05658,132
K00656,131
K01338,130
K06207,129
K03694,128
K03498,128
K01868,127
K06950,126
K08303,126
K07137,126
K00265,125
K03702,125
K03654,124
K02035,123
K02621,123
K07646,122
K01740,121
K01876,121
K02529,120
K01269,120
K12373,118
K03466,116
K00812,115
K01951,114
K01681,114
K03308,114
K01960,113
K01887,112
K01687,112
K02495,112
K02111,111
K01652,111
K01972,111
K00928,110
K04079,110
K14441,109
K06400,109
K05989,109
K02010,108
K02314,108
K07462,108
K05366,107
K03495,106
K01775,106
K06180,106
K15633,106
K15580,106
K01928,105
K00262,105
K00975,104
K07133,104
K01733,103
K01262,102
K01875,102
K00100,102
K02358,101
K00764,101
K03529,101
K00284,101
K07665,100
K03091,100
K01572,100
K01571,100
K00925,100
K03431,99
K04487,99
K06919,99
K02622,98
K06959,98
K07456,98
K01937,97
K06148,96
K03977,96
K01939,96
K07478,96
K03324,96
K07335,96
K03581,96
K15583,96
K03106,95
K02033,95
K01992,95
K01784,95
K07407,95
K01880,95
K06168,94
K03703,94
K01756,94
K01998,93
K02034,93
K05515,92
K02112,92
K06969,92
K01925,92
K03086,92
K00384,92
K01662,92
K08884,92
K03310,92
K01950,91
K02071,91
K00845,91
K02316,90
K00088,90
K01647,90
K01624,90
K01893,90
K01811,90
K01938,90
K01610,90
K02945,89
K04072,89
K01810,88
K00336,88
K02016,88
K02836,88
K01866,88
K04066,88
K02029,87
K03569,87
K01924,87
K00134,87
K16898,87
K03545,86
K00600,86
K00873,86
K01206,86
K06942,85
K01465,85
K01886,85
K01710,85
K03502,85
K07391,84
K06213,84
K03572,83
K02357,83
K02036,83
K01883,83
K02835,83
K01881,83
K03699,83
K02484,83
K00257,82
K02005,82
K11072,82
K03615,81
K17319,81
K02117,81
K01953,80
K03215,80
K12573,80
K09812,80
K12257,80
K09817,80
K10823,80
K00602,79
K00703,79
K03327,79
K03631,79
K03531,78
K03544,78
K02015,78
K00248,78
K03979,78
K03797,78
K05592,78
K08483,77
K01929,77
K04763,77
K00874,77
K02837,77
K07668,77
K02041,77
K01649,76
K00599,76
K00849,76
K07030,76
K00789,75
K01945,75
K08384,75
K15923,75
K01752,74
K03040,74
K01999,74
K01362,74
K01892,74
K02052,74
K03499,74
K12574,74
K10118,74
K01270,74
K03406,73
K01921,73
K03665,73
K01933,73
K03553,73
K07720,73
K03076,72
K01895,72
K02600,72
K03522,72
K00179,72
K03527,72
K17318,72
K11754,71
K03500,71
K07024,71
K16786,70
K00821,70
K03686,69
K01448,69
K01867,69
K00540,69
K00147,69
K03588,68
K00763,68
K00666,68
K02040,68
K00937,68
K12308,68
K01091,67
K02563,67
K00854,67
K01803,67
K03218,67
K03650,67
K00826,66
K00721,66
K06889,66
K00099,66
K02038,66
K01847,66
K09810,66
K07263,66
K01443,66
K09955,66
K00864,65
K00525,65
K03587,65
K09458,65
K01586,65
K02051,65
K01207,65
K00133,65
K02037,65
K00239,65
K01409,65
K03110,65
K03551,65
K03697,65
K10907,65
K01209,65
K10254,65
K02313,64
K11907,64
K01966,64
K00927,64
K15582,64
K02982,63
K01714,63
K11749,63
K00800,63
K02428,63
K07085,63
K02886,62
K00609,62
K03924,62
K01738,62
K00831,62
K00554,62
K00948,62
K17677,62
K10206,62
K00335,61
K07007,61
K00226,61
K14155,61
K17320,61
K07079,61
K00818,60
K01689,60
K07659,60
K06131,60
K02017,60
K09157,60
K01735,59
K03595,59
K02967,59
K01989,59
K00566,59
K17759,59
K00876,59
K06871,59
K07444,58
K00281,58
K01424,58
K03525,58
K00773,58
K06398,58
K06001,58
K04041,58
K03585,57
K00847,57
K00817,57
K01940,57
K03217,57
K01421,57
K00027,57
K02824,57
K02481,57
K07047,56
K00029,56
K02232,56
K11927,56
K00382,56
K03742,56
K01785,56
K01531,56
K02118,56
K03320,55
K07568,55
K01755,55
K00057,55
K10119,55
K01620,54
K01997,54
K03438,54
K05832,54
K00031,54
K00278,54
K10117,54
K16089,54
K01486,54
K03526,53
K02343,53
K03628,53
K00558,53
K01591,53
K03307,53
K03778,53
K01284,53
K07576,53
K02338,52
K02065,52
K00111,52
K01840,52
K01625,52
K03575,52
K09013,52
K07319,52
K02006,52
K01914,52
K01258,52
K00762,51
K01736,51
K01179,51
K03601,51
K03574,51
K00974,51
K08956,51
K00175,51
K00625,51
K15532,51
K01912,50
K00046,50
K01889,50
K00858,50
K00620,50
K06200,50
K03856,50
K03292,50
K01417,50
K00174,50
K01223,50
K01182,50
K12527,50
K00003,49
K00626,49
K01000,49
K00052,49
K00791,49
K15555,49
K07238,49
K07814,49
K00604,49
K00848,49
K00611,49
K04094,49
K07775,49
K00639,49
K03614,49
K00048,49
K01791,48
K03424,48
K07088,48
K02238,48
K01358,48
K01265,48
K05833,48
K06153,48
K09691,48
K02584,48
K00264,48
K00244,48
K10542,48
K00018,48
K02667,47
K01703,47
K10440,47
K02341,47
K03177,47
K01515,47
K07718,47
K01439,46
K02493,46
K01151,46
K00945,46
K10010,46
K11690,46
K03722,45
K01754,45
K02988,45
K07240,45
K03147,45
K00014,45
K05837,45
K02073,45
K13896,45
K00053,45
K14540,45
K03521,45
K03413,45
K00970,45
K07029,45
K04096,45
K01077,45
K01195,45
K02123,45
K01154,44
K03501,44
K02115,44
K00286,44
K02931,44
K07056,44
K06173,44
K00041,44
K09903,44
K01491,44
K07566,44
K00145,44
K09014,44
K03734,44
K06901,44
K03150,44
K02488,44
K01200,44
K06178,43
K01685,43
K01956,43
K05343,43
K03524,43
K01686,43
K04069,43
K01958,43
K02564,43
K05847,43
K11069,43
K16785,43
K05685,43
K01552,43
K05970,43
K00290,43
K00528,42
K05540,42
K07126,42
K06179,42
K07497,42
K09760,42
K03624,42
K00375,42
K03151,42
K00680,42
K01130,42
K00077,41
K02926,41
K03685,41
K06941,41
K15987,41
K04075,41
K03593,41
K02770,41
K02863,41
K01923,41
K02528,41
K07098,41
K01818,41
K01812,41
K10797,41
K01596,40
K06861,40
K03321,40
K03733,40
K02687,40
K03100,40
K00075,40
K07082,40
K03671,40
K00652,40
K00973,40
K03629,40
K07678,40
K00986,40
K12436,40
K04485,39
K02878,39
K01778,39
K02500,39
K07001,39
K00341,39
K03437,39
K01462,39
K00074,39
K00297,39
K01090,39
K06881,39
K13954,39
K02823,39
K13525,39
K03783,39
K02133,39
K04928,39
K00595,38
K01814,38
K03621,38
K01696,38
K00768,38
K03455,38
K14170,38
K11717,38
K01619,38
K02647,38
K05601,38
K07138,38
K02342,37
K02986,37
K01961,37
K04083,37
K06183,37
K01776,37
K03768,37
K04042,37
K00930,37
K00067,37
K06217,37
K01104,37
K02935,37
K00012,37
K01191,37
K07776,37
K10041,37
K00941,36
K03470,36
K02039,36
K03705,36
K00919,36
K00852,36
K05350,36
K07301,36
K16899,36
K06346,36
K15581,36
K02371,36
K00087,36
K05936,35
K02188,35
K01783,35
K07712,35
K07793,35
K01712,35
K00640,35
K02652,35
K03111,35
K07729,35
K08602,35
K12960,35
K09815,35
K07670,35
K11070,35
K00929,35
K03092,34
K02011,34
K00013,34
K01126,34
K00991,34
K00605,34
K00788,34
K06949,34
K00931,34
K03284,34
K02283,34
K01839,34
K12506,34
K01193,34
K01286,34
K07669,34
K13747,34
K01547,33
K07402,33
K01963,33
K13038,33
K01676,33
K07664,33
K13292,33
K02356,33
K02838,33
K00761,33
K12410,33
K03546,33
K10548,33
K11753,33
K00965,33
K15771,33
K03617,33
K01442,33
K00645,32
K10773,32
K07277,32
K03439,32
K06187,32
K15578,32
K02346,32
K02601,32
K03072,32
K00971,32
K01273,32
K11540,32
K07095,32
K02132,32
K05516,32
K11928,32
K07035,32
K13599,32
K15533,32
K15921,32
K02050,31
K02433,31
K03743,31
K02933,31
K02879,31
K01711,31
K07114,31
K06287,31
K07124,31
K01414,31
K01056,31
K01119,31
K06023,31
K02334,31
K02499,31
K00001,31
K13789,31
K01809,31
K06381,31
K03784,31
K00853,31
K07652,31
K01192,31
K11076,31
K13013,31
K07642,30
K03770,30
K00806,30
K08591,30
K01507,30
K03469,30
K02045,30
K01012,30
K02027,30
K07053,30
K06189,30
K03550,30
K00760,30
K10545,30
K02074,30
K02804,30
K00040,30
K01813,30
K02120,30
K07713,30
K08600,30
K00249,29
K10126,29
K02881,29
K01451,29
K02227,29
K04517,29
K08301,29
K00219,29
K00097,29
K06442,29
K05521,29
K00425,29
K01677,29
K09816,29
K03613,29
K01226,29
K11527,29
K07716,29
K11358,29
K15912,29
K15726,28
K02434,28
K07090,28
K02906,28
K02952,28
K07507,28
K07715,28
K00655,28
K01129,28
K03458,28
K03687,28
K03547,28
K03183,28
K05816,28
K00882,28
K01968,28
K00756,28
K01278,28
K01580,28
K01697,28
K00030,28
K11071,28
K01993,28
K04720,28
K01621,28
K02992,27
K06997,27
K01845,27
K02454,27
K00868,27
K01251,27
K06024,27
K02000,27
K07738,27
K00942,27
K00954,27
K01243,27
K01493,27
K06223,27
K01436,27
K16012,27
K11996,27
K09698,27
K01786,27
K15635,27
K01139,27
K00757,27
K08955,27
K01926,27
K00347,27
K03311,27
K03518,27
K02477,27
K14138,27
K01667,27
K03423,27
K01626,26
K01546,26
K00648,26
K11991,26
K02072,26
K06894,26
K02996,26
K02864,26
K06382,26
K06406,26
K00123,26
K01739,26
K02566,26
K10540,26
K01854,26
K07862,26
K01299,26
K01636,26
K08676,26
K12541,26
K09972,26
K01815,26
K12266,26
K08659,26
K07679,26
K05934,25
K03832,25
K00891,25
K03606,25
K00050,25
K03750,25
K00560,25
K01770,25
K06020,25
K01760,25
K01468,25
K02520,25
K08307,25
K00796,25
K14652,25
K06958,25
K01081,25
K03656,25
K00759,25
K07171,25
K06399,25
K00969,25
K02068,25
K03442,25
K09765,25
K03305,25
K10947,25
K03976,25
K11541,25
K07021,25
K01218,25
K03590,24
K01464,24
K13993,24
K10439,24
K00995,24
K00783,24
K07774,24
K03786,24
K07154,24
K03282,24
K00833,24
K09811,24
K03892,24
K00359,24
K01808,24
K06902,24
K07386,24
K01585,24
K02230,24
K10194,24
K00981,23
K03978,23
K02939,23
K00337,23
K01679,23
K06966,23
K06177,23
K01745,23
K04488,23
K00963,23
K11175,23
K03630,23
K00819,23
K00033,23
K16013,23
K00651,23
K15986,23
K06387,23
K01734,23
K01176,23
K01205,23
K07282,23
K12524,23
K02062,23
K13990,23
K01761,23
K01447,23
K17076,23
K03077,23
K11357,23
K04086,23
K10680,22
K01607,22
K02948,22
K10111,22
K02805,22
K02377,22
K02501,22
K04758,22
K03664,22
K01356,22
K07588,22
K00627,22
K00024,22
K03710,22
K03101,22
K03407,22
K02523,22
K06923,22
K01790,22
K07042,22
K11183,22
K03771,22
K01271,22
K07699,22
K06334,22
K01805,22
K01804,22
K03388,22
K13378,22
K03465,22
K03453,22
K00288,22
K02145,22
K08372,22
K07645,22
K00010,22
K03315,22
K03721,22
K01582,22
K03816,22
K10941,22
K10193,22
K07677,22
K01142,21
K03570,21
K00946,21
K07567,21
K07025,21
K03767,21
K07183,21
K05825,21
K00215,21
K03074,21
K00016,21
K02851,21
K06012,21
K15770,21
K07139,21
K01008,21
K06972,21
K00563,21
K17215,21
K04068,21
K04765,21
K06385,21
K05895,21
K09695,21
K03698,21
K17716,21
K00065,21
K01267,21
K06857,21
K01948,21
K16153,21
K16212,21
K02189,20
K01067,20
K00459,20
K11189,20
K02108,20
K07460,20
K07447,20
K00616,20
K00765,20
K00128,20
K01487,20
K01520,20
K13892,20
K00943,20
K02887,20
K01524,20
K00253,20
K01588,20
K00162,20
K11755,20
K09015,20
K15772,20
K01715,20
K02315,20
K03660,20
K06201,20
K02217,20
K01744,20
K12267,20
K07662,20
K00346,20
K10541,20
K01234,20
K04486,20
K07080,20
K11381,20
K01844,20
K08070,20
K10943,20
K13541,20
K10192,20
K10562,20
K07663,19
K04761,19
K02994,19
K00104,19
K03925,19
K00748,19
K02020,19
K01069,19
K03625,19
K00240,19
K02860,19
K11752,19
K02653,19
K00859,19
K05591,19
K04769,19
K00784,19
K07406,19
K01449,19
K06390,19
K00283,19
K00282,19
K00878,19
K02237,19
K00865,19
K01480,19
K01843,19
K01372,19
K06221,19
K00571,19
K10009,19
K00926,19
K16963,19
K16363,19
K01632,19
K09704,19
K00638,19
K02757,19
K14534,19
K07487,19
K02190,19
K03644,18
K02669,18
K03667,18
K01704,18
K00342,18
K00647,18
K10764,18
K03561,18
K00208,18
K03639,18
K00939,18
K05810,18
K03823,18
K03412,18
K05814,18
K09808,18
K00632,18
K04084,18
K03789,18
K09761,18
K07979,18
K07037,18
K00547,18
K04652,18
K07089,18
K01802,18
K08675,18
K01212,18
K00042,18
K07106,18
K09123,18
K02042,18
K02044,18
K17489,18
K09490,18
K07770,18
K04516,18
K07660,18
K16328,18
K10831,17
K01750,17
K15342,17
K08218,17
K02890,17
K02904,17
K02109,17
K00766,17
K02874,17
K01159,17
K01693,17
K04773,17
K02990,17
K02956,17
K06925,17
K01420,17
K00823,17
K01653,17
K01894,17
K07649,17
K02438,17
K00661,17
K03616,17
K01962,17
K11263,17
K00989,17
K03281,17
K03517,17
K09690,17
K02557,17
K00857,17
K09762,17
K00259,17
K08316,17
K07052,17
K03800,17
K01144,17
K05655,17
K03340,17
K12371,17
K00634,17
K03382,17
K07653,17
K01163,16
K00798,16
K02114,16
K02078,16
K07003,16
K02372,16
K02012,16
K12340,16
K03299,16
K04044,16
K07789,16
K00180,16
K05896,16
K01834,16
K07011,16
K03820,16
K07050,16
K02340,16
K06041,16
K01235,16
K06295,16
K06408,16
K14445,16
K16329,16
K00949,16
K01639,16
K01277,16
K07654,16
K10008,16
K13788,16
K07648,16
K01643,16
K00603,16
K07033,16
K05878,16
K01238,16
K10200,16
K00015,16
K01156,16
K03416,16
K07644,16
K17069,16
K03739,16
K03152,16
K12941,16
K07714,16
K09820,16
K02765,16
K10539,16
K12528,16
K13059,16
K16960,16
K16213,16
K02892,15
K01657,15
K02876,15
K01438,15
K05946,15
K02502,15
K02224,15
K09748,15
K03149,15
K01613,15
K09747,15
K00837,15
K06181,15
K07012,15
K02867,15
K07284,15
K03523,15
K11105,15
K01666,15
K00805,15
K06374,15
K06379,15
K02551,15
K09121,15
K03294,15
K09769,15
K02147,15
K01322,15
K13278,15
K03426,15
K03579,15
K03612,15
K00996,15
K02810,15
K07321,15
K08974,15
K06973,15
K03283,15
K05663,15
K08679,15
K01198,15
K00895,15
K05305,15
K07484,15
K11356,15
K13479,15
K14982,15
K01467,14
K07058,14
K02558,14
K02503,14
K00334,14
K01627,14
K07107,14
K03387,14
K03787,14
K02231,14
K13821,14
K00658,14
K05807,14
K11004,14
K00957,14
K01644,14
K01965,14
K13643,14
K00795,14
K00252,14
K02884,14
K03216,14
K13688,14
K00872,14
K06407,14
K06409,14
K00008,14
K03402,14
K03182,14
K01489,14
K01425,14
K05657,14
K01197,14
K00955,14
K16784,14
K08722,14
K07473,14
K12372,14
K07316,14
K00005,14
K00198,14
K06209,14
K14059,14
K08282,14
K02429,14
K15778,14
K06921,14
K03420,14
K17074,14
K05776,14
K13010,14
K01224,14
K03087,14
K07239,14
K15739,14
K11104,14
K11384,14
K07260,14
K14415,13
K03609,13
K02950,13
K02961,13
K02110,13
K01609,13
K02895,13
K02233,13
K02058,13
K06015,13
K00333,13
K00343,13
K01007,13
K06142,13
K02834,13
K09710,13
K03885,13
K00956,13
K00567,13
K07304,13
K00912,13
K02018,13
K12339,13
K00950,13
K02959,13
K02871,13
K14058,13
K02400,13
K14742,13
K03565,13
K07112,13
K06284,13
K06446,13
K07099,13
K07651,13
K04656,13
K01042,13
K00169,13
K01959,13
K01678,13
K00758,13
K14761,13
K01654,13
K07773,13
K03312,13
K01048,13
K01051,13
K01186,13
K00754,13
K00978,13
K08484,13
K07661,13
K05903,13
K17204,13
K13049,13
K10697,13
K08138,13
K09011,13
K01422,13
K13012,13
K05971,13
K03929,12
K03394,12
K03543,12
K02946,12
K06872,12
K03827,12
K04078,12
K02517,12
K03118,12
K03584,12
K01695,12
K00090,12
K00023,12
K01495,12
K02888,12
K00836,12
K02412,12
K06877,12
K01934,12
K06405,12
K01941,12
K06413,12
K08963,12
K02279,12
K03785,12
K03389,12
K04070,12
K10819,12
K07192,12
K06236,12
K12858,12
K03018,12
K01539,12
K05364,12
K04518,12
K10241,12
K09772,12
K02424,12
K14645,12
K03556,12
K08217,12
K03582,12
K07783,12
K00348,12
K02474,12
K01089,12
K00177,12
K16789,12
K00197,12
K06897,12
K02021,12
K10536,12
K09925,12
K02688,12
K03235,12
K14981,12
K01709,12
K02431,12
K05587,12
K15051,12
K10040,12
K01838,12
K15910,12
K15022,12
K07043,11
K06042,11
K01548,11
K01658,11
K11068,11
K03568,11
K02658,11
K00036,11
K01496,11
K01628,11
K08300,11
K07175,11
K14260,11
K00339,11
K00287,11
K01266,11
K03530,11
K02536,11
K00164,11
K02916,11
K02527,11
K01759,11
K03578,11
K02303,11
K02510,11
K01428,11
K08309,11
K15634,11
K07560,11
K02409,11
K07259,11
K03637,11
K00797,11
K03536,11
K01661,11
K06878,11
K06967,11
K11145,11
K06864,11
K12251,11
K08978,11
K05648,11
K00078,11
K11787,11
K06185,11
K14835,11
K01930,11
K17680,11
K07768,11
K00060,11
K07727,11
K05568,11
K03718,11
K00324,11
K00350,11
K01035,11
K02193,11
K06907,11
K16053,11
K03473,11
K02203,11
K01535,11
K16927,11
K00243,11
K01005,11
K01478,11
K05341,11
K07741,11
K01188,11
K00947,11
K13043,11
K01215,11
K16926,11
K07647,11
K15587,11
K07405,11
K17073,11
K01819,11
K15036,11
K11963,10
K02113,10
K03271,10
K00020,10
K00526,10
K03719,10
K02456,10
K07491,10
K07040,10
K03474,10
K13953,10
K02437,10
K03781,10
K04751,10
K07305,10
K09181,10
K01659,10
K04564,10
K01684,10
K12972,10
K01183,10
K02492,10
K00606,10
K06978,10
K10004,10
K02405,10
K02472,10
K08724,10
K09787,10
K07742,10
K07584,10
K00426,10
K07250,10
K11645,10
K06333,10
K13542,10
K05939,10
K00841,10
K10716,10
K16052,10
K03833,10
K07787,10
K01665,10
K01201,10
K01466,10
K12823,10
K07023,10
K07736,10
K13926,10
K04691,10
K05365,10
K00351,10
K12297,10
K02504,10
K13409,10
K02819,10
K09163,10
K07166,10
K01629,10
K03146,10
K11788,10
K00150,10
K03974,10
K11075,10
K06909,10
K00038,10
K05795,10
K06113,10
K06237,10
K17217,10
K16850,10
K12111,10
K11629,10
K06895,9
K17103,9
K06076,9
K06222,9
K02471,9
K00101,9
K00681,9
K06911,9
K01692,9
K06596,9
K02453,9
K02968,9
K03980,9
K03564,9
K01079,9
K07638,9
K03322,9
K07749,9
K00677,9
K08169,9
K01485,9
K09461,9
K01029,9
K00979,9
K10852,9
K00767,9
K08289,9
K02396,9
K01501,9
K05808,9
K03210,9
K00793,9
K00641,9
K07313,9
K06306,9
K10189,9
K06960,9
K06373,9
K01911,9
K02548,9
K01916,9
K00091,9
K00096,9
K06206,9
K01991,9
K01858,9
K10901,9
K01758,9
K00863,9
K05853,9
K06184,9
K09478,9
K00966,9
K15376,9
K02999,9
K09552,9
K01239,9
K04095,9
K07173,9
K00302,9
K17214,9
K00349,9
K02795,9
K09022,9
K03385,9
K16692,9
K07461,9
K11261,9
K09807,9
K00590,9
K07705,9
K01848,9
K06167,9
K01463,9
K00877,9
K02122,9
K00839,9
K09971,9
K13581,9
K02124,9
K03148,9
K01787,9
K00690,9
K10025,9
K07271,9
K10012,9
K03484,9
K03931,9
K01361,9
K14664,9
K11635,9
K09988,9
K05882,9
K16209,9
K06920,8
K10125,8
K02066,8
K05595,8
K07185,8
K02535,8
K02660,8
K02662,8
K02963,8
K03772,8
K13483,8
K02053,8
K01256,8
K03286,8
K07091,8
K01255,8
K07262,8
K04562,8
K00851,8
K14162,8
K01247,8
K09117,8
K01092,8
K03602,8
K01749,8
K05813,8
K10002,8
K03073,8
K03270,8
K06215,8
K07571,8
K06714,8
K07533,8
K07009,8
K10188,8
K04074,8
K00772,8
K07105,8
K07496,8
K09825,8
K06962,8
K07150,8
K09758,8
K06282,8
K01529,8
K14571,8
K05995,8
K11147,8
K12657,8
K00803,8
K06174,8
K09488,8
K10844,8
K11173,8
K05846,8
K00383,8
K07737,8
K02007,8
K00880,8
K03732,8
K02796,8
K05590,8
K12137,8
K12370,8
K16066,8
K04772,8
K07704,8
K15023,8
K15497,8
K08302,8
K10202,8
K08590,8
K00520,8
K07315,8
K12063,8
K01066,8
K00559,8
K05919,8
K00002,8
K08325,8
K16843,8
K01133,8
K13829,8
K11958,8
K05928,8
K10038,8
K13853,8
K00118,8
K16555,8
K01232,8
K12276,8
K01250,8
K15836,8
K09697,8
K15849,8
K10824,8
K11630,8
K07452,8
K13777,7
K00102,7
K03566,7
K01295,7
K03648,7
K02954,7
K06182,7
K02160,7
K12452,7
K03117,7
K02518,7
K09861,7
K00154,7
K03075,7
K03775,7
K03594,7
K00573,7
K03666,7
K02054,7
K01779,7
K13894,7
K13652,7
K07481,7
K02858,7
K03711,7
K00549,7
K00674,7
K07320,7
K13924,7
K00241,7
K03776,7
K03592,7
K07799,7
K16147,7
K08156,7
K06896,7
K01918,7
K03802,7
K09001,7
K02417,7
K02406,7
K01589,7
K05985,7
K00161,7
K03449,7
K06411,7
K03709,7
K07071,7
K02800,7
K03436,7
K08999,7
K06281,7
K13963,7
K01189,7
K13940,7
K03313,7
K05565,7
K02574,7
K15460,7
K07574,7
K07017,7
K01846,7
K09768,7
K02191,7
K09251,7
K09777,7
K00394,7
K11710,7
K01112,7
K02302,7
K00185,7
K00184,7
K15125,7
K00657,7
K08736,7
K11233,7
K03042,7
K09482,7
K00076,7
K11443,7
K13584,7
K00366,7
K12536,7
K07493,7
K01134,7
K05275,7
K11231,7
K07148,7
K01615,7
K01041,7
K05671,7
K04023,7
K15024,7
K17363,7
K04020,7
K11533,7
K00691,7
K15531,7
K12999,7
K16202,7
K09809,7
K03080,7
K04022,7
K13921,7
K15527,7
K13797,7
K06940,6
K13775,6
K07387,6
K01426,6
K04752,6
K03446,6
K03801,6
K04047,6
K17325,6
K00574,6
K07711,6
K00537,6
K16011,6
K17723,6
K07130,6
K01817,6
K00332,6
K00338,6
K02291,6
K11177,6
K16092,6
K00019,6
K13891,6
K06890,6
K03559,6
K13895,6
K11720,6
K00311,6
K00381,6
K07516,6
K03760,6
K05539,6
K14267,6
K00121,6
K00362,6
K03306,6
K07160,6
K02897,6
K02899,6
K06133,6
K07464,6
K02455,6
K05577,6
K07027,6
K01969,6
K02407,6
K02392,6
K07010,6
K00380,6
K08998,6
K09779,6
K00824,6
K10190,6
K07445,6
K06410,6
K03429,6
K10026,6
K05823,6
K02103,6
K06898,6
K16881,6
K04655,6
K00124,6
K00170,6
K05864,6
K14810,6
K12734,6
K14778,6
K14439,6
K17043,6
K12854,6
K10598,6
K00022,6
K15192,6
K15441,6
K16302,6
K03300,6
K10242,6
K02478,6
K15372,6
K07726,6
K07812,6
K03336,6
K15584,6
K03773,6
K09789,6
K05337,6
K03196,6
K08323,6
K02081,6
K13653,6
K03973,6
K16211,6
K08191,6
K11475,6
K10017,6
K01782,6
K12343,6
K14262,6
K06937,6
K05884,6
K00610,6
K06987,6
K02234,6
K01303,6
K03488,6
K15016,6
K09703,6
K13497,6
K01763,6
K01896,6
K01293,6
K09759,6
K11329,6
K09689,6
K01932,6
K12940,6
K10235,6
K12264,6
K02791,6
K11203,6
K13480,6
K01138,6
K08219,6
K15600,6
K16044,6
K14489,6
K00633,6
K04026,6
K02761,6
K10231,6
K12953,6
K16958,6
K07482,6
K12555,6
K16698,6
K14090,6
K14414,5
K13069,5
K05596,5
K00261,5
K05799,5
K00390,5
K01698,5
K02965,5
K03724,5
K03744,5
K17324,5
K02907,5
K07684,5
K03769,5
K03589,5
K02657,5
K06016,5
K01816,5
K00997,5
K00331,5
K04087,5
K06915,5
K14287,5
K00990,5
K01297,5
K15553,5
K11939,5
K04762,5
K10546,5
K00794,5
K00428,5
K00575,5
K02019,5
K05367,5
K00924,5
K05815,5
K02379,5
K02410,5
K02389,5
K01599,5
K02806,5
K05838,5
K00860,5
K03735,5
K03483,5
K09775,5
K06378,5
K06392,5
K06438,5
K13787,5
K03604,5
K03390,5
K04654,5
K07164,5
K14261,5
K11517,5
K11647,5
K00654,5
K05850,5
K12736,5
K13566,5
K11262,5
K08740,5
K14777,5
K02136,5
K01229,5
K10706,5
K17286,5
K10771,5
K01027,5
K11654,5
K01664,5
K06989,5
K07045,5
K02440,5
K03684,5
K03790,5
K11603,5
K10558,5
K08321,5
K02779,5
K10678,5
K05801,5
K16371,5
K03272,5
K01766,5
K12997,5
K05593,5
K04477,5
K03738,5
K06934,5
K03658,5
K03090,5
K07217,5
K01222,5
K06859,5
K00186,5
K03309,5
K07031,5
K07170,5
K08641,5
K07005,5
K13832,5
K03430,5
K00662,5
K13730,5
K09510,5
K11808,5
K16330,5
K14807,5
K01663,5
K14729,5
K02121,5
K11688,5
K13819,5
K00210,5
K00786,5
K01751,5
K09970,5
K11074,5
K10237,5
K04771,5
K05830,5
K05966,5
K06162,5
K07404,5
K01026,5
K04034,5
K01583,5
K11957,5
K11520,5
K10974,5
K07637,5
K11537,5
K06350,5
K16566,5
K17240,5
K06156,5
K11392,5
K07772,5
K16628,5
K01746,5
K11751,5
K04784,5
K07570,5
K10834,5
K11440,5
K12950,5
K16793,5
K00533,5
K05362,5
K07672,5
K15727,4
K11921,4
K00432,4
K02435,4
K03571,4
K03230,4
K02670,4
K03457,4
K01792,4
K01523,4
K03116,4
K00034,4
K00135,4
K14393,4
K13590,4
K07101,4
K02055,4
K03534,4
K07552,4
K03641,4
K01584,4
K03154,4
K06044,4
K01236,4
K03367,4
K03752,4
K01708,4
K01919,4
K10547,4
K03560,4
K01560,4
K05921,4
K03831,4
K07788,4
K03688,4
K02654,4
K00156,4
K02106,4
K09989,4
K07141,4
K01879,4
K01633,4
K04045,4
K03799,4
K02421,4
K02401,4
K02395,4
K03549,4
K03969,4
K01768,4
K01903,4
K03303,4
K07102,4
K10544,4
K01579,4
K07693,4
K06885,4
K06196,4
K06922,4
K00260,4
K03410,4
K03713,4
K04076,4
K03707,4
K00556,4
K01181,4
K10780,4
K03708,4
K02490,4
K03186,4
K01305,4
K01082,4
K11065,4
K01581,4
K02619,4
K08824,4
K11367,4
K05048,4
K10902,4
K14163,4
K02349,4
K16055,4
K12733,4
K03063,4
K12812,4
K07767,4
K03165,4
K00643,4
K14213,4
K00972,4
K06675,4
K06943,4
K00814,4
K13181,4
K05034,4
K00683,4
K10877,4
K12818,4
K13254,4
K12585,4
K13917,4
K05543,4
K00983,4
K15789,4
K08734,4
K03883,4
K07214,4
K03503,4
K16087,4
K13695,4
K07666,4
K01788,4
K07792,4
K02794,4
K07306,4
K01034,4
K12141,4
K13694,4
K12369,4
K02777,4
K09974,4
K11931,4
K02008,4
K06956,4
K09128,4
K05566,4
K07219,4
K07791,4
K10778,4
K11050,4
K02182,4
K03478,4
K13017,4
K06926,4
K05817,4
K09922,4
K13007,4
K01825,4
K03451,4
K00840,4
K01694,4
K00801,4
K15505,4
K05824,4
K10841,4
K15888,4
K07129,4
K03415,4
K12942,4
K10021,4
K11073,4
K12252,4
K10238,4
K07302,4
K01577,4
K01040,4
K17243,4
K05780,4
K04110,4
K14660,4
K08352,4
K00214,4
K05669,4
K07059,4
K05572,4
K05356,4
K11525,4
K11953,4
K07474,4
K10037,4
K13252,4
K02598,4
K00113,4
K13490,4
K16844,4
K02364,4
K14153,4
K02079,4
K07806,4
K07689,4
K16200,4
K13679,4
K16020,4
K01616,4
K15261,4
K00879,4
K02489,4
K17749,4
K01071,4
K17207,4
K00068,4
K05339,4
K00932,4
K12956,4
K17235,4
K14086,4
K01492,4
K05352,4
K17063,4
K15917,4
K03930,4
K07702,4
K07469,4
K04107,4
K12556,4
K10909,4
K07062,3
K02067,3
K01433,3
K06204,3
K00299,3
K05786,3
K02226,3
K13481,3
K01488,3
K03753,3
K00340,3
K07181,3
K03386,3
K00344,3
K15539,3
K07708,3
K02001,3
K07322,3
K13890,3
K01173,3
K06199,3
K07486,3
K00901,3
K03153,3
K10804,3
K01908,3
K00275,3
K06952,3
K02427,3
K01753,3
K03269,3
K00598,3
K08223,3
K02970,3
K01595,3
K01719,3
K02913,3
K01502,3
K00822,3
K08310,3
K08311,3
K01935,3
K01737,3
K03089,3
K03273,3
K01878,3
K01241,3
K02416,3
K02408,3
K02390,3
K02443,3
K01304,3
K06412,3
K02798,3
K11184,3
K06518,3
K16264,3
K13888,3
K06402,3
K02552,3
K01823,3
K02077,3
K02282,3
K00782,3
K02768,3
K07508,3
K07075,3
K00564,3
K05822,3
K01551,3
K07016,3
K03170,3
K16299,3
K00086,3
K00172,3
K00207,3
K00816,3
K11594,3
K14684,3
K09479,3
K15332,3
K08735,3
K13982,3
K01900,3
K09523,3
K05038,3
K05545,3
K00670,3
K10532,3
K00884,3
K08669,3
K14809,3
K10413,3
K05544,3
K14780,3
K10899,3
K09564,3
K14806,3
K14805,3
K00006,3
K12815,3
K03243,3
K05607,3
K02993,3
K03098,3
K00049,3
K13253,3
K08857,3
K09527,3
K07048,3
K01598,3
K00430,3
K02880,3
K03065,3
K03097,3
K09487,3
K00729,3
K10900,3
K09518,3
K14776,3
K00327,3
K03237,3
K09650,3
K05849,3
K07004,3
K10233,3
K02426,3
K09684,3
K00303,3
K02361,3
K15545,3
K04653,3
K06218,3
K08312,3
K07307,3
K02199,3
K11607,3
K01497,3
K12368,3
K02775,3
K01668,3
K00171,3
K10670,3
K00194,3
K01308,3
K03700,3
K16951,3
K00313,3
K13638,3
K07443,3
K01175,3
K07272,3
K05879,3
K08234,3
K10201,3
K16650,3
K04749,3
K13018,3
K07223,3
K13015,3
K01705,3
K03649,3
K11102,3
K09935,3
K05297,3
K05783,3
K17733,3
K13929,3
K02473,3
K01392,3
K05546,3
K00167,3
K11681,3
K00129,3
K01427,3
K13941,3
K13830,3
K09002,3
K03330,3
K03638,3
K15894,3
K06908,3
K01155,3
K16091,3
K09007,3
K10912,3
K02591,3
K05927,3
K07513,3
K11538,3
K00676,3
K01039,3
K07318,3
K05781,3
K17317,3
K16875,3
K12700,3
K13540,3
K04767,3
K05666,3
K05656,3
K12381,3
K00752,3
K03927,3
K05664,3
K12429,3
K13799,3
K07769,3
K00835,3
K08479,3
K11781,3
K17245,3
K11180,3
K10036,3
K10039,3
K10107,3
K04844,3
K07816,3
K01536,3
K00532,3
K10561,3
K10560,3
K06951,3
K02485,3
K03825,3
K10191,3
K15922,3
K16562,3
K12525,3
K10011,3
K05779,3
K10538,3
K06074,3
K13002,3
K16959,3
K15792,3
K17744,3
K14272,3
K14743,3
K05898,3
K04031,3
K12420,3
K04019,3
K11631,3
K02760,3
K06310,3
K15586,3
K15579,3
K11328,3
K01023,3
K11200,3
K15524,3
K09693,3
K14647,3
K13670,3
K01342,3
K13275,3
K10710,3
K10213,3
K10551,3
K14978,3
K15915,3
K14983,3
K12146,3
K08961,3
K10978,3
K00400,3
K04478,3
K17061,3
K12341,3
K15725,2
K15552,2
K11961,2
K09952,2
K09951,2
K06143,2
K07039,2
K03224,2
K02444,2
K01673,2
K09973,2
K03814,2
K07735,2
K02825,2
K02457,2
K02480,2
K01494,2
K05541,2
K00330,2
K03975,2
K01640,2
K01113,2
K06194,2
K04088,2
K02002,2
K01797,2
K01053,2
K05520,2
K13051,2
K16203,2
K03558,2
K03640,2
K13893,2
K08295,2
K01841,2
K09790,2
K09136,2
K02348,2
K01259,2
K07506,2
K02046,2
K01807,2
K00832,2
K15034,2
K03562,2
K01070,2
K03411,2
K01011,2
K08082,2
K08083,2
K14347,2
K08084,2
K01185,2
K01473,2
K03774,2
K03342,2
K01055,2
K03642,2
K01046,2
K01087,2
K09858,2
K02418,2
K02387,2
K02393,2
K02394,2
K01470,2
K15773,2
K01902,2
K08681,2
K06994,2
K17218,2
K09967,2
K01457,2
K15866,2
K07535,2
K03809,2
K06416,2
K06397,2
K11144,2
K09706,2
K07015,2
K04116,2
K02304,2
K06045,2
K00146,2
K13641,2
K11936,2
K06283,2
K16874,2
K00356,2
K07303,2
K07028,2
K07442,2
K07083,2
K07076,2
K07221,2
K00127,2
K09949,2
K00980,2
K09141,2
K07403,2
K11646,2
K01057,2
K07511,2
K13356,2
K00011,2
K08838,2
K00693,2
K14572,2
K08834,2
K01432,2
K00827,2
K13403,2
K14539,2
K13091,2
K04688,2
K15437,2
K01204,2
K13179,2
K15013,2
K16196,2
K11778,2
K14388,2
K08678,2
K05039,2
K04412,2
K05674,2
K01899,2
K09511,2
K06669,2
K14440,2
K10704,2
K13444,2
K05016,2
K14575,2
K12835,2
K05661,2
K05643,2
K12614,2
K12737,2
K01136,2
K17725,2
K17681,2
K15788,2
K10858,2
K01565,2
K00830,2
K00234,2
K12813,2
K05542,2
K03935,2
K01836,2
K12392,2
K13116,2
K09565,2
K04409,2
K08737,2
K06944,2
K11665,2
K01365,2
K14286,2
K03680,2
K11600,2
K07466,2
K12603,2
K11826,2
K11643,2
K05673,2
K11131,2
K16365,2
K07766,2
K15335,2
K12811,2
K13431,2
K03164,2
K14326,2
K08981,2
K03293,2
K03762,2
K08093,2
K00130,2
K12503,2
K10234,2
K09936,2
K03652,2
K00712,2
K03811,2
K02614,2
K00886,2
K00098,2
K13280,2
K07132,2
K11216,2
K17213,2
K03082,2
K02445,2
K03683,2
K02567,2
K02573,2
K01910,2
K09798,2
K14392,2
K06077,2
K02436,2
K03486,2
K03972,2
K03519,2
K03399,2
K00158,2
K03328,2
K16962,2
K11041,2
K05396,2
K06903,2
K09797,2
K00148,2
K01500,2
K09702,2
K09992,2
K11051,2
K08139,2
K17331,2
K17330,2
K00529,2
K07492,2
K07459,2
K13016,2
K09144,2
K02082,2
K00903,2
K01178,2
K05606,2
K07273,2
K03758,2
K02617,2
K13930,2
K03366,2
K17737,2
K06445,2
K11734,2
K17450,2
K15334,2
K15711,2
K08850,2
K15507,2
K14154,2
K09503,2
K05351,2
K15083,2
K08150,2
K08294,2
K03231,2
K15394,2
K12767,2
K14663,2
K07041,2
K01905,2
K03041,2
K00054,2
K03826,2
K03472,2
K07467,2
K02848,2
K16871,2
K05772,2
K02587,2
K03815,2
K13587,2
K00114,2
K00570,2
K00531,2
K12994,2
K01917,2
K02856,2
K05681,2
K00899,2
K01557,2
K13998,2
K07505,2
K14060,2
K03780,2
K03779,2
K16243,2
K00055,2
K09384,2
K03810,2
K17641,2
K16139,2
K17242,2
K16879,2
K15598,2
K03932,2
K07051,2
K00315,2
K00944,2
K05641,2
K09485,2
K00251,2
K05031,2
K09516,2
K05672,2
K11727,2
K14210,2
K04407,2
K05668,2
K13402,2
K01542,2
K13178,2
K17570,2
K05650,2
K14756,2
K09519,2
K15120,2
K04650,2
K13535,2
K08968,2
K01268,2
K00218,2
K05588,2
K11952,2
K14127,2
K11181,2
K11908,2
K09692,2
K17810,2
K13582,2
K02839,2
K17210,2
K07455,2
K05340,2
K07266,2
K10715,2
K13815,2
K03693,2
K17216,2
K02243,2
K07248,2
K09681,2
K13533,2
K07692,2
K00224,2
K01904,2
K05499,2
K17734,2
K00584,2
K07494,2
K12468,2
K12743,2
K02745,2
K02750,2
K02744,2
K12531,2
K07686,2
K16846,2
K11529,2
K04479,2
K04788,2
K08322,2
K13412,2
K06119,2
K13034,2
K16051,2
K12955,2
K00044,2
K05651,2
K01544,2
K13922,2
K15585,2
K10672,2
K00132,2
K00701,2
K16788,2
K07706,2
K05804,2
K17640,2
K03491,2
K07757,2
K17206,2
K04780,2
K02381,2
K14051,2
K14659,2
K16169,2
K12996,2
K11614,2
K10708,2
K00043,2
K02547,2
K07771,2
K08692,2
K13243,2
K10681,2
K13607,2
K11201,2
K13923,2
K08320,2
K07700,2
K07701,2
K03289,2
K00138,2
K07709,2
K04115,2
K04789,2
K14698,2
K14215,2
K01964,2
K12988,2
K15660,2
K15850,2
K10682,2
K01974,1
K15551,1
K13778,1
K01476,1
K16165,1
K01483,1
K11472,1
K06140,1
K01061,1
K01638,1
K01095,1
K04782,1
K03179,1
K17323,1
K04046,1
K00371,1
K01246,1
K01147,1
K03806,1
K07165,1
K03557,1
K02459,1
K07397,1
K16137,1
K08261,1
K09017,1
K04754,1
K03190,1
K06892,1
K13482,1
K01525,1
K00480,1
K02221,1
K00940,1
K09888,1
K03761,1
K03113,1
K13771,1
K02526,1
K13889,1
K03841,1
K05561,1
K05788,1
K01028,1
K03408,1
K00684,1
K07038,1
K06979,1
K02048,1
K15554,1
K01772,1
K04764,1
K13529,1
K09788,1
K01003,1
K07290,1
K02909,1
K04565,1
K09005,1
K14682,1
K02047,1
K10979,1
K07006,1
K01713,1
K06999,1
K06175,1
K01631,1
K01682,1
K08305,1
K01194,1
K00372,1
K09889,1
K02533,1
K00697,1
K07093,1
K07220,1
K03634,1
K02902,1
K13979,1
K07722,1
K01429,1
K03187,1
K03189,1
K00004,1
K02655,1
K03060,1
K10563,1
K01706,1
K01474,1
K02169,1
K08369,1
K01032,1
K01031,1
K02624,1
K09800,1
K07115,1
K10806,1
K05597,1
K14333,1
K03435,1
K03928,1
K02422,1
K02556,1
K02388,1
K06998,1
K09928,1
K01058,1
K07458,1
K11711,1
K02914,1
K08965,1
K09685,1
K10543,1
K00294,1
K00483,1
K02549,1
K07502,1
K10857,1
K03741,1
K12510,1
K00588,1
K10556,1
K10557,1
K08368,1
K01720,1
K00958,1
K01975,1
K08969,1
K00619,1
K03337,1
K02446,1
K10218,1
K06384,1
K06394,1
K06393,1
K08680,1
K06888,1
K09457,1
K03093,1
K05311,1
K02099,1
K17315,1
K03706,1
K00392,1
K02076,1
K02075,1
K07590,1
K07067,1
K10027,1
K07078,1
K14189,1
K16876,1
K12500,1
K17472,1
K06297,1
K02589,1
K00367,1
K02482,1
K00082,1
K13640,1
K06990,1
K04651,1
K07081,1
K06883,1
K07216,1
K03471,1
K01423,1
K14191,1
K09537,1
K10684,1
K04794,1
K05324,1
K01922,1
K07512,1
K00621,1
K08818,1
K06971,1
K14258,1
K10737,1
K04556,1
K03350,1
K02932,1
K02212,1
K07378,1
K01137,1
K04373,1
K00710,1
K12261,1
K12309,1
K03509,1
K03066,1
K10866,1
K13148,1
K09580,1
K01530,1
K02894,1
K15159,1
K07203,1
K06961,1
K08635,1
K09512,1
K03124,1
K15791,1
K17732,1
K08741,1
K14306,1
K00907,1
K02937,1
K00967,1
K06068,1
K07188,1
K12735,1
K06636,1
K02898,1
K02984,1
K10414,1
K13338,1
K14768,1
K00254,1
K09506,1
K02927,1
K09228,1
K09680,1
K12829,1
K04413,1
K17391,1
K10779,1
K11251,1
K12393,1
K12870,1
K06672,1
K06641,1
K03942,1
K15442,1
K06210,1
K03260,1
K09540,1
K10742,1
K02998,1
K13800,1
K13117,1
K02985,1
K11687,1
K01099,1
K15710,1
K14607,1
K09569,1
K14206,1
K13113,1
K15109,1
K11320,1
K01519,1
K09531,1
K14951,1
K13024,1
K00815,1
K12598,1
K06027,1
K00933,1
K08683,1
K04984,1
K05318,1
K09529,1
K09497,1
K09131,1
K17231,1
K04351,1
K00235,1
K11338,1
K12891,1
K00106,1
K12741,1
K14950,1
K17542,1
K03955,1
K13102,1
K14437,1
K01518,1
K02137,1
K10730,1
K15407,1
K12504,1
K11832,1
K13421,1
K08852,1
K12852,1
K15865,1
K02866,1
K00968,1
K10380,1
K15296,1
K09560,1
K00587,1
K11294,1
K01049,1
K17541,1
K10686,1
K02324,1
K06874,1
K02209,1
K01482,1
K00922,1
K03679,1
K02868,1
K14779,1
K15043,1
K05294,1
K13026,1
K10800,1
K15421,1
K03257,1
K14717,1
K09567,1
K04646,1
K09499,1
K14407,1
K04799,1
K04708,1
K14857,1
K02882,1
K10251,1
K11886,1
K02542,1
K04430,1
K17623,1
K14753,1
K02541,1
K03884,1
K03316,1
K09019,1
K09125,1
K01857,1
K05845,1
K03824,1
K13527,1
K09940,1
K00153,1
K07077,1
K00368,1
K07177,1
K10006,1
K10007,1
K13950,1
K05570,1
K06996,1
K09793,1
K02083,1
K03325,1
K08225,1
K02363,1
K00216,1
K11531,1
K06039,1
K09906,1
K05802,1
K03839,1
K00325,1
K07230,1
K02565,1
K07121,1
K03326,1
K11005,1
K03583,1
K07084,1
K02441,1
K05787,1
K07640,1
K08306,1
K02568,1
K07308,1
K09997,1
K01646,1
K00557,1
K13637,1
K02194,1
K02197,1
K02198,1
K04014,1
K13283,1
K08159,1
K01096,1
K09160,1
K10110,1
K10109,1
K10108,1
K02024,1
K02774,1
K12992,1
K06904,1
K09770,1
K13626,1
K04835,1
K03716,1
K06917,1
K09749,1
K16950,1
K00395,1
K03301,1
K07504,1
K16164,1
K09472,1
K08299,1
K01318,1
K07341,1
K16148,1
K08173,1
K06188,1
K01727,1
K16922,1
K08482,1
K09924,1
K15855,1
K12454,1
K06927,1
K00066,1
K13796,1
K07639,1
K12508,1
K07267,1
K04093,1
K06192,1
K08151,1
K16345,1
K11731,1
K06447,1
K04030,1
K09960,1
K00131,1
K12844,1
K01702,1
K02987,1
K16261,1
K03021,1
K08856,1
K01282,1
K07748,1
K12659,1
K17678,1
K00861,1
K00122,1
K03242,1
K11701,1
K02893,1
K14565,1
K08486,1
K03511,1
K08176,1
K01240,1
K12608,1
K15454,1
K15255,1
K08330,1
K05389,1
K15331,1
K06116,1
K15172,1
K17743,1
K14264,1
K14564,1
K14002,1
K02900,1
K05355,1
K11786,1
K10725,1
K07332,1
K07446,1
K09155,1
K16318,1
K04801,1
K04800,1
K15904,1
K03167,1
K00952,1
K07559,1
K07472,1
K02242,1
K14048,1
K08177,1
K15898,1
K16074,1
K01567,1
K00255,1
K07798,1
K07128,1
K10019,1
K10020,1
K05773,1
K02594,1
K02586,1
K02588,1
K02585,1
K13503,1
K11532,1
K08344,1
K09138,1
K13588,1
K08358,1
K14987,1
K10236,1
K07675,1
K02448,1
K04748,1
K02793,1
K05800,1
K05922,1
K05345,1
K08365,1
K12235,1
K12316,1
K11127,1
K01054,1
K14811,1
K01062,1
K13408,1
K10554,1
K10553,1
K07465,1
K00137,1
K08172,1
K05791,1
K07026,1
K06984,1
K09740,1
K05774,1
K06164,1
K17316,1
K16370,1
K07650,1
K00881,1
K08153,1
K09126,1
K02022,1
K09607,1
K06019,1
K17202,1
K03520,1
K06606,1
K00862,1
K12568,1
K06823,1
K04257,1
K09508,1
K05717,1
K06238,1
K09538,1
K17495,1
K01513,1
K01135,1
K04433,1
K09507,1
K15978,1
K06525,1
K05667,1
K12375,1
K14683,1
K15980,1
K01050,1
K13616,1
K12047,1
K15259,1
K05105,1
K07514,1
K08784,1
K12374,1
K01275,1
K16630,1
K13236,1
K05604,1
K15680,1
K14436,1
K08131,1
K08239,1
K14444,1
K17531,1
K08135,1
K05869,1
K11539,1
K10068,1
K08785,1
K13966,1
K01125,1
K11153,1
K17820,1
K08568,1
K11809,1
K01371,1
K07848,1
K01132,1
K05654,1
K05665,1
K05653,1
K17382,1
K08145,1
K08144,1
K01210,1
K15920,1
K08286,1
K09246,1
K13633,1
K13063,1
K15924,1
K03933,1
K01630,1
K00695,1
K03383,1
K05578,1
K14475,1
K03403,1
K09835,1
K03428,1
K10960,1
K06946,1
K16886,1
K16885,1
K17051,1
K10023,1
K10022,1
K14591,1
K09818,1
K05796,1
K12507,1
K12256,1
K14623,1
K08717,1
K09688,1
K11618,1
K13767,1
K02245,1
K16173,1
K03480,1
K06307,1
K01376,1
K17100,1
K09963,1
K06351,1
K16306,1
K11260,1
K03044,1
K08252,1
K14541,1
K01656,1
K06667,1
K13939,1
K00354,1
K01405,1
K16567,1
K16556,1
K05886,1
K02623,1
K11080,1
K03482,1
K12285,1
K11192,1
K02746,1
K12530,1
K08154,1
K08313,1
K12995,1
K05880,1
K08255,1
K01002,1
K08298,1
K05308,1
K14465,1
K02430,1
K16957,1
K16856,1
K16292,1
K05282,1
K12447,1
K01366,1
K16290,1
K15777,1
K13680,1
K08081,1
K05359,1
K15889,1
K14424,1
K05894,1
K15919,1
K15893,1
K15362,1
K05556,1
K01044,1
K16617,1
K05659,1
K13370,1
K05660,1
K13368,1
K04963,1
K05649,1
K09513,1
K05642,1
K08700,1
K11084,1
K04032,1
K04028,1
K11706,1
K02759,1
K11744,1
K11522,1
K07495,1
K04027,1
K01407,1
K03481,1
K17624,1
K17735,1
K02468,1
K13820,1
K16924,1
K12684,1
K08314,1
K11923,1
K12660,1
K13918,1
K15452,1
K15066,1
K13678,1
K03623,1
K02538,1
K17195,1
K05914,1
K00032,1
K02550,1
K03756,1
K16920,1
K15721,1
K11444,1
K13491,1
K05342,1
K14054,1
K12975,1
K01506,1
K17758,1
K16043,1
K13611,1
K13614,1
K06320,1
K17236,1
K06291,1
K11634,1
K03339,1
K06608,1
K11626,1
K10985,1
K16710,1
K01220,1
K03851,1
K12238,1
K00934,1
K14089,1
K03444,1
K09469,1
K01216,1
K10709,1
K10121,1
K14087,1
K14091,1
K14067,1
K11249,1
K17722,1
K09994,1
K11330,1
K13952,1
K12526,1
K10620,1
K02855,1
K16792,1
K11202,1
K02753,1
K11528,1
K16293,1
K15913,1
K04021,1
K04025,1
K08326,1
K15735,1
K03487,1
K12943,1
K12983,1
K03280,1
K12949,1
K10815,1
K00183,1
K13380,1
K14451,1
K16700,1
K04114,1
K04108,1
K08570,1
K12053,1
K17064,1
K01954,1
K16177,1
K14106,1
K14107,1
K00204,1
K07656,1
K16955,1
K17314,1
K11917,1
K12548,1
K15395,1
K12998,1
K10827,1
