K02014,1131
K01190,687
K05349,640
K06147,548
K03296,533
K02004,438
K01990,413
K03088,404
K03169,382
K00936,368
K12373,368
K02003,324
K01955,315
K01187,296
K01206,289
K07636,262
K02355,256
K06158,252
K01870,238
K03043,238
K03695,236
K03046,234
K07133,229
K03701,227
K02337,226
K15738,226
K03070,217
K01915,215
K02469,211
K03657,209
K03654,206
K03696,202
K00688,201
K01811,197
K01278,193
K00951,188
K03797,187
K01897,185
K01952,184
K01284,183
K00656,180
K01872,179
K04759,177
K03737,174
K00266,173
K02470,172
K01873,171
K03168,170
K01869,169
K07407,169
K02483,168
K09955,168
K03655,164
K01992,164
K01338,163
K16089,162
K03798,159
K12308,158
K01209,158
K03555,157
K03723,156
K00850,154
K00527,154
K07720,154
K03497,151
K02335,149
K01874,148
K00548,146
K07658,146
K00937,145
K02529,145
K02056,143
K02013,143
K10441,142
K04567,138
K01534,138
K03496,137
K08303,137
K07657,136
K01537,136
K15923,133
K04079,132
K00615,132
K00265,131
K00962,131
K02025,131
K05989,131
K02519,130
K12573,130
K01960,130
K06959,129
K11085,129
K01006,129
K03205,129
K02005,128
K01847,127
K00525,126
K00700,126
K17686,125
K02622,125
K01262,123
K05366,119
K00100,119
K03499,118
K01951,117
K03100,117
K00705,117
K01153,116
K00058,116
K01868,116
K07085,116
K06207,115
K01890,115
K02481,115
K00873,114
K02032,112
K03545,111
K02016,111
K00059,110
K01647,110
K01710,110
K06168,109
K04077,109
K03703,109
K01652,109
K03702,109
K04066,109
K01662,107
K05592,107
K02621,106
K02026,106
K06950,105
K00789,105
K00382,105
K01966,105
K03150,105
K02049,104
K02028,104
K01533,104
K15633,104
K01835,104
K00812,103
K01887,102
K00566,102
K07667,101
K03596,101
K00764,101
K01876,101
K02314,100
K07277,100
K00602,99
K01681,98
K07024,98
K16787,98
K12257,98
K03308,98
K03310,98
K03215,97
K07456,97
K01205,97
K05970,97
K02117,96
K00088,94
K00384,94
K00029,93
K01945,93
K01972,93
K11072,93
K02030,92
K03585,92
K03544,92
K00928,92
K01854,92
K01687,91
K06889,91
K01270,91
K01130,91
K03495,90
K03587,90
K01953,90
K03699,90
K01784,89
K06180,89
K01740,89
K07263,89
K00540,89
K00174,89
K00284,89
K05515,88
K01961,88
K01192,88
K07665,87
K00971,87
K01610,87
K04043,86
K04763,86
K02316,86
K03526,86
K01885,86
K02343,86
K01883,86
K00239,86
K03324,86
K01880,86
K07678,86
K06871,86
K07646,85
K00721,85
K00257,85
K08676,85
K02495,84
K10112,84
K01443,84
K02035,83
K02111,83
K03694,83
K00599,83
K06942,82
K01950,82
K07001,82
K00278,81
K09812,81
K01372,81
K02600,80
K03466,80
K00845,80
K01928,79
K03147,79
K03977,79
K02564,79
K03581,79
K01886,78
K01875,78
K02484,78
K03406,77
K00847,77
K01756,77
K14155,77
K05601,77
K01775,76
K01995,76
K01925,76
K01703,76
K01738,76
K01892,76
K03763,76
K01572,76
K00986,76
K04041,76
K15726,75
K01912,75
K02945,75
K12524,75
K14441,74
K00031,74
K03631,74
K17677,74
K01733,73
K03832,73
K03106,73
K00975,73
K02837,73
K01077,73
K03665,72
K08301,72
K00666,72
K03327,72
K03413,72
K02428,72
K01810,71
K06941,71
K01939,71
K01755,71
K00226,71
K07137,71
K01624,71
K03553,71
K00012,71
K06213,71
K02338,70
K07114,70
K04069,70
K01277,70
K15532,70
K01362,69
K00791,69
K03572,69
K01448,69
K02835,69
K01881,69
K01421,69
K01893,69
K01785,69
K01938,69
K00826,68
K02031,68
K00817,68
K01689,68
K03546,68
K07718,68
K02584,68
K11069,68
K01182,68
K03531,67
K01424,67
K00262,67
K04072,67
K03569,66
K07258,66
K02112,66
K07568,66
K03588,66
K00790,66
K12340,66
K03671,66
K03628,66
K09014,66
K01993,66
K02118,66
K02358,65
K07444,65
K06969,65
K01937,65
K01940,65
K00024,65
K01933,65
K07478,65
K00558,65
K03217,65
K17759,65
K02836,64
K00281,64
K02027,64
K07462,64
K09691,64
K01923,64
K07386,64
K02477,64
K00048,64
K03427,63
K01649,63
K11749,63
K00290,63
K01657,62
K01996,62
K00854,62
K03307,62
K00876,62
K01200,62
K07467,62
K01924,61
K09458,61
K01745,61
K03979,61
K07668,61
K05658,61
K07713,61
K03595,60
K01126,60
K01895,60
K01265,60
K02040,60
K03498,60
K08884,60
K10117,60
K10206,60
K01193,60
K11527,60
K01223,60
K02667,59
K01586,59
K00648,59
K03770,59
K03110,59
K00927,59
K03650,59
K01686,59
K01818,59
K03686,58
K02967,58
K03561,58
K03439,58
K07025,58
K01712,58
K14652,58
K07029,58
K00948,58
K01119,58
K00848,58
K00925,58
K01585,58
K07487,58
K02071,57
K03771,57
K02123,57
K01154,56
K01465,56
K02010,56
K03424,56
K01696,56
K00052,56
K02052,56
K03218,56
K06131,56
K01866,56
K00067,56
K15580,56
K01258,56
K00175,56
K02230,56
K11357,56
K04773,55
K02015,55
K15987,55
K01414,55
K00027,55
K09013,55
K07037,55
K01991,55
K09011,55
K01000,54
K00133,54
K00800,54
K02036,54
K06896,54
K07566,54
K00820,54
K06001,54
K01212,54
K01442,54
K06113,54
K02982,53
K03733,53
K01929,53
K03924,53
K03086,53
K00956,53
K03629,53
K06400,53
K03091,53
K16898,53
K00639,53
K02065,52
K01546,52
K01547,52
K03092,52
K01091,52
K00013,52
K13038,52
K02232,52
K02037,52
K09810,52
K00833,52
K00973,52
K11540,52
K03040,51
K00609,51
K02034,51
K01791,51
K00335,51
K00874,51
K03455,51
K06020,51
K00600,51
K00703,51
K01889,51
K03624,51
K01834,51
K00147,51
K02528,51
K01269,51
K03778,51
K02371,51
K04485,50
K01921,50
K06148,50
K02357,50
K11754,50
K02438,50
K01840,50
K03527,50
K03284,50
K10118,50
K01744,50
K01815,50
K07079,50
K07391,49
K08483,49
K05837,49
K02687,49
K07712,49
K07154,49
K01867,49
K00297,49
K13789,49
K03734,49
K07192,49
K10542,49
K17318,49
K02313,48
K03438,48
K01358,48
K00831,48
K03529,48
K02017,48
K03593,48
K00604,48
K08384,48
K01051,48
K17319,48
K03931,48
K07677,48
K00864,47
K01711,47
K01676,47
K00099,47
K01179,47
K01012,47
K00145,47
K11717,47
K06881,47
K01144,47
K06972,47
K01787,47
K00762,46
K00765,46
K00336,46
K09758,46
K15635,46
K01197,46
K00625,46
K00243,46
K06178,45
K09903,45
K00837,45
K01409,45
K03525,45
K16899,45
K01804,45
K02931,44
K07240,44
K00655,44
K00041,44
K01524,44
K07814,44
K00849,44
K10119,44
K13378,44
K15583,44
K08325,44
K08218,43
K01778,43
K07715,43
K02033,43
K01714,43
K10439,43
K02838,43
K05833,43
K06949,43
K00179,43
K00215,43
K01619,43
K03615,43
K01186,43
K13599,43
K00766,42
K03590,42
K00645,42
K00767,42
K02340,42
K00033,42
K09817,42
K00018,42
K00821,42
K03685,41
K00868,41
K08307,41
K00939,41
K04487,41
K10548,41
K00970,41
K00974,41
K03111,41
K00895,41
K10126,40
K03321,40
K00286,40
K00763,40
K00891,40
K03606,40
K01803,40
K03437,40
K00788,40
K03469,40
K09808,40
K03551,40
K02770,40
K08289,40
K04084,40
K00773,40
K00945,40
K01515,40
K03340,40
K01156,40
K03430,40
K07679,40
K02108,39
K03076,39
K02563,39
K01129,39
K13993,39
K00991,39
K11927,39
K11720,39
K01956,39
K03625,39
K07011,39
K01104,39
K03524,39
K00001,39
K00611,39
K01914,39
K08191,39
K01948,39
K07239,39
K00014,38
K00036,38
K00053,38
K03522,38
K03574,38
K00651,38
K01805,38
K03442,38
K07139,38
K01580,38
K01639,38
K00955,38
K11070,38
K02488,38
K02029,37
K03320,37
K01142,37
K00616,37
K03687,37
K09760,37
K02039,37
K02493,37
K00425,37
K01191,37
K01812,37
K05516,37
K00929,37
K01195,37
K06921,37
K01198,37
K01134,37
K01620,36
K02057,36
K00818,36
K01685,36
K03664,36
K01439,36
K01491,36
K04075,36
K03768,36
K03521,36
K00640,36
K00942,36
K00930,36
K01968,36
K02863,36
K01591,36
K09761,36
K07098,36
K02823,36
K00264,36
K07737,36
K01571,36
K04486,36
K02041,36
K16153,36
K02342,35
K03501,35
K01754,35
K00077,35
K00946,35
K07126,35
K02078,35
K02000,35
K00806,35
K03470,35
K00796,35
K02346,35
K00852,35
K00016,35
K01958,35
K03426,35
K01226,35
K17320,35
K07576,35
K07716,35
K00528,34
K02926,34
K06861,34
K02500,34
K01704,34
K09748,34
K02527,34
K02038,34
K00919,34
K00652,34
K06217,34
K03292,34
K07496,34
K00346,34
K02775,34
K02120,34
K00087,34
K00003,33
K01752,33
K02377,33
K06287,33
K06925,33
K10440,33
K07497,33
K07091,33
K03149,33
K01736,33
K00248,33
K03431,33
K03575,33
K00931,33
K03517,33
K03550,33
K02864,33
K11755,33
K01809,33
K10907,33
K07787,33
K03783,33
K07214,33
K07662,33
K01552,33
K01629,33
K11541,33
K02757,33
K04516,33
K11384,33
K02433,32
K01783,32
K01695,32
K02224,32
K02356,32
K06142,32
K01256,32
K02341,32
K03177,32
K06966,32
K01468,32
K00549,32
K03547,32
K01965,32
K03407,32
K00057,32
K00759,32
K09811,32
K03742,32
K07775,32
K00359,32
K02006,32
K10823,32
K16212,32
K00459,31
K07088,31
K00605,31
K03710,31
K06153,31
K11753,31
K03281,31
K16786,31
K02283,31
K01151,31
K01843,31
K07282,31
K05685,31
K04720,31
K07791,31
K00040,31
K12266,31
K10254,31
K07714,31
K01422,31
K07058,30
K02109,30
K01735,30
K01963,30
K00768,30
K00957,30
K07588,30
K01495,30
K01588,30
K00134,30
K11105,30
K09015,30
K12574,30
K13954,30
K01802,30
K08956,30
K06221,30
K09704,30
K01667,30
K00595,29
K01067,29
K02066,29
K02879,29
K07056,29
K00104,29
K00941,29
K00341,29
K00075,29
K13821,29
K01918,29
K00760,29
K02551,29
K07301,29
K15986,29
K06901,29
K05847,29
K07670,29
K01813,29
K13043,29
K01215,29
K15533,29
K01163,28
K05934,28
K00111,28
K06997,28
K01520,28
K00647,28
K03387,28
K05807,28
K01462,28
K07007,28
K02860,28
K11263,28
K00858,28
K02523,28
K00097,28
K00784,28
K06398,28
K00969,28
K00965,28
K01425,28
K03614,28
K16363,28
K00754,28
K00680,28
K02429,28
K16053,28
K05776,28
K02992,27
K02986,27
K05540,27
K10773,27
K00748,27
K00761,27
K01653,27
K11175,27
K06978,27
K02601,27
K03151,27
K00865,27
K03402,27
K01858,27
K00351,27
K00603,27
K11690,27
K01486,27
K07493,27
K10943,27
K07405,27
K15921,27
K05936,26
K05595,26
K06911,26
K02501,26
K01814,26
K00128,26
K02051,26
K02939,26
K02001,26
K02536,26
K00046,26
K05343,26
K07560,26
K01599,26
K04096,26
K01493,26
K00259,26
K07164,26
K01176,26
K07095,26
K07776,26
K07319,26
K04068,26
K01531,26
K03543,25
K00337,25
K02238,25
K01079,25
K07082,25
K03711,25
K00979,25
K00240,25
K07183,25
K01183,25
K11752,25
K03705,25
K00606,25
K02871,25
K15634,25
K01181,25
K03305,25
K03773,25
K06919,25
K13747,25
K01155,25
K12942,25
K11358,25
K02933,24
K02517,24
K03978,24
K07402,24
K09861,24
K03386,24
K11907,24
K13292,24
K07659,24
K00208,24
K04751,24
K11991,24
K02887,24
K09181,24
K13924,24
K00554,24
K03412,24
K02867,24
K15771,24
K10716,24
K04518,24
K03718,24
K03617,24
K03312,24
K01089,24
K11356,24
K07271,24
K02988,23
K01998,23
K07491,23
K02990,23
K07175,23
K07107,23
K00287,23
K01776,23
K02002,23
K02073,23
K00677,23
K15555,23
K02520,23
K00912,23
K09117,23
K01056,23
K00620,23
K00793,23
K03697,23
K15772,23
K07652,23
K09815,23
K17680,23
K10947,23
K10010,23
K03612,23
K04477,23
K01238,23
K10536,23
K03816,23
K08138,23
K00626,22
K01607,22
K02113,22
K02115,22
K01438,22
K03827,22
K06179,22
K00342,22
K02227,22
K03641,22
K01625,22
K05810,22
K02884,22
K01081,22
K00375,22
K07042,22
K02935,22
K01235,22
K00853,22
K03502,22
K01551,22
K01201,22
K11071,22
K02217,22
K02474,22
K00177,22
K05305,22
K07484,22
K13002,22
K01626,21
K09952,21
K02434,21
K01609,21
K04761,21
K03925,21
K06173,21
K09888,21
K07003,21
K12410,21
K06187,21
K01092,21
K06894,21
K01790,21
K01243,21
K10545,21
K06373,21
K01911,21
K06381,21
K00757,21
K07030,21
K17215,21
K07792,21
K09157,21
K03152,21
K06076,20
K01999,20
K00981,20
K02658,20
K01207,20
K01989,20
K01613,20
K00661,20
K00219,20
K03601,20
K03183,20
K05816,20
K07259,20
K00123,20
K02548,20
K03294,20
K03315,20
K08590,20
K07669,20
K03974,20
K03484,20
K01041,20
K02188,19
K00249,19
K03570,19
K03644,19
K07047,19
K03589,19
K03474,19
K03564,19
K01627,19
K07664,19
K03534,19
K00995,19
K02437,19
K01759,19
K06923,19
K07053,19
K06714,19
K01417,19
K00008,19
K07052,19
K10901,19
K16055,19
K15582,19
K03613,19
K00347,19
K07648,19
K03721,19
K03976,19
K03473,19
K01005,19
K08600,19
K02765,19
K01467,18
K02886,18
K02890,18
K06872,18
K03743,18
K02994,18
K07507,18
K03458,18
K01487,18
K14260,18
K02956,18
K00560,18
K03322,18
K03530,18
K00783,18
K06177,18
K05832,18
K00074,18
K03299,18
K03639,18
K03500,18
K03101,18
K03630,18
K06023,18
K03856,18
K11645,18
K06346,18
K00949,18
K06201,18
K02361,18
K00926,18
K00996,18
K06973,18
K07504,18
K16211,18
K08659,18
K10539,18
K13012,18
K10682,18
K03929,17
K00798,17
K06920,17
K07090,17
K02878,17
K01658,17
K02881,17
K01159,17
K02160,17
K07447,17
K04078,17
K03118,17
K01679,17
K02045,17
K01719,17
K03688,17
K04042,17
K02407,17
K03565,17
K03270,17
K06382,17
K06885,17
K01839,17
K02237,17
K09765,17
K01697,17
K12823,17
K16785,17
K05590,17
K07138,17
K00520,17
K01582,17
K11381,17
K06926,17
K05306,17
K02121,17
K00210,17
K13683,17
K13541,17
K02791,17
K12527,17
K02190,17
K10680,16
K01698,16
K02906,16
K11189,16
K03801,16
K03744,16
K03621,16
K01251,16
K07642,16
K16092,16
K02231,16
K01770,16
K01173,16
K14170,16
K02020,16
K01507,16
K01962,16
K00954,16
K01241,16
K02334,16
K07335,16
K06223,16
K12960,16
K07651,16
K09457,16
K00756,16
K08999,16
K01665,16
K03453,16
K01057,16
K13525,16
K02132,16
K03313,16
K00571,16
K03325,16
K02647,16
K05801,16
K02796,16
K02810,16
K16963,16
K06167,16
K07661,16
K00638,16
K13013,16
K01709,16
K07816,16
K12111,16
K10012,16
K07495,16
K03394,15
K02050,15
K11960,15
K01997,15
K00526,15
K02233,15
K03584,15
K00333,15
K04083,15
K03775,15
K07322,15
K07649,15
K07774,15
K03269,15
K14540,15
K05814,15
K01879,15
K06189,15
K00882,15
K07027,15
K01768,15
K03210,15
K07729,15
K01661,15
K03706,15
K01786,15
K01082,15
K01808,15
K07089,15
K05364,15
K15581,15
K07173,15
K07483,15
K03811,15
K01926,15
K14138,15
K00978,15
K03235,15
K01761,15
K00690,15
K10941,15
K10562,15
K09697,15
K09693,15
K15912,15
K02067,14
K02110,14
K01673,14
K01246,14
K00050,14
K03787,14
K03113,14
K02372,14
K13896,14
K07481,14
K03885,14
K04762,14
K00794,14
K05813,14
K00859,14
K02395,14
K05825,14
K05808,14
K00860,14
K00797,14
K05521,14
K01941,14
K01271,14
K07699,14
K05350,14
K16013,14
K02824,14
K02074,14
K02103,14
K00547,14
K07075,14
K03785,14
K07221,14
K01322,14
K12858,14
K01539,14
K15789,14
K01654,14
K02804,14
K07773,14
K02777,14
K11928,14
K00634,14
K03518,14
K00198,14
K07033,14
K10200,14
K07031,14
K02688,14
K11233,14
K07660,14
K03148,14
K08070,14
K01224,14
K00947,14
K11537,14
K07248,14
K10041,14
K01138,14
K04784,14
K16213,14
K17234,14
K14415,13
K07387,13
K02952,13
K11068,13
K02657,13
K02011,13
K10111,13
K01464,13
K00340,13
K00343,13
K02502,13
K04517,13
K09710,13
K01760,13
K02303,13
K02018,13
K03823,13
K02897,13
K01935,13
K07012,13
K06200,13
K05591,13
K14742,13
K03523,13
K06406,13
K06379,13
K09698,13
K14445,13
K01008,13
K01959,13
K00693,13
K02147,13
K00844,13
K02133,13
K02478,13
K09816,13
K07106,13
K05606,13
K00610,13
K01535,13
K08679,13
K05587,13
K05340,13
K12525,13
K06310,13
K00691,13
K02189,12
K00102,12
K02904,12
K02114,12
K03648,12
K01433,12
K01451,12
K02503,12
K01817,12
K03772,12
K07124,12
K02012,12
K07238,12
K03760,12
K01356,12
K15578,12
K07789,12
K07788,12
K00180,12
K08156,12
K01737,12
K09800,12
K08309,12
K03789,12
K03303,12
K06041,12
K03536,12
K01739,12
K11996,12
K09825,12
K06864,12
K01489,12
K01136,12
K03556,12
K07783,12
K03272,12
K02119,12
K01621,12
K17076,12
K07148,12
K10715,12
K11533,12
K15036,12
K03722,11
K06042,11
K01548,11
K03814,11
K01845,11
K07735,11
K02454,11
K08300,11
K06183,11
K13652,11
K03154,11
K03306,11
K01428,11
K10852,11
K02652,11
K02653,11
K03216,11
K14058,11
K11183,11
K03072,11
K08602,11
K07406,11
K00872,11
K06390,11
K00878,11
K00426,11
K06012,11
K01480,11
K00782,11
K04070,11
K02315,11
K01677,11
K14261,11
K14213,11
K04095,11
K05846,11
K02426,11
K07654,11
K12267,11
K07473,11
K00350,11
K00348,11
K10541,11
K03385,11
K07316,11
K00194,11
K00394,11
K05878,11
K07080,11
K16345,11
K12343,11
K17450,11
K14981,11
K03423,11
K01267,11
K05341,11
K03077,11
K13598,11
K04034,11
K01023,11
K11626,11
K15910,11
K07043,10
K07663,10
K02892,10
K03724,10
K04047,10
K02669,10
K01628,10
K05946,10
K00334,10
K00338,10
K03594,10
K13892,10
K07738,10
K00567,10
K10546,10
K00241,10
K03592,10
K12339,10
K00950,10
K06958,10
K02996,10
K00632,10
K09690,10
K03656,10
K03074,10
K03637,10
K01090,10
K01903,10
K02851,10
K01273,10
K01436,10
K16012,10
K06409,10
K07071,10
K01734,10
K03436,10
K01305,10
K01715,10
K03388,10
K11065,10
K10819,10
K03833,10
K01678,10
K09125,10
K08372,10
K15584,10
K03311,10
K10540,10
K15460,10
K12372,10
K12368,10
K02819,10
K11261,10
K06907,10
K02302,10
K08282,10
K03698,10
K03283,10
K03739,10
K11076,10
K13587,10
K02856,10
K03488,10
K07770,10
K01447,10
K01218,10
K10697,10
K12264,10
K16960,10
K17744,10
K00533,10
K15727,9
K10831,9
K15342,9
K00574,9
K03568,9
K07711,9
K02805,9
K00135,9
K13590,9
K00823,9
K03286,9
K01485,9
K11004,9
K09461,9
K03781,9
K01297,9
K01236,9
K02072,9
K04488,9
K01684,9
K00362,9
K01749,9
K05815,9
K05896,9
K03799,9
K02396,9
K01470,9
K07502,9
K10188,9
K07105,9
K00980,9
K06902,9
K02619,9
K01529,9
K00011,9
K12309,9
K03018,9
K05657,9
K10900,9
K08955,9
K00060,9
K00383,9
K10558,9
K16087,9
K03582,9
K00010,9
K00349,9
K01048,9
K16066,9
K07862,9
K08974,9
K07704,9
K01299,9
K09695,9
K09807,9
K01632,9
K07005,9
K17716,9
K07644,9
K02473,9
K03415,9
K11443,9
K09759,9
K15051,9
K12528,9
K05971,9
K06940,8
K17103,8
K00681,8
K02895,8
K07684,8
K06182,8
K07165,8
K00537,8
K02226,8
K01496,8
K03116,8
K07567,8
K02058,8
K02968,8
K00330,8
K00940,8
K00019,8
K13051,8
K00943,8
K03559,8
K04564,8
K02909,8
K00963,8
K02959,8
K07220,8
K02492,8
K02406,8
K02806,8
K07112,8
K02499,8
K01579,8
K00819,8
K01934,8
K07979,8
K08316,8
K01666,8
K16511,8
K06399,8
K06334,8
K13542,8
K02068,8
K06898,8
K12251,8
K03389,8
K00889,8
K08675,8
K14805,8
K00030,8
K06185,8
K01664,8
K01239,8
K03293,8
K16784,8
K14645,8
K13788,8
K02795,8
K00244,8
K16692,8
K07321,8
K07035,8
K00197,8
K09251,8
K09797,8
K01636,8
K01286,8
K01848,8
K07273,8
K15778,8
K05297,8
K01282,8
K11808,8
K11788,8
K15255,8
K07021,8
K15538,8
K07741,8
K01026,8
K06330,8
K03480,8
K04844,8
K15836,8
K13922,8
K11635,8
K03079,8
K15725,7
K03609,7
K06222,7
K02471,7
K02876,7
K07460,7
K09973,7
K03719,7
K06015,7
K04758,7
K03750,7
K00154,7
K00331,7
K06024,7
K01420,7
K08591,7
K08169,7
K02834,7
K02048,7
K00275,7
K05539,7
K10547,7
K16147,7
K00822,7
K02888,7
K00156,7
K02169,7
K08369,7
K01087,7
K00836,7
K02404,7
K07050,7
K07458,7
K07010,7
K02472,7
K07284,7
K06446,7
K10543,7
K00162,7
K03892,7
K06405,7
K10189,7
K08963,7
K00805,7
K06374,7
K13641,7
K00841,7
K15770,7
K00096,7
K06206,7
K00169,7
K07216,7
K00078,7
K07023,7
K05655,7
K13278,7
K10844,7
K00983,7
K16923,7
K07645,7
K03338,7
K02062,7
K07574,7
K13694,7
K01234,7
K15023,7
K03196,7
K10201,7
K03382,7
K07705,7
K09925,7
K08641,7
K01066,7
K01463,7
K15898,7
K01751,7
K09972,7
K02234,7
K13584,7
K01303,7
K12941,7
K17204,7
K01896,7
K01188,7
K05572,7
K07474,7
K07455,7
K16566,7
K07647,7
K15587,7
K17624,7
K17207,7
K16698,7
K15662,7
K17236,7
K07469,7
K05799,6
K02948,6
K07168,6
K16011,6
K01693,6
K07040,6
K03075,6
K00332,6
K00339,6
K02054,6
K00090,6
K03408,6
K04562,6
K07793,6
K07304,6
K09788,6
K03367,6
K14162,6
K02046,6
K00023,6
K00627,6
K01595,6
K08083,6
K07160,6
K06442,6
K03273,6
K03672,6
K02414,6
K02557,6
K02400,6
K02405,6
K02392,6
K05838,6
K06215,6
K00857,6
K07171,6
K12510,6
K00588,6
K07009,6
K09787,6
K04061,6
K06411,6
K06967,6
K07015,6
K07250,6
K03704,6
K11145,6
K13787,6
K07078,6
K02800,6
K03186,6
K02482,6
K03800,6
K01042,6
K13444,6
K10742,6
K02145,6
K15376,6
K00729,6
K14776,6
K06989,6
K10008,6
K03790,6
K05565,6
K07393,6
K13280,6
K00042,6
K01573,6
K03839,6
K01788,6
K02779,6
K17213,6
K03732,6
K01643,6
K02199,6
K12371,6
K07461,6
K09163,6
K16789,6
K03700,6
K09749,6
K07219,6
K07166,6
K05879,6
K10202,6
K09702,6
K11050,6
K00015,6
K13017,6
K17489,6
K08484,6
K12541,6
K02203,6
K01392,6
K17069,6
K01427,6
K15888,6
K09939,6
K00786,6
K03780,6
K12554,6
K05781,6
K07404,6
K01844,6
K13010,6
K07769,6
K08479,6
K10192,6
K10194,6
K10193,6
K02750,6
K13059,6
K14489,6
K10231,6
K05882,6
K15531,6
K12996,6
K17235,6
K02547,6
K04086,6
K15850,6
K01295,5
K02435,5
K06143,5
K02961,5
K01971,5
K02444,5
K03667,5
K02963,5
K03753,5
K03975,5
K04087,5
K11177,5
K02055,5
K03558,5
K13953,5
K00311,5
K07516,5
K01644,5
K01069,5
K09747,5
K01708,5
K03578,5
K00428,5
K02970,5
K03831,5
K03602,5
K08310,5
K03282,5
K01633,5
K02412,5
K03549,5
K01589,5
K03735,5
K10544,5
K06877,5
K09762,5
K11184,5
K07693,5
K10555,5
K06518,5
K06196,5
K06960,5
K04094,5
K02446,5
K00772,5
K01449,5
K00282,5
K03429,5
K01916,5
K17315,5
K02304,5
K02069,5
K07777,5
K09121,5
K04656,5
K13963,5
K01758,5
K14810,5
K13091,5
K05038,5
K00288,5
K05853,5
K10899,5
K14439,5
K00803,5
K00966,5
K00972,5
K10706,5
K09527,5
K06174,5
K00968,5
K07004,5
K10241,5
K07768,5
K00758,5
K09936,5
K07045,5
K07727,5
K15521,5
K09772,5
K00302,5
K12297,5
K15984,5
K02504,5
K02193,5
K13409,5
K01668,5
K07017,5
K13626,5
K00005,5
K05895,5
K15497,5
K16950,5
K05299,5
K10778,5
K02021,5
K01222,5
K03478,5
K13990,5
K07170,5
K13015,5
K11475,5
K00657,5
K01702,5
K15711,5
K05663,5
K00065,5
K14807,5
K01663,5
K00129,5
K05884,5
K02122,5
K02242,5
K03826,5
K15894,5
K00002,5
K00676,5
K05795,5
K17074,5
K12381,5
K11231,5
K11908,5
K10038,5
K09692,5
K14623,5
K13532,5
K01838,5
K01932,5
K00532,5
K09963,5
K16850,5
K17734,5
K10195,5
K06156,5
K08255,5
K14664,5
K10797,5
K15024,5
K11631,5
K00132,5
K02761,5
K10824,5
K01220,5
K02172,5
K13921,5
K13923,5
K05362,5
K14414,4
K03608,4
K09951,4
K03571,4
K02946,4
K01095,4
K03271,4
K00370,4
K06596,4
K12452,4
K01488,4
K01007,4
K02053,4
K01053,4
K05520,4
K13890,4
K10764,4
K06890,4
K00658,4
K06891,4
K00901,4
K00684,4
K09790,4
K15553,4
K02858,4
K07305,4
K02047,4
K03767,4
K03786,4
K01070,4
K00795,4
K00252,4
K02902,4
K03189,4
K02654,4
K06133,4
K01878,4
K05597,4
K02397,4
K01611,4
K00982,4
K01902,4
K02443,4
K01304,4
K06295,4
K07533,4
K09967,4
K01354,4
K10190,4
K07742,4
K06408,4
K06413,4
K06407,4
K06888,4
K10026,4
K06975,4
K02077,4
K03784,4
K02768,4
K00367,4
K03274,4
K06281,4
K01581,4
K04655,4
K08978,4
K05995,4
K01189,4
K06236,4
K13179,4
K15173,4
K09680,4
K13201,4
K08660,4
K00049,4
K13126,4
K12741,4
K11787,4
K10771,4
K13116,4
K15441,4
K09552,4
K14407,4
K06693,4
K03883,4
K07736,4
K05845,4
K05568,4
K02424,4
K07118,4
K08217,4
K13926,4
K05802,4
K09824,4
K07666,4
K04691,4
K00325,4
K00324,4
K03326,4
K03476,4
K03336,4
K12984,4
K07640,4
K02794,4
K09022,4
K14392,4
K12141,4
K12370,4
K12369,4
K16371,4
K02008,4
K12992,4
K06956,4
K01085,4
K01846,4
K07813,4
K02191,4
K10670,4
K01308,4
K00385,4
K16951,4
K03658,4
K08323,4
K09992,4
K16148,4
K06188,4
K01060,4
K00529,4
K07492,4
K03973,4
K07315,4
K03451,4
K05783,4
K13721,4
K05546,4
K09503,4
K05351,4
K03231,4
K06937,4
K00855,4
K06987,4
K02587,4
K14980,4
K07513,4
K09384,4
K02124,4
K03404,4
K01133,4
K13829,4
K01131,4
K14210,4
K14351,4
K09519,4
K15920,4
K06970,4
K17246,4
K11329,4
K07309,4
K12507,4
K17810,4
K09689,4
K13815,4
K10559,4
K14534,4
K17240,4
K11192,4
K02744,4
K07806,4
K12530,4
K02769,4
K06074,4
K01002,4
K16926,4
K15600,4
K04788,4
K15849,4
K13981,4
K01699,4
K00633,4
K10793,4
K07706,4
K09474,4
K11104,4
K12555,4
K00932,4
K16209,4
K06155,4
K16793,4
K03930,4
K07700,4
K03289,4
K14983,4
K07709,4
K10909,4
K12341,4
K00799,3
K13777,3
K03566,3
K01750,3
K11963,3
K01426,3
K00390,3
K02950,3
K17325,3
K00020,3
K02535,3
K02825,3
K16137,3
K09017,3
K01523,3
K02518,3
K00344,3
K13483,3
K07638,3
K13889,3
K01266,3
K15256,3
K01255,3
K07486,3
K01659,3
K00140,3
K03616,3
K14267,3
K00674,3
K01807,3
K04044,3
K13643,3
K06175,3
K05921,3
K01194,3
K00697,3
K01011,3
K05367,3
K13288,3
K01430,3
K03060,3
K10563,3
K01706,3
K03089,3
K09989,3
K07464,3
K10002,3
K06726,3
K04045,3
K00253,3
K02416,3
K02410,3
K02409,3
K02398,3
K01501,3
K08304,3
K00641,3
K06412,3
K07571,3
K02798,3
K06306,3
K00958,3
K07099,3
K06378,3
K00283,3
K07584,3
K11733,3
K05939,3
K06387,3
K02490,3
K05823,3
K07150,3
K02282,3
K07243,3
K00564,3
K00356,3
K03465,3
K09124,3
K04652,3
K01139,3
K04651,3
K06883,3
K03182,3
K01423,3
K14571,3
K00816,3
K11594,3
K15332,3
K14778,3
K00654,3
K08635,3
K09512,3
K00967,3
K15013,3
K05662,3
K12657,3
K06184,3
K14777,3
K05661,3
K17286,3
K01565,3
K13107,3
K09487,3
K01930,3
K15192,3
K12811,3
K14326,3
K11741,3
K02566,3
K10242,3
K12506,3
K14761,3
K03727,3
K00153,3
K09684,3
K02614,3
K10009,3
K03579,3
K07132,3
K08321,3
K07726,3
K08476,3
K08722,3
K02007,3
K03748,3
K10678,3
K07084,3
K07014,3
K04765,3
K09789,3
K02278,3
K08159,3
K03475,3
K01497,3
K10109,3
K03580,3
K06385,3
K09768,3
K14084,3
K13638,3
K08302,3
K16164,3
K08234,3
K10677,3
K08299,3
K02081,3
K07341,3
K01727,3
K07459,3
K13018,3
K09144,3
K02082,3
K00186,3
K01178,3
K00322,3
K09935,3
K12063,3
K00131,3
K03830,3
K10841,3
K14002,3
K09490,3
K09155,3
K09002,3
K09482,3
K00839,3
K01592,3
K11688,3
K08177,3
K07798,3
K02588,3
K11074,3
K06909,3
K02793,3
K01917,3
K11538,3
K07505,3
K03779,3
K05903,3
K01039,3
K05830,3
K15016,3
K06162,3
K12536,3
K06857,3
K02431,3
K10942,3
K04767,3
K03520,3
K06606,3
K00944,3
K13616,3
K09516,3
K13178,3
K05664,3
K03121,3
K13799,3
K11781,3
K17245,3
K09766,3
K06079,3
K01615,3
K05499,3
K10561,3
K14541,3
K16555,3
K01232,3
K13479,3
K11392,3
K00209,3
K16328,3
K07772,3
K08322,3
K13749,3
K05660,3
K04024,3
K10672,3
K02760,3
K02489,3
K17073,3
K13735,3
K01819,3
K07482,3
K17067,3
K04780,3
K08314,3
K12999,3
K11630,3
K14051,3
K14520,3
K08351,3
K17758,3
K06322,3
K10708,3
K15654,3
K00043,3
K13001,3
K03444,3
K15534,3
K11934,3
K17063,3
K14978,3
K10681,3
K12678,3
K07310,3
K14982,3
K14081,3
K07452,3
K00689,3
K04789,3
K13797,3
K16177,3
K02545,3
K12988,3
K13069,2
K05596,2
K00261,2
K11921,2
K00432,2
K02965,2
K02821,2
K03179,2
K17324,2
K02874,2
K02954,2
K02907,2
K04046,2
K03769,2
K00856,2
K03557,2
K08261,2
K03457,2
K06016,2
K00034,2
K13481,2
K01494,2
K03980,2
K09773,2
K01640,2
K00573,2
K07708,2
K11891,2
K02526,2
K07749,2
K07552,2
K03640,2
K06199,2
K06915,2
K07262,2
K17752,2
K04764,2
K01908,2
K01259,2
K06181,2
K01919,2
K15012,2
K00121,2
K07246,2
K12972,2
K08223,2
K00151,2
K00575,2
K02913,2
K13979,2
K00427,2
K00989,2
K00924,2
K03342,2
K07152,2
K07141,2
K09001,2
K10004,2
K01046,2
K01969,2
K09858,2
K02420,2
K02417,2
K02411,2
K02422,2
K02556,2
K02401,2
K02388,2
K02390,2
K05794,2
K03073,2
K07102,2
K03736,2
K08681,2
K05985,2
K04769,2
K03483,2
K00294,2
K03741,2
K16925,2
K08222,2
K04074,2
K03410,2
K06410,2
K13888,2
K03337,2
K10217,2
K06208,2
K06397,2
K06393,2
K08680,2
K03709,2
K00556,2
K05311,2
K00867,2
K02099,2
K04116,2
K06045,2
K00146,2
K03708,2
K14189,2
K02589,2
K07303,2
K07442,2
K07083,2
K03390,2
K07076,2
K13640,2
K08281,2
K00124,2
K00086,2
K00172,2
K09949,2
K00694,2
K03777,2
K05864,2
K08869,2
K13095,2
K01432,2
K11517,2
K13750,2
K00863,2
K05048,2
K03255,2
K01900,2
K13338,2
K08678,2
K13566,2
K14809,2
K01899,2
K08740,2
K12405,2
K02540,2
K04550,2
K12733,2
K12812,2
K09540,2
K08656,2
K11592,2
K01229,2
K13181,2
K01598,2
K17043,2
K11230,2
K09488,2
K10877,2
K10380,2
K14779,2
K03660,2
K17623,2
K10798,2
K00045,2
K03316,2
K03300,2
K03762,2
K08094,2
K00130,2
K03824,2
K13527,2
K13571,2
K02440,2
K09118,2
K13950,2
K07245,2
K00886,2
K06996,2
K02083,2
K08194,2
K01608,2
K07448,2
K11216,2
K13695,2
K05365,2
K02445,2
K04085,2
K03803,2
K07270,2
K07674,2
K02843,2
K01646,2
K01910,2
K02194,2
K07172,2
K12137,2
K10110,2
K02773,2
K12997,2
K03199,2
K03486,2
K03972,2
K00176,2
K02009,2
K00196,2
K06934,2
K03328,2
K02844,2
K06897,2
K07443,2
K11710,2
K03090,2
K07217,2
K09472,2
K02042,2
K02044,2
K02476,2
K01318,2
K06605,2
K04749,2
K08139,2
K02182,2
K00590,2
K06859,2
K00187,2
K03309,2
K13810,2
K03416,2
K03405,2
K09922,2
K02617,2
K04103,2
K01782,2
K11731,2
K13730,2
K01263,2
K14152,2
K17679,2
K09510,2
K01694,2
K14154,2
K12608,2
K15331,2
K17743,2
K14262,2
K13501,2
K10725,2
K07332,2
K05919,2
K03042,2
K03420,2
K15876,2
K02572,2
K14048,2
K00076,2
K15974,2
K02594,2
K07257,2
K14987,2
K10237,2
K10238,2
K14448,2
K12994,2
K04771,2
K08092,2
K11127,2
K17609,2
K13998,2
K14811,2
K00079,2
K12217,2
K07653,2
K05791,2
K06983,2
K17317,2
K01730,2
K15598,2
K06019,2
K17203,2
K06237,2
K11150,2
K16891,2
K13049,2
K01210,2
K08286,2
K07059,2
K00917,2
K00596,2
K03087,2
K11958,2
K11957,2
K17062,2
K10037,2
K10036,2
K10040,2
K12256,2
K17217,2
K02243,2
K06403,2
K09681,2
K02598,2
K10810,2
K00118,2
K16849,2
K06350,2
K06351,2
K10560,2
K07392,2
K00354,2
K12989,2
K10191,2
K02364,2
K02623,2
K10011,2
K11203,2
K10537,2
K13480,2
K07689,2
K12995,2
K05880,2
K08297,2
K05308,2
K16957,2
K16044,2
K03796,2
K09696,2
K13082,2
K13448,2
K08232,2
K12355,2
K14743,2
K12406,2
K11214,2
K04031,2
K13919,2
K12420,2
K04023,2
K10795,2
K11706,2
K00701,2
K15579,2
K12953,2
K00436,2
K03481,2
K03492,2
K00068,2
K11615,2
K13531,2
K15721,2
K14659,2
K15329,2
K15661,2
K10710,2
K09809,2
K14665,2
K16592,2
K02771,2
K10121,2
K11249,2
K10550,2
K14080,2
K16792,2
K14061,2
K07251,2
K12943,2
K12983,2
K00183,2
K11383,2
K05887,2
K07471,2
K14063,2
K04115,2
K04792,2
K01954,2
K00400,2
K14122,2
K12952,2
K17061,2
K15395,2
K15552,1
K06895,1
K01596,1
K07275,1
K11962,1
K10001,1
K10125,1
K03446,1
K03673,1
K00101,1
K02670,1
K00371,1
K00373,1
K05818,1
K02558,1
K03669,1
K00299,1
K02660,1
K02460,1
K02456,1
K07397,1
K15977,1
K10228,1
K02662,1
K02666,1
K07323,1
K01792,1
K11103,1
K13482,1
K07130,1
K06879,1
K00997,1
K07181,1
K14393,1
K06194,1
K04088,1
K11892,1
K03761,1
K13771,1
K07046,1
K13891,1
K05712,1
K09767,1
K06980,1
K06075,1
K00568,1
K01584,1
K13894,1
K14287,1
K13634,1
K01028,1
K01029,1
K00990,1
K06979,1
K00381,1
K01894,1
K01772,1
K07119,1
K02916,1
K03893,1
K00851,1
K01690,1
K01003,1
K03576,1
K01707,1
K07320,1
K01713,1
K00163,1
K05874,1
K01753,1
K00355,1
K01247,1
K15034,1
K00883,1
K01631,1
K02298,1
K03411,1
K00372,1
K16135,1
K02510,1
K07799,1
K02402,1
K02498,1
K08082,1
K06013,1
K01502,1
K07722,1
K01429,1
K03829,1
K03188,1
K08311,1
K06160,1
K02379,1
K11745,1
K01055,1
K02455,1
K03802,1
K03820,1
K00457,1
K13745,1
K03435,1
K03928,1
K02421,1
K02419,1
K02386,1
K01058,1
K03969,1
K07347,1
K04090,1
K04744,1
K08998,1
K08967,1
K07313,1
K09685,1
K00009,1
K17218,1
K02549,1
K00161,1
K00231,1
K12511,1
K09779,1
K02239,1
K01457,1
K15866,1
K01975,1
K08969,1
K07535,1
K06383,1
K02385,1
K10218,1
K04073,1
K06878,1
K06395,1
K06392,1
K04076,1
K03707,1
K06438,1
K11735,1
K11936,1
K07590,1
K06962,1
K06283,1
K03048,1
K01725,1
K02279,1
K03604,1
K07508,1
K09137,1
K03620,1
K03170,1
K00170,1
K01906,1
K07403,1
K11646,1
K07096,1
K06603,1
K02170,1
K09537,1
K00274,1
K03138,1
K01593,1
K01597,1
K00621,1
K13356,1
K09553,1
K06971,1
K13025,1
K14572,1
K03350,1
K05648,1
K12820,1
K03234,1
K12261,1
K10866,1
K11367,1
K09479,1
K00827,1
K09580,1
K00591,1
K13403,1
K17599,1
K13131,1
K15159,1
K13220,1
K09502,1
K15616,1
K16329,1
K05695,1
K16308,1
K17732,1
K08741,1
K05850,1
K13811,1
K06068,1
K09523,1
K15734,1
K14163,1
K05545,1
K12619,1
K16196,1
K11778,1
K00670,1
K12736,1
K05039,1
K09228,1
K10779,1
K14440,1
K13210,1
K17675,1
K09478,1
K06641,1
K01466,1
K03165,1
K13162,1
K00643,1
K06228,1
K14319,1
K14575,1
K12835,1
K10754,1
K10691,1
K01099,1
K01512,1
K09569,1
K05643,1
K14806,1
K11320,1
K14573,1
K01519,1
K08825,1
K03627,1
K07847,1
K03243,1
K14808,1
K10357,1
K09131,1
K06943,1
K09578,1
K10858,1
K03955,1
K00234,1
K05034,1
K11422,1
K10405,1
K01518,1
K14792,1
K12854,1
K14168,1
K14835,1
K13421,1
K03935,1
K13177,1
K12818,1
K09565,1
K10875,1
K10598,1
K15361,1
K03136,1
K07441,1
K11665,1
K11166,1
K08202,1
K13524,1
K07562,1
K12603,1
K08867,1
K11643,1
K02999,1
K09518,1
K01796,1
K03257,1
K03108,1
K06674,1
K09567,1
K01410,1
K05673,1
K04646,1
K03237,1
K05849,1
K16365,1
K07766,1
K11173,1
K16302,1
K01285,1
K13431,1
K04708,1
K16474,1
K10251,1
K13940,1
K03503,1
K10234,1
K03417,1
K00712,1
K15526,1
K10805,1
K03684,1
K04092,1
K10005,1
K10007,1
K05569,1
K15372,1
K01479,1
K00098,1
K02553,1
K00216,1
K04653,1
K13498,1
K07334,1
K03632,1
K07812,1
K08475,1
K02560,1
K08992,1
K00885,1
K04774,1
K17214,1
K03082,1
K03335,1
K02562,1
K03583,1
K00631,1
K02441,1
K02521,1
K00880,1
K03563,1
K08306,1
K10914,1
K11534,1
K07306,1
K10000,1
K09997,1
K07751,1
K00557,1
K09798,1
K03548,1
K01034,1
K13637,1
K03837,1
K03314,1
K02195,1
K02198,1
K02200,1
K04014,1
K04016,1
K09909,1
K11607,1
K02063,1
K12142,1
K12138,1
K08348,1
K09974,1
K00094,1
K07285,1
K09979,1
K11910,1
K12685,1
K00171,1
K09770,1
K03519,1
K03399,1
K16651,1
K09123,1
K06209,1
K03716,1
K00158,1
K03747,1
K16962,1
K05396,1
K06903,1
K01175,1
K07272,1
K11736,1
K00148,1
K03863,1
K04757,1
K13653,1
K01453,1
K17331,1
K03818,1
K00358,1
K14059,1
K08482,1
K07223,1
K06927,1
K05817,1
K13007,1
K11102,1
K07639,1
K03185,1
K00840,1
K15125,1
K12543,1
K12658,1
K11209,1
K13929,1
K03366,1
K06192,1
K10017,1
K11734,1
K03923,1
K16261,1
K17678,1
K00861,1
K03242,1
K11701,1
K02893,1
K08150,1
K15428,1
K08736,1
K15505,1
K15628,1
K15172,1
K05824,1
K14729,1
K14264,1
K12769,1
K13830,1
K01771,1
K11786,1
K03638,1
K00054,1
K07120,1
K00255,1
K07740,1
K01729,1
K06159,1
K09007,1
K01563,1
K10021,1
K16871,1
K02585,1
K03815,1
K11532,1
K09971,1
K11073,1
K01478,1
K13581,1
K14205,1
K12252,1
K01499,1
K07225,1
K01577,1
K03852,1
K05922,1
K08365,1
K15549,1
K16911,1
K00899,1
K12316,1
K13985,1
K01777,1
K14060,1
K00055,1
K11779,1
K01040,1
K17641,1
K00366,1
K00038,1
K00441,1
K17242,1
K00137,1
K07318,1
K16324,1
K08085,1
K07108,1
K05829,1
K09740,1
K06163,1
K17316,1
K07650,1
K12700,1
K10209,1
K13540,1
K09607,1
K00112,1
K08352,1
K13497,1
K04257,1
K08809,1
K16195,1
K11499,1
K14683,1
K16499,1
K00543,1
K05604,1
K00139,1
K15680,1
K08147,1
K17531,1
K00214,1
K08149,1
K11539,1
K09491,1
K05668,1
K13402,1
K00752,1
K07753,1
K01583,1
K07529,1
K05650,1
K10388,1
K10406,1
K05275,1
K15530,1
K08968,1
K14335,1
K12429,1
K01630,1
K14164,1
K05356,1
K14475,1
K03403,1
K02637,1
K07357,1
K02852,1
K04037,1
K16885,1
K14127,1
K10974,1
K12240,1
K15509,1
K10025,1
K09820,1
K05796,1
K02839,1
K08717,1
K07266,1
K15519,1
K05967,1
K06404,1
K13533,1
K07692,1
K17100,1
K01904,1
K12940,1
K14447,1
K00113,1
K06951,1
K02485,1
K02745,1
K13490,1
K14655,1
K01656,1
K06667,1
K13939,1
K15922,1
K03482,1
K12112,1
K12285,1
K02747,1
K02746,1
K01146,1
K07784,1
K01250,1
K10538,1
K07686,1
K08313,1
K13041,1
K16870,1
K01361,1
K16846,1
K11529,1
K15039,1
K14465,1
K12254,1
K13629,1
K11930,1
K16959,1
K05875,1
K12974,1
K16200,1
K06151,1
K14432,1
K14492,1
K14491,1
K13034,1
K12951,1
K14509,1
K05894,1
K15893,1
K16016,1
K12955,1
K15743,1
K04963,1
K11161,1
K01544,1
K04029,1
K03692,1
K02854,1
K04019,1
K04032,1
K10796,1
K15585,1
K11691,1
K07719,1
K02590,1
K11629,1
K02759,1
K15586,1
K17749,1
K04786,1
K15669,1
K16788,1
K04027,1
K04020,1
K05804,1
K06924,1
K12973,1
K04783,1
K16958,1
K11328,1
K02468,1
K02783,1
K07671,1
K13419,1
K13678,1
K12269,1
K12270,1
K17195,1
K07570,1
K01208,1
K11441,1
K02550,1
K15524,1
K03191,1
K05342,1
K12956,1
K12975,1
K15646,1
K09459,1
K08279,1
K11616,1
K16169,1
K11614,1
K16248,1
K16202,1
K13275,1
K13276,1
K13611,1
K13614,1
K15667,1
K15666,1
K15663,1
K06320,1
K05346,1
K15655,1
K02788,1
K16124,1
K02615,1
K10213,1
K02173,1
K09469,1
K01492,1
K03290,1
K10122,1
K10120,1
K03080,1
K07771,1
K14088,1
K14090,1
K13004,1
K08692,1
K11021,1
K02814,1
K13243,1
K10551,1
K04785,1
K12526,1
K02855,1
K17742,1
K02782,1
K13607,1
K02753,1
K15915,1
K17467,1
K11063,1
K12945,1
K04022,1
K08326,1
K05594,1
K05877,1
K05876,1
K12147,1
K07703,1
K07643,1
K03487,1
K15829,1
K15828,1
K14762,1
K10916,1
K15022,1
K13380,1
K11739,1
K10939,1
K02080,1
K16701,1
K04114,1
K04108,1
K12146,1
K16325,1
K12556,1
K15527,1
K14698,1
K17064,1
K12738,1
K14215,1
K16179,1
K10978,1
K06939,1
K09814,1
K04478,1
K01964,1
K12987,1
K11914,1
K13746,1
