K02014,988
K06147,938
K05349,709
K01190,635
K01990,587
K03296,453
K03169,449
K02004,434
K02003,420
K00936,397
K03088,382
K01955,358
K02355,352
K01187,342
K03205,328
K07133,326
K02469,323
K01153,311
K03701,309
K03695,305
K03043,305
K03046,283
K07636,281
K03737,280
K03070,276
K03657,269
K01870,269
K01915,265
K03696,263
K02470,257
K06158,252
K02337,251
K01537,251
K01873,244
K01897,233
K04759,229
K01869,229
K00527,224
K02483,223
K01006,221
K00688,220
K03723,218
K01872,209
K03497,205
K17686,204
K11085,204
K01952,204
K02335,202
K03798,199
K01874,199
K00951,195
K01534,195
K03555,194
K15738,189
K00266,188
K16787,187
K02056,185
K02013,184
K02032,183
K12373,183
K03427,181
K00615,181
K03596,180
K00962,178
K01338,177
K00850,176
K01533,175
K07658,173
K01992,171
K03168,171
K00059,169
K01868,166
K01811,166
K02519,165
K04567,161
K08303,161
K01972,161
K04079,161
K00700,160
K00705,160
K03655,158
K03702,158
K07407,158
K03654,156
K02028,154
K04077,154
K07657,154
K10441,153
K00262,153
K01890,149
K02529,149
K03797,147
K06959,145
K04043,143
K01951,142
K06207,142
K09955,142
K00656,141
K06950,140
K02622,140
K03496,139
K01876,138
K00820,138
K01887,137
K00548,136
K02621,136
K02025,136
K00100,136
K00265,134
K00058,133
K01835,132
K02316,130
K01662,129
K10112,129
K01154,128
K01960,128
K03466,127
K01880,127
K03495,126
K07258,126
K01885,126
K02049,124
K07646,123
K01883,123
K05366,122
K04763,122
K01937,121
K03703,120
K01262,120
K01875,120
K01681,119
K07665,119
K01710,119
K07568,118
K01881,118
K03106,117
K00928,117
K00812,117
K07667,116
K07263,116
K03215,115
K07456,115
K02005,115
K14441,114
K01278,114
K05658,114
K11072,113
K00764,112
K01938,112
K00012,111
K01572,111
K05989,111
K00336,110
K07024,110
K04066,110
K07720,109
K07462,108
K15633,108
K01893,108
K06148,107
K02600,107
K00088,107
K01945,107
K01091,106
K01995,106
K01953,106
K01928,105
K01689,105
K02945,105
K01886,105
K01756,105
K03763,105
K01206,105
K04072,105
K02057,104
K07137,104
K06168,103
K03694,103
K16089,103
K06942,102
K03545,102
K00382,102
K12573,102
K00284,102
K01784,101
K02314,101
K03544,100
K05592,100
K02117,100
K05515,99
K01929,99
K02836,99
K00666,99
K01847,99
K06180,98
K07497,98
K02835,98
K01270,98
K07085,98
K03569,97
K00525,97
K02026,97
K00558,97
K03499,97
K00384,96
K00937,96
K06213,96
K05970,96
K02358,95
K03531,95
K01950,95
K07478,95
K01866,95
K02837,95
K00566,95
K00599,95
K01209,95
K01785,95
K01284,95
K01649,94
K00789,94
K03977,94
K03529,94
K00873,94
K01191,94
K02564,94
K00925,94
K02030,93
K01925,93
K01924,93
K03924,93
K01940,93
K03040,92
K01810,92
K03086,92
K02495,92
K03699,92
K02357,91
K00226,91
K03091,91
K03308,91
K01586,90
K03572,90
K01892,90
K04487,90
K00540,90
K00927,90
K15923,90
K03665,89
K00831,89
K01867,89
K03502,89
K01996,88
K03100,88
K01647,88
K01740,88
K03498,88
K06400,88
K00174,88
K02313,87
K02111,87
K00602,87
K01895,87
K02016,87
K03650,87
K02112,86
K06969,86
K02010,86
K02036,86
K06131,86
K02484,86
K00845,86
K12257,86
K00826,85
K01738,85
K01652,85
K00281,85
K09810,85
K03076,84
K03587,84
K00721,84
K07668,84
K02481,84
K00335,83
K01448,83
K00975,83
K01624,83
K12308,83
K03581,83
K07079,83
K00817,82
K03424,82
K03324,82
K03631,82
K00278,82
K03310,82
K01687,81
K01912,81
K02031,81
K00790,81
K07001,80
K00029,80
K01126,80
K03110,80
K10206,80
K03585,79
K03686,79
K03522,79
K01610,79
K01775,78
K00600,78
K09812,78
K01571,78
K01552,78
K02338,77
K00854,77
K00031,77
K01923,77
K03553,77
K03526,76
K02015,76
K07566,76
K06871,76
K01921,75
K06889,75
K01966,75
K06919,75
K02118,75
K01465,74
K00876,74
K09704,74
K02035,73
K01840,73
K03327,73
K01269,73
K16898,73
K01939,72
K01755,72
K11754,72
K02343,72
K00257,72
K01409,72
K01179,71
K02428,71
K03527,71
K03778,71
K01077,71
K09458,70
K00847,70
K00133,70
K00791,70
K00800,70
K00239,70
K00179,70
K07029,70
K00773,70
K08884,70
K03615,70
K01733,69
K03628,69
K03431,69
K06217,69
K04041,69
K15726,68
K07391,68
K03595,68
K00052,68
K01703,68
K03413,68
K01933,68
K16786,68
K06881,68
K03150,68
K07678,68
K00986,68
K01714,67
K06941,67
K00703,67
K08384,67
K06001,67
K01200,67
K06921,67
K02052,66
K01265,66
K00099,66
K11749,66
K08301,66
K14155,66
K09817,66
K02065,65
K01547,65
K01961,65
K07126,65
K11927,65
K01956,65
K02071,65
K03574,65
K00611,65
K07030,65
K01195,65
K07493,65
K07007,64
K12574,64
K04069,64
K00003,63
K00864,63
K02563,63
K00648,63
K01362,63
K02967,63
K10907,63
K01000,62
K00013,62
K06178,62
K01676,62
K00874,62
K02040,62
K03500,62
K03593,62
K03551,62
K03629,62
K00945,62
K03406,61
K09952,61
K03588,61
K05540,61
K01372,61
K00147,60
K04485,59
K01998,59
K01803,59
K15987,59
K01591,59
K03697,59
K01223,59
K00763,58
K03671,58
K06153,58
K00973,58
K00145,58
K03217,58
K01277,58
K01442,58
K07114,57
K03177,57
K00134,57
K02006,57
K02346,56
K02584,56
K00639,56
K01993,56
K01914,56
K01585,56
K01791,55
K07814,55
K00948,55
K01056,55
K09691,55
K00067,55
K07319,55
K11357,55
K03438,54
K03147,54
K13038,54
K09903,54
K07277,54
K03979,54
K00057,54
K00930,54
K02601,54
K07335,54
K17677,54
K11069,54
K00625,54
K02041,54
K08676,54
K15921,54
K00528,53
K02687,53
K00609,53
K03439,53
K02037,53
K01443,53
K00853,53
K01192,53
K05601,53
K02029,52
K00762,52
K01889,52
K01104,52
K03524,52
K00425,52
K17759,52
K01812,52
K01854,52
K00821,52
K01182,52
K07679,52
K07056,51
K07240,51
K01735,51
K02838,51
K09014,51
K16899,51
K00849,51
K00175,51
K00680,51
K07713,51
K02356,50
K00939,50
K01491,50
K00651,50
K10119,50
K07214,50
K10823,50
K17320,50
K03320,49
K02982,49
K02931,49
K01358,49
K07025,49
K00974,49
K06398,49
K03305,49
K06901,49
K01130,49
K00290,49
K01752,48
K02926,48
K08483,48
K02667,48
K02033,48
K01814,48
K03621,48
K01462,48
K08307,48
K02863,48
K01818,48
K07718,48
K11527,48
K02230,48
K01657,47
K02933,47
K00645,47
K01696,47
K03624,47
K03601,47
K03521,47
K03575,47
K07652,47
K10118,47
K01619,47
K00264,47
K07386,47
K02477,47
K03658,47
K07669,47
K00286,46
K03590,46
K03832,46
K02500,46
K00818,46
K07712,46
K00053,46
K03546,46
K02017,46
K06949,46
K00919,46
K00297,46
K09013,46
K07775,46
K07098,46
K16785,46
K01226,46
K02488,46
K05837,45
K03687,45
K00041,45
K03470,45
K09760,45
K03218,45
K03768,45
K05343,45
K02864,45
K02334,45
K01686,45
K15635,45
K01580,45
K11071,45
K01258,45
K07138,45
K09157,45
K12266,45
K00014,44
K02034,44
K06173,44
K07659,44
K00075,44
K07082,44
K01736,44
K01712,44
K12340,44
K02039,44
K04075,44
K02493,44
K03525,44
K00760,44
K11755,44
K11717,44
K01805,44
K00359,44
K02429,44
K01667,44
K11541,44
K02120,44
K02986,43
K04773,43
K01207,43
K03770,43
K00806,43
K03469,43
K01424,43
K03281,43
K03771,43
K00848,43
K13789,43
K10117,43
K01201,43
K01958,43
K12524,43
K17319,43
K01486,43
K16153,43
K07487,43
K02188,42
K03092,42
K01783,42
K01620,42
K01997,42
K02232,42
K10439,42
K00995,42
K03455,42
K00248,42
K00837,42
K06894,42
K11753,42
K04084,42
K03151,42
K00346,42
K04486,42
K10254,42
K00048,42
K07444,41
K03321,41
K00946,41
K00765,41
K01776,41
K00970,41
K00027,41
K00001,41
K15580,41
K03614,41
K15583,41
K10542,41
K05685,41
K02123,41
K00691,41
K02886,40
K03685,40
K00761,40
K02520,40
K00661,40
K06187,40
K02038,40
K01012,40
K14652,40
K03517,40
K02340,40
K00604,40
K02528,40
K03307,40
K04094,40
K03292,40
K01804,40
K02823,40
K05516,40
K00018,40
K13599,40
K01531,40
K15532,40
K06113,40
K01422,40
K07047,39
K03733,39
K02051,39
K02939,39
K00341,39
K10773,39
K03561,39
K01989,39
K01439,39
K00024,39
K06896,39
K01790,39
K00852,39
K03111,39
K00965,39
K01843,39
K11384,39
K02342,38
K02434,38
K02994,38
K01999,38
K03978,38
K10440,38
K10548,38
K11175,38
K00620,38
K03284,38
K01421,38
K03742,38
K12960,38
K03734,38
K07089,38
K11070,38
K08325,38
K17076,38
K03501,37
K02433,37
K00554,37
K00942,37
K07011,37
K00215,37
K09761,37
K02824,37
K13525,37
K05847,37
K02474,37
K17318,37
K07716,37
K15912,37
K03722,36
K01596,36
K01251,36
K06142,36
K00605,36
K02770,36
K01968,36
K03388,36
K01991,36
K01176,36
K11540,36
K00955,36
K13013,36
K16213,36
K01142,35
K06997,35
K00560,35
K02224,35
K02341,35
K01468,35
K00640,35
K09808,35
K02867,35
K01151,35
K07699,35
K03613,35
K01067,34
K02115,34
K06861,34
K06179,34
K01079,34
K01653,34
K02438,34
K01745,34
K01507,34
K00859,34
K00833,34
K10545,34
K09815,34
K08956,34
K06221,34
K00929,34
K02371,34
K01218,34
K01754,33
K03543,33
K02892,33
K01546,33
K00111,33
K00941,33
K03606,33
K07664,33
K00768,33
K05833,33
K00956,33
K12410,33
K09181,33
K01625,33
K11263,33
K00652,33
K01493,33
K03856,33
K07037,33
K07670,33
K08600,33
K03931,33
K02190,33
K02906,32
K00891,32
K11907,32
K13292,32
K01685,32
K00943,32
K07124,32
K00046,32
K02527,32
K05896,32
K02935,32
K08602,32
K00259,32
K01809,32
K01417,32
K02315,32
K01802,32
K07662,32
K01286,32
K07405,32
K07677,32
K00766,31
K02988,31
K06911,31
K13993,31
K00788,31
K00957,31
K00549,31
K07154,31
K00931,31
K00097,31
K09811,31
K06406,31
K00123,31
K01515,31
K13378,31
K10010,31
K16363,31
K10943,31
K15533,31
K01163,30
K05934,30
K07058,30
K07715,30
K07447,30
K02501,30
K03437,30
K00208,30
K15555,30
K07238,30
K14540,30
K03412,30
K00858,30
K00767,30
K01588,30
K00784,30
K06223,30
K06346,30
K09758,30
K01808,30
K00757,30
K03426,30
K00571,30
K01926,30
K01813,30
K11358,30
K01948,30
K07239,30
K02108,29
K01711,29
K04083,29
K03664,29
K04517,29
K00219,29
K07588,29
K01119,29
K04042,29
K01090,29
K00971,29
K01734,29
K01144,29
K07787,29
K01677,29
K00288,29
K07095,29
K09816,29
K12267,29
K00351,29
K03315,29
K03721,29
K01193,29
K00638,29
K03974,29
K00895,29
K02757,29
K02879,28
K01129,28
K00342,28
K06925,28
K02238,28
K00991,28
K09748,28
K06177,28
K00180,28
K03407,28
K02652,28
K07053,28
K02871,28
K07560,28
K00882,28
K11105,28
K01489,28
K10947,28
K03617,28
K04068,28
K00996,28
K00754,28
K01156,28
K08191,28
K17716,28
K09011,28
K01607,27
K07090,27
K02992,27
K03667,27
K02078,27
K03387,27
K07642,27
K02073,27
K13896,27
K03781,27
K07738,27
K00627,27
K03101,27
K06442,27
K06200,27
K04096,27
K00033,27
K16012,27
K03294,27
K07139,27
K07164,27
K03313,27
K07737,27
K02647,27
K00244,27
K07576,27
K00243,27
K00798,26
K00077,26
K02881,26
K02876,26
K00868,26
K02227,26
K07774,26
K01414,26
K00606,26
K00954,26
K03773,26
K16053,26
K01005,26
K05936,25
K10126,25
K01845,25
K00655,25
K10111,25
K07491,25
K06287,25
K03584,25
K03787,25
K02536,25
K14170,25
K11991,25
K03639,25
K00240,25
K03592,25
K00963,25
K05816,25
K01834,25
K01081,25
K02996,25
K03550,25
K06023,25
K02499,25
K07729,25
K01181,25
K15986,25
K15771,25
K01858,25
K02133,25
K08955,25
K07661,25
K08679,25
K00595,24
K02878,24
K00104,24
K01438,24
K03568,24
K01464,24
K02517,24
K02990,24
K01520,24
K06183,24
K03530,24
K07003,24
K06020,24
K07091,24
K02887,24
K00796,24
K01356,24
K02045,24
K13924,24
K03630,24
K01918,24
K00375,24
K13954,24
K10901,24
K01322,24
K07776,24
K13788,24
K03385,24
K07316,24
K14138,24
K03976,24
K05776,24
K13010,24
K10680,23
K02890,23
K02109,23
K03744,23
K01778,23
K07088,23
K01770,23
K00783,23
K03269,23
K02027,23
K06189,23
K15634,23
K08289,23
K03789,23
K03072,23
K00162,23
K01941,23
K06885,23
K01273,23
K04070,23
K01089,23
K00005,23
K13747,23
K01815,23
K08070,23
K13043,23
K06076,22
K08218,22
K02895,22
K02377,22
K02834,22
K03547,22
K03625,22
K03710,22
K05367,22
K14058,22
K05825,22
K06041,22
K02283,22
K07979,22
K01271,22
K07651,22
K03436,22
K01678,22
K15581,22
K07106,22
K11928,22
K04720,22
K10536,22
K07705,22
K11381,22
K13541,22
K00087,22
K15342,21
K02946,21
K02948,21
K03827,21
K02454,21
K01693,21
K00337,21
K00343,21
K00647,21
K03286,21
K05807,21
K03885,21
K01965,21
K00023,21
K09117,21
K01719,21
K02860,21
K02523,21
K05591,21
K01243,21
K07284,21
K07171,21
K03892,21
K06399,21
K00426,21
K00756,21
K00949,21
K03660,21
K04518,21
K15582,21
K17215,21
K10540,21
K00926,21
K00603,21
K01299,21
K07315,21
K03283,21
K03152,21
K04516,21
K01447,21
K16212,21
K02050,20
K07663,20
K11189,20
K11068,20
K00036,20
K00128,20
K07567,20
K01963,20
K01695,20
K00333,20
K00334,20
K03322,20
K00677,20
K06966,20
K00658,20
K07304,20
K03823,20
K03705,20
K01495,20
K06923,20
K03282,20
K07042,20
K01241,20
K00759,20
K01786,20
K03442,20
K04656,20
K08675,20
K01425,20
K03783,20
K02132,20
K01212,20
K03718,20
K01654,20
K00634,20
K07035,20
K07033,20
K00520,20
K13990,20
K02688,20
K09972,20
K08138,20
K12527,20
K14415,19
K03609,19
K05595,19
K03648,19
K01246,19
K02658,19
K09861,19
K00331,19
K00748,19
K03641,19
K02020,19
K09710,19
K11720,19
K00567,19
K09747,19
K00979,19
K04488,19
K04762,19
K02303,19
K02959,19
K11752,19
K02888,19
K06215,19
K06295,19
K06373,19
K01839,19
K00969,19
K00865,19
K06381,19
K02068,19
K07052,19
K09765,19
K01539,19
K00060,19
K00383,19
K08372,19
K01744,19
K03582,19
K07473,19
K07704,19
K05878,19
K01629,19
K01582,19
K02121,19
K01155,19
K07714,19
K01224,19
K11356,19
K02765,19
K10041,19
K10562,19
K00626,18
K00249,18
K00459,18
K01609,18
K02952,18
K01451,18
K00981,18
K02226,18
K03118,18
K00823,18
K02372,18
K08591,18
K01173,18
K05832,18
K01297,18
K01962,18
K12339,18
K01183,18
K08309,18
K06877,18
K09015,18
K00283,18
K07301,18
K15772,18
K00863,18
K05853,18
K01697,18
K01205,18
K02566,18
K07173,18
K00350,18
K00348,18
K00347,18
K08974,18
K06926,18
K01535,18
K11690,18
K05341,18
K07484,18
K01787,18
K11537,18
K13012,18
K15910,18
K01626,17
K07387,17
K04761,17
K04047,17
K02160,17
K02805,17
K01496,17
K07175,17
K01627,17
K03775,17
K16092,17
K13652,17
K11004,17
K01759,17
K01807,17
K07789,17
K02884,17
K03216,17
K07012,17
K14742,17
K06714,17
K12309,17
K02147,17
K06972,17
K05364,17
K03811,17
K01238,17
K09695,17
K11788,17
K07021,17
K03423,17
K01198,17
K01761,17
K03570,16
K03474,16
K02963,16
K03564,16
K07107,16
K07708,16
K00287,16
K01679,16
K02000,16
K04751,16
K01760,16
K03786,16
K09690,16
K03210,16
K00819,16
K05350,16
K16013,16
K06334,16
K03402,16
K07496,16
K02074,16
K01959,16
K00972,16
K10900,16
K03340,16
K10008,16
K05365,16
K04765,16
K07648,16
K07574,16
K06385,16
K03738,16
K00015,16
K08641,16
K15778,16
K07644,16
K15898,16
K00210,16
K07148,16
K15531,16
K10831,15
K03394,15
K02961,15
K03743,15
K02874,15
K01433,15
K07507,15
K03925,15
K02011,15
K02233,15
K00616,15
K01487,15
K01817,15
K02956,15
K04564,15
K05810,15
K01092,15
K03602,15
K01470,15
K05521,15
K02472,15
K00857,15
K06382,15
K09762,15
K00016,15
K06405,15
K13688,15
K07406,15
K08316,15
K09698,15
K01480,15
K01715,15
K01082,15
K13963,15
K10706,15
K06185,15
K07282,15
K02217,15
K03311,15
K00177,15
K03518,15
K08590,15
K01186,15
K05606,15
K06857,15
K03077,15
K07660,15
K01844,15
K17204,15
K04928,15
K10941,15
K05587,15
K13059,15
K16960,15
K12436,15
K03929,14
K06042,14
K02066,14
K01523,14
K01628,14
K01704,14
K02502,14
K07322,14
K13892,14
K03149,14
K01524,14
K03767,14
K07183,14
K03306,14
K10563,14
K03183,14
K07027,14
K02412,14
K05808,14
K03637,14
K00793,14
K01934,14
K02851,14
K09787,14
K06413,14
K00805,14
K01449,14
K06374,14
K00282,14
K11996,14
K15770,14
K12251,14
K01665,14
K06902,14
K03182,14
K08978,14
K09769,14
K01529,14
K11787,14
K07783,14
K16692,14
K02810,14
K01051,14
K07273,14
K03430,14
K00657,14
K02242,14
K01267,14
K09384,14
K03087,14
K01215,14
K16044,14
K09697,14
K10797,14
K12999,14
K15036,14
K06920,13
K06222,13
K03644,13
K02114,13
K02669,13
K03814,13
K02503,13
K07402,13
K04758,13
K02968,13
K14260,13
K03750,13
K01613,13
K02012,13
K04044,13
K15578,13
K01935,13
K11183,13
K00253,13
K01768,13
K00797,13
K04769,13
K06012,13
K02237,13
K00008,13
K06387,13
K03784,13
K00096,13
K01139,13
K01008,13
K03453,13
K01639,13
K01197,13
K08217,13
K13926,13
K08722,13
K02804,13
K05801,13
K01234,13
K15497,13
K07219,13
K06897,13
K16963,13
K07791,13
K02044,13
K11050,13
K08282,13
K17489,13
K03473,13
K00610,13
K14981,13
K07741,13
K09689,13
K16926,13
K15836,13
K01041,13
K05882,13
K04086,13
K15727,12
K02067,12
K02904,12
K06872,12
K01658,12
K07460,12
K06182,12
K01419,12
K04078,12
K02518,12
K03458,12
K03386,12
K01256,12
K07481,12
K04562,12
K01069,12
K02072,12
K07788,12
K00795,12
K03688,12
K06133,12
K03273,12
K03565,12
K03074,12
K07313,12
K01739,12
K13888,12
K01436,12
K02551,12
K00878,12
K06967,12
K07250,12
K07105,12
K13542,12
K07071,12
K07078,12
K14445,12
K08999,12
K03389,12
K00169,12
K12858,12
K10771,12
K07023,12
K06201,12
K12506,12
K02426,12
K03612,12
K16066,12
K02819,12
K05593,12
K07166,12
K13017,12
K16211,12
K03816,12
K02473,12
K00065,12
K01621,12
K07770,12
K12111,12
K02791,12
K07647,12
K17624,12
K11630,12
K14983,12
K00102,11
K02435,11
K01548,11
K03801,11
K01159,11
K07165,11
K01692,11
K07040,11
K00154,11
K03559,11
K09461,11
K00074,11
K02046,11
K03616,11
K08156,11
K10004,11
K01589,11
K07112,11
K03270,11
K03536,11
K01579,11
K03429,11
K10026,11
K01916,11
K00091,11
K02800,11
K03800,11
K04652,11
K10819,11
K00693,11
K12823,11
K03018,11
K13278,11
K00983,11
K01930,11
K07768,11
K07654,11
K00042,11
K03839,11
K03732,11
K05590,11
K03272,11
K02775,11
K05895,11
K07321,11
K06973,11
K02042,11
K09935,11
K05297,11
K09490,11
K02119,11
K13581,11
K06237,11
K11329,11
K14534,11
K10012,11
K15024,11
K12953,11
K11104,11
K07482,11
K10125,10
K02113,10
K00338,10
K03772,10
K06024,10
K10764,10
K08169,10
K14162,10
K03299,10
K02909,10
K00912,10
K08223,10
K07220,10
K03060,10
K02653,10
K02169,10
K07050,10
K01599,10
K00641,10
K01235,10
K06412,10
K07693,10
K06408,10
K01666,10
K08963,10
K06407,10
K09457,10
K02103,10
K03390,10
K03465,10
K04655,10
K02619,10
K14778,10
K00654,10
K02145,10
K14835,10
K05657,10
K07736,10
K00758,10
K07727,10
K07483,10
K00563,10
K03336,10
K00349,10
K02193,10
K12372,10
K13409,10
K09163,10
K00590,10
K07170,10
K05663,10
K11808,10
K09503,10
K00002,10
K01478,10
K02856,10
K10697,10
K08659,10
K07271,10
K10193,10
K01232,10
K11392,10
K03484,10
K16328,10
K00633,10
K11635,10
K00533,10
K13797,10
K01750,9
K01971,9
K17325,9
K00020,9
K03589,9
K06015,9
K00330,9
K01007,9
K02231,9
K03113,9
K06915,9
K00901,9
K03367,9
K10547,9
K00794,9
K00362,9
K08083,9
K06958,9
K00836,9
K03799,9
K07259,9
K06284,9
K10189,9
K08724,9
K07742,9
K06410,9
K06379,9
K06397,9
K04076,9
K02548,9
K06409,9
K11645,9
K06975,9
K03785,9
K02482,9
K01551,9
K03833,9
K04654,9
K14261,9
K07192,9
K00011,9
K00030,9
K05655,9
K02478,9
K16784,9
K00010,9
K07773,9
K02796,9
K02795,9
K10541,9
K15460,9
K02062,9
K12371,9
K01668,9
K02021,9
K09992,9
K09807,9
K01632,9
K01222,9
K13653,9
K13018,9
K06167,9
K05306,9
K02203,9
K12343,9
K17450,9
K01702,9
K03235,9
K03415,9
K15894,9
K11076,9
K05305,9
K02124,9
K12941,9
K13049,9
K01134,9
K01838,9
K07816,9
K10539,9
K15739,9
K02761,9
K06310,9
K03930,9
K15527,9
K10909,9
K03566,8
K17103,8
K03446,8
K01698,8
K02965,8
K03724,8
K02657,8
K06596,8
K08300,8
K00997,8
K03075,8
K00332,8
K00339,8
K02054,8
K01266,8
K00090,8
K02437,8
K01841,8
K07262,8
K07649,8
K07305,8
K00851,8
K03760,8
K00674,8
K02018,8
K00252,8
K00950,8
K02913,8
K00989,8
K03820,8
K01633,8
K02557,8
K02400,8
K02405,8
K03656,8
K07010,8
K01902,8
K01903,8
K00860,8
K07571,8
K00294,8
K00161,8
K00588,8
K06518,8
K00872,8
K07009,8
K10188,8
K10190,8
K06390,8
K01911,8
K09825,8
K11145,8
K13787,8
K09121,8
K01305,8
K11065,8
K00980,8
K01758,8
K16329,8
K11778,8
K05661,8
K10844,8
K09518,8
K17680,8
K01239,8
K09125,8
K04095,8
K05846,8
K07045,8
K05568,8
K07726,8
K04691,8
K02794,8
K12297,8
K01034,8
K08159,8
K02777,8
K04772,8
K07461,8
K00198,8
K06907,8
K05879,8
K08302,8
K10200,8
K10202,8
K07217,8
K02081,8
K02302,8
K07005,8
K13007,8
K12541,8
K01463,8
K15255,8
K05919,8
K06987,8
K00786,8
K11075,8
K14980,8
K03488,8
K09703,8
K07404,8
K01026,8
K17074,8
K04034,8
K00944,8
K05275,8
K09759,8
K09820,8
K14623,8
K17217,8
K00532,8
K14489,8
K17073,8
K04784,8
K12555,8
K16698,8
K07260,8
K16792,8
K06940,7
K13777,7
K02189,7
K01467,7
K11921,7
K09951,7
K00390,7
K02950,7
K02110,7
K02471,7
K02954,7
K02670,7
K03769,7
K00574,7
K07711,7
K12452,7
K03116,7
K05946,7
K00135,7
K00940,7
K02053,7
K03534,7
K01029,7
K07793,7
K03711,7
K01247,7
K01684,7
K02902,7
K02492,7
K02654,7
K01055,7
K02407,7
K03741,7
K16264,7
K01661,7
K06960,7
K07015,7
K05939,7
K00318,7
K02069,7
K02279,7
K06206,7
K10716,7
K00170,7
K05995,7
K06236,7
K00078,7
K17286,7
K01565,7
K01027,7
K00729,7
K09552,7
K03579,7
K16087,7
K02779,7
K03312,7
K09789,7
K03317,7
K01035,7
K12997,7
K03328,7
K00040,7
K09144,7
K03416,7
K03698,7
K17069,7
K05546,7
K01663,7
K00129,7
K11233,7
K05884,7
K03420,7
K07467,7
K02234,7
K05830,7
K02022,7
K01896,7
K00917,7
K05340,7
K02598,7
K01138,7
K15587,7
K11631,7
K00436,7
K09693,7
K09459,7
K16202,7
K14090,7
K13004,7
K14982,7
K10682,7
K07043,6
K15725,6
K00101,6
K02907,6
K03271,6
K02535,6
K03117,6
K00050,6
K02058,6
K13590,6
K09888,6
K07638,6
K06890,6
K00684,6
K00381,6
K05539,6
K14267,6
K00428,6
K00241,6
K02970,6
K00924,6
K05814,6
K06978,6
K09001,6
K03672,6
K02406,6
K07458,6
K05838,6
K03735,6
K05985,6
K06446,6
K10544,6
K17218,6
K03817,6
K04074,6
K07099,6
K07584,6
K05823,6
K00841,6
K07150,6
K00547,6
K07221,6
K16052,6
K01042,6
K00694,6
K06883,6
K14810,6
K09228,6
K08740,6
K10899,6
K14777,6
K00803,6
K00966,6
K06174,6
K13181,6
K09488,6
K00683,6
K12585,6
K02885,6
K03883,6
K06989,6
K00130,6
K14761,6
K09772,6
K07118,6
K02007,6
K00324,6
K01788,6
K09022,6
K12137,6
K13694,6
K07862,6
K09123,6
K16789,6
K01636,6
K01112,6
K09702,6
K03382,6
K02182,6
K00529,6
K14059,6
K07031,6
K01066,6
K01282,6
K15331,6
K15888,6
K06865,6
K03167,6
K00125,6
K02122,6
K01751,6
K13683,6
K04566,6
K13985,6
K07653,6
K01133,6
K00214,6
K14208,6
K13799,6
K03403,6
K10025,6
K10192,6
K10715,6
K00118,6
K12940,6
K02364,6
K12264,6
K08255,6
K13002,6
K14664,6
K15849,6
K10824,6
K10231,6
K07706,6
K17207,6
K12956,6
K07771,6
K15917,6
K03289,6
K07452,6
K08961,6
K00400,6
K01476,5
K11963,5
K00526,5
K15977,5
K06016,5
K11177,5
K00019,5
K03558,5
K01485,5
K00311,5
K01894,5
K02916,5
K01708,5
K03578,5
K10979,5
K13643,5
K01753,5
K00121,5
K12972,5
K02019,5
K16147,5
K01749,5
K01428,5
K08311,5
K02899,5
K00156,5
K01737,5
K07141,5
K01879,5
K02392,5
K02396,5
K03073,5
K03969,5
K01304,5
K03523,5
K00958,5
K08969,5
K07445,5
K06922,5
K06411,5
K06888,5
K03707,5
K06948,5
K03709,5
K00556,5
K06045,5
K06898,5
K07075,5
K06281,5
K00124,5
K00086,5
K00172,5
K01423,5
K14571,5
K01057,5
K07511,5
K11594,5
K11517,5
K09512,5
K12736,5
K07739,5
K06184,5
K01101,5
K13444,5
K09540,5
K05643,5
K14805,5
K14213,5
K10896,5
K01136,5
K17681,5
K12741,5
K15192,5
K15789,5
K16302,5
K04802,5
K13940,5
K07004,5
K10241,5
K16014,5
K02614,5
K10009,5
K15372,5
K00302,5
K00098,5
K16923,5
K03556,5
K02445,5
K07306,5
K01048,5
K00171,5
K01846,5
K11261,5
K00196,5
K10670,5
K15023,5
K00394,5
K06903,5
K10201,5
K07223,5
K00187,5
K03451,5
K11475,5
K12063,5
K00167,5
K14807,5
K00877,5
K00150,5
K02322,5
K10726,5
K00839,5
K15876,5
K03739,5
K12942,5
K10021,5
K11074,5
K11443,5
K13584,5
K01709,5
K17609,5
K14811,5
K00038,5
K02431,5
K12374,5
K13178,5
K07769,5
K17246,5
K14127,5
K11908,5
K10038,5
K10040,5
K10194,5
K13533,5
K04844,5
K07692,5
K17734,5
K16566,5
K06156,5
K12276,5
K12525,5
K16628,5
K05671,5
K10672,5
K03332,5
K04780,5
K05971,5
K14051,5
K13611,5
K01220,5
K17063,5
K15022,5
K04792,5
K03725,5
K16179,5
K14653,5
K13069,4
K07185,4
K01673,4
K02660,4
K03719,4
K02456,4
K02662,4
K01816,4
K02480,4
K03594,4
K01420,4
K02055,4
K13821,4
K01236,4
K01908,4
K01644,4
K03752,4
K02427,4
K10546,4
K07246,4
K07799,4
K01595,4
K13979,4
K10852,4
K06160,4
K01031,4
K07464,4
K00632,4
K02417,4
K02404,4
K01611,4
K00009,4
K10543,4
K12510,4
K03449,4
K09775,4
K00772,4
K06333,4
K03704,4
K13641,4
K11936,4
K06962,4
K07067,4
K02490,4
K02282,4
K03274,4
K06282,4
K07216,4
K08735,4
K13091,4
K01189,4
K17732,4
K05545,4
K08678,4
K16055,4
K05662,4
K05544,4
K03063,4
K17675,4
K14439,4
K01466,4
K09531,4
K15376,4
K03243,4
K03098,4
K06943,4
K01227,4
K05542,4
K10877,4
K09487,4
K15441,4
K12811,4
K08734,4
K14326,4
K01664,4
K10242,4
K02168,4
K02424,4
K06996,4
K13280,4
K08194,4
K13695,4
K03082,4
K00230,4
K07792,4
K01910,4
K02199,4
K04014,4
K01497,4
K12369,4
K07161,4
K04477,4
K02191,4
K00385,4
K10778,4
K08234,4
K08139,4
K03478,4
K03973,4
K00978,4
K00184,4
K15125,4
K16345,4
K09510,4
K03231,4
K12608,4
K17743,4
K10841,4
K14002,4
K01771,4
K04800,4
K06937,4
K07135,4
K09002,4
K16927,4
K13819,4
K07798,4
K10912,4
K02594,4
K09971,4
K13587,4
K01499,4
K00201,4
K00676,4
K03780,4
K10554,4
K01303,4
K00441,4
K12700,4
K13540,4
K17202,4
K03520,4
K05654,4
K01188,4
K00690,4
K02852,4
K07637,4
K15051,4
K17210,4
K07455,4
K08717,4
K13815,4
K13853,4
K01904,4
K05499,4
K10561,4
K00584,4
K07392,4
K03044,4
K02745,4
K10235,4
K17240,4
K16555,4
K02750,4
K14153,4
K06074,4
K07689,4
K01361,4
K13370,4
K15261,4
K13922,4
K17363,4
K01819,4
K09809,4
K02788,4
K05352,4
K03080,4
K12950,4
K14978,4
K10681,4
K15915,4
K07700,4
K00443,4
K07672,4
K04478,4
K16165,3
K11962,3
K05799,3
K00432,3
K06143,3
K03230,3
K02444,3
K09973,3
K06204,3
K02558,3
K07735,3
K00537,3
K02453,3
K16137,3
K00612,3
K00034,3
K01488,3
K03753,3
K00340,3
K03975,3
K00344,3
K06194,3
K03666,3
K04088,3
K13483,3
K07749,3
K13889,3
K07552,3
K00568,3
K13893,3
K06891,3
K11003,3
K01255,3
K01028,3
K09790,3
K09136,3
K02858,3
K04764,3
K07506,3
K00140,3
K00163,3
K06181,3
K03831,3
K05020,3
K03189,3
K00822,3
K02655,3
K02897,3
K01706,3
K05813,3
K05815,3
K03774,3
K02379,3
K03089,3
K03802,3
K05577,3
K07115,3
K03642,3
K04045,3
K02414,3
K02411,3
K02410,3
K02390,3
K01501,3
K03303,3
K03736,3
K08681,3
K02549,3
K11184,3
K07533,3
K09967,3
K01354,3
K00824,3
K06196,3
K03809,3
K06328,3
K06878,3
K16511,3
K06378,3
K03706,3
K00782,3
K03186,3
K00564,3
K02589,3
K09124,3
K04651,3
K09949,3
K03471,3
K07403,3
K05648,3
K12734,3
K15332,3
K13982,3
K08635,3
K01204,3
K00889,3
K05038,3
K13179,3
K06636,3
K10755,3
K14809,3
K09478,3
K07767,3
K06662,3
K09496,3
K14575,3
K00026,3
K12614,3
K06027,3
K09493,3
K09529,3
K09497,3
K00814,3
K10858,3
K09527,3
K09495,3
K01598,3
K17043,3
K01518,3
K14677,3
K15865,3
K03065,3
K02866,3
K00968,3
K03265,3
K08737,3
K11294,3
K05543,3
K00586,3
K03237,3
K11173,3
K17623,3
K03503,3
K03762,3
K08094,3
K12503,3
K10234,3
K09936,3
K03652,3
K09684,3
K05565,3
K00303,3
K11603,3
K02361,3
K07448,3
K10558,3
K01573,3
K07645,3
K06218,3
K17214,3
K03476,3
K02441,3
K07479,3
K05787,3
K07014,3
K02573,3
K02574,3
K07307,3
K01643,3
K02504,3
K03475,3
K11607,3
K12368,3
K01766,3
K03972,3
K00176,3
K06209,3
K14084,3
K00197,3
K06934,3
K09251,3
K01308,3
K03700,3
K16951,3
K13638,3
K11710,3
K03090,3
K07080,3
K07341,3
K01060,3
K17331,3
K00186,3
K01848,3
K06927,3
K11102,3
K03366,3
K10017,3
K03830,3
K15711,3
K03146,3
K01694,3
K14154,3
K16330,3
K00601,3
K01240,3
K06116,3
K09522,3
K05824,3
K13830,3
K14262,3
K07332,3
K07446,3
K07041,3
K07558,3
K07559,3
K02319,3
K03041,3
K07463,3
K09482,3
K03330,3
K02572,3
K00155,3
K03793,3
K02588,3
K06909,3
K14987,3
K13998,3
K07505,3
K00055,3
K05903,3
K12234,3
K17641,3
K17243,3
K15016,3
K05780,3
K12536,3
K16370,3
K03148,3
K15598,3
K09720,3
K00112,3
K13497,3
K12344,3
K00251,3
K05650,3
K09519,3
K05664,3
K13195,3
K09879,3
K13693,3
K16150,3
K11520,3
K05588,3
K11953,3
K11780,3
K14128,3
K10974,3
K07123,3
K00947,3
K12507,3
K02839,3
K11618,3
K03693,3
K06298,3
K01932,3
K16850,3
K01615,3
K16306,3
K06863,3
K07072,3
K13812,3
K00203,3
K14541,3
K01405,3
K16844,3
K01250,3
K12528,3
K13480,3
K08219,3
K12995,3
K13082,3
K12955,3
K16617,3
K05660,3
K05651,3
K01699,3
K04019,3
K04026,3
K02760,3
K03079,3
K12152,3
K09988,3
K17206,3
K07570,3
K10834,3
K00932,3
K14647,3
K14659,3
K07696,3
K15662,3
K10708,3
K03339,3
K11626,3
K10984,3
K07707,3
K14086,3
K10121,3
K15534,3
K08692,3
K10549,3
K15895,3
K01261,3
K07469,3
K04107,3
K10978,3
K00399,3
K00401,3
K14106,3
K14107,3
K11915,3
K11914,3
K12549,3
K15660,3
K15850,3
K07213,2
K06895,2
K03608,2
K07062,2
K11472,2
K00108,2
K07641,2
K07577,2
K03224,2
K00681,2
K17322,2
K02919,2
K02450,2
K03557,2
K08261,2
K17723,2
K11103,2
K13482,2
K09773,2
K14393,2
K00573,2
K04087,2
K02291,2
K05520,2
K02526,2
K13891,2
K01779,2
K06199,2
K05788,2
K13953,2
K14287,2
K02048,2
K15554,2
K06044,2
K05836,2
K07516,2
K03576,2
K01259,2
K09005,2
K02047,2
K07320,2
K06999,2
K15034,2
K01070,2
K00697,2
K01011,2
K08082,2
K00364,2
K01799,2
K07160,2
K07722,2
K00004,2
K06132,2
K01474,2
K08369,2
K01032,2
K02455,2
K10806,2
K01878,2
K01046,2
K13766,2
K02421,2
K02419,2
K02416,2
K02409,2
K02422,2
K02388,2
K02395,2
K01058,2
K03549,2
K02806,2
K04744,2
K00380,2
K02914,2
K06436,2
K02798,2
K06306,2
K10857,2
K15866,2
K09705,2
K06396,2
K06393,2
K06402,2
K06438,2
K02304,2
K03708,2
K06283,2
K10027,2
K06297,2
K02840,2
K00356,2
K07303,2
K07016,2
K00082,2
K07076,2
K00245,2
K03620,2
K06990,2
K09116,2
K00127,2
K07081,2
K03777,2
K11646,2
K14191,2
K05687,2
K13025,2
K00816,2
K03234,2
K01432,2
K01230,2
K11536,2
K11367,2
K09580,2
K14688,2
K11647,2
K01530,2
K05048,2
K04496,2
K08741,2
K01900,2
K10902,2
K08770,2
K09523,2
K15013,2
K02349,2
K02984,2
K13338,2
K00884,2
K14574,2
K12657,2
K09498,2
K14440,2
K14780,2
K12812,2
K09494,2
K03165,2
K00643,2
K10754,2
K10738,2
K11269,2
K01512,2
K08660,2
K12815,2
K00021,2
K08683,2
K05607,2
K15900,2
K01412,2
K03955,2
K12854,2
K14168,2
K13421,2
K10870,2
K13177,2
K12818,2
K01836,2
K09572,2
K13116,2
K07178,2
K03062,2
K06944,2
K11600,2
K07466,2
K03679,2
K01796,2
K14717,2
K11131,2
K09499,2
K08791,2
K14407,2
K15335,2
K04799,2
K03300,2
K01857,2
K15521,2
K13527,2
K00153,2
K03647,2
K03684,2
K03790,2
K00886,2
K02083,2
K08321,2
K04653,2
K07334,2
K03632,2
K03748,2
K00325,2
K03335,2
K03803,2
K10000,2
K09999,2
K00557,2
K15984,2
K06212,2
K02822,2
K08315,2
K12370,2
K02436,2
K11931,2
K06956,2
K06904,2
K07017,2
K03580,2
K09770,2
K04835,2
K02009,2
K05337,2
K09128,2
K00158,2
K16950,2
K02844,2
K07443,2
K09797,2
K01175,2
K05881,2
K09472,2
K01500,2
K11051,2
K06188,2
K08482,2
K09924,2
K09925,2
K15855,2
K09726,2
K00322,2
K05817,2
K00984,2
K08484,2
K05783,2
K13929,2
K17737,2
K09803,2
K00131,2
K11121,2
K10772,2
K00122,2
K05351,2
K03242,2
K07055,2
K14729,2
K13941,2
K09723,2
K01905,2
K01170,2
K15904,2
K03166,2
K07572,2
K07103,2
K03057,2
K03638,2
K03047,2
K11688,2
K03826,2
K00076,2
K09939,2
K07128,2
K10019,2
K05772,2
K05773,2
K02585,2
K03815,2
K09970,2
K08344,2
K00220,2
K08357,2
K08358,2
K12252,2
K00200,2
K00672,2
K10238,2
K14448,2
K07302,2
K02793,2
K12994,2
K04771,2
K01184,2
K00899,2
K13668,2
K16139,2
K16324,2
K08085,2
K07108,2
K05966,2
K09740,2
K04110,2
K16509,2
K09126,2
K13598,2
K15599,2
K03932,2
K16291,2
K08352,2
K07051,2
K17203,2
K06606,2
K00157,2
K01300,2
K01513,2
K12376,2
K08131,2
K09516,2
K14210,2
K05668,2
K07753,2
K01293,2
K15530,2
K11231,2
K07059,2
K12429,2
K11958,2
K05356,2
K08479,2
K17245,2
K14126,2
K11180,2
K12240,2
K10037,2
K07309,2
K17810,2
K13582,2
K13589,2
K06403,2
K01726,2
K12567,2
K06951,2
K12743,2
K13490,2
K14655,2
K15922,2
K02623,2
K12265,2
K02079,2
K02747,2
K02746,2
K07806,2
K12532,2
K05779,2
K13479,2
K00209,2
K05880,2
K01002,2
K05308,2
K15792,2
K15600,2
K04788,2
K08322,2
K05898,2
K04031,2
K02759,2
K01746,2
K00879,2
K11523,2
K02489,2
K16788,2
K04027,2
K01407,2
K07317,2
K03491,2
K07757,2
K16958,2
K02468,2
K11693,2
K16924,2
K07671,2
K12684,2
K13918,2
K15452,2
K13678,2
K01023,2
K13491,2
K17235,2
K15655,2
K09145,2
K13001,2
K03444,2
K10120,2
K14067,2
K17722,2
K12526,2
K16793,2
K00063,2
K17742,2
K04021,2
K11201,2
K13921,2
K13923,2
K03487,2
K15828,2
K10916,2
K12983,2
K03275,2
K12949,2
K00442,2
K00440,2
K16707,2
K16325,2
K12556,2
K16183,2
K00580,2
K10977,2
K00402,2
K06939,2
K14123,2
K14096,2
K12998,2
K07074,1
K03554,1
K15552,1
K07002,1
K13775,1
K03795,1
K05596,1
K14519,1
K03610,1
K00285,1
K00261,1
K11960,1
K01426,1
K10001,1
K01483,1
K11473,1
K01295,1
K03571,1
K02821,1
K09158,1
K01821,1
K07039,1
K01095,1
K03226,1
K03179,1
K17324,1
K07684,1
K00371,1
K01147,1
K00856,1
K03981,1
K07140,1
K05786,1
K02825,1
K02460,1
K02458,1
K02452,1
K07397,1
K10228,1
K16011,1
K09017,1
K03457,1
K07399,1
K03190,1
K16841,1
K13481,1
K01494,1
K01525,1
K00480,1
K01556,1
K00116,1
K03980,1
K02911,1
K03635,1
K05541,1
K07181,1
K05589,1
K06193,1
K11892,1
K11891,1
K11900,1
K01053,1
K00064,1
K13890,1
K03841,1
K05522,1
K09767,1
K09913,1
K15256,1
K01584,1
K13894,1
K13895,1
K00164,1
K08295,1
K07486,1
K06979,1
K03154,1
K15461,1
K15553,1
K01772,1
K17752,1
K02348,1
K06145,1
K01690,1
K07110,1
K01659,1
K07782,1
K03821,1
K00355,1
K08972,1
K00883,1
K15012,1
K00598,1
K01560,1
K05921,1
K00575,1
K00372,1
K02510,1
K02533,1
K06013,1
K01728,1
K04760,1
K01185,1
K08310,1
K03600,1
K03342,1
K02624,1
K10002,1
K05597,1
K01087,1
K03435,1
K09858,1
K02418,1
K02556,1
K02387,1
K02397,1
K06998,1
K11711,1
K00982,1
K02650,1
K03297,1
K07102,1
K08998,1
K02443,1
K06994,1
K16937,1
K07502,1
K00231,1
K07778,1
K09779,1
K01975,1
K07535,1
K06383,1
K00260,1
K06419,1
K04061,1
K06416,1
K02446,1
K10217,1
K06208,1
K06313,1
K06394,1
K06392,1
K02552,1
K09706,1
K00867,1
K02099,1
K04116,1
K01823,1
K07182,1
K11735,1
K02077,1
K02075,1
K07590,1
K14189,1
K03604,1
K00073,1
K16874,1
K06864,1
K02768,1
K07508,1
K17472,1
K05822,1
K00367,1
K07028,1
K07442,1
K07083,1
K16881,1
K00555,1
K16299,1
K10747,1
K02347,1
K06176,1
K01829,1
K01622,1
K02991,1
K09537,1
K08869,1
K14692,1
K05304,1
K04794,1
K08793,1
K00207,1
K07512,1
K11414,1
K02974,1
K06971,1
K13339,1
K07151,1
K14572,1
K11599,1
K02214,1
K15503,1
K10956,1
K00710,1
K03064,1
K03509,1
K10866,1
K01855,1
K09479,1
K00827,1
K13403,1
K17599,1
K13131,1
K03105,1
K04437,1
K09502,1
K14411,1
K15437,1
K03124,1
K12613,1
K12171,1
K05850,1
K09579,1
K15734,1
K12735,1
K02936,1
K01623,1
K14163,1
K10615,1
K00670,1
K14798,1
K11147,1
K13566,1
K11262,1
K08789,1
K08669,1
K02154,1
K05039,1
K03510,1
K11268,1
K01899,1
K09532,1
K11130,1
K08271,1
K14020,1
K03942,1
K00025,1
K06965,1
K12835,1
K10742,1
K02995,1
K13117,1
K11687,1
K14607,1
K14206,1
K14806,1
K06058,1
K10727,1
K03627,1
K02136,1
K14951,1
K09525,1
K07847,1
K00006,1
K00815,1
K00933,1
K01229,1
K14808,1
K17080,1
K12581,1
K01444,1
K09131,1
K02964,1
K12172,1
K08857,1
K02930,1
K05676,1
K09584,1
K07048,1
K09140,1
K07583,1
K14950,1
K00830,1
K05034,1
K02966,1
K11723,1
K03539,1
K10730,1
K00953,1
K01415,1
K10380,1
K13254,1
K03626,1
K15106,1
K12605,1
K03097,1
K10686,1
K02209,1
K01482,1
K11166,1
K17607,1
K08202,1
K00323,1
K12196,1
K09500,1
K12603,1
K14779,1
K08867,1
K14394,1
K11434,1
K02921,1
K14776,1
K09567,1
K09650,1
K14676,1
K16365,1
K03264,1
K06693,1
K03263,1
K04708,1
K14536,1
K16309,1
K03164,1
K02541,1
K00897,1
K08093,1
K06988,1
K05845,1
K07503,1
K03824,1
K00712,1
K02440,1
K16783,1
K10007,1
K07393,1
K14645,1
K07132,1
K00301,1
K01608,1
K00216,1
K11216,1
K07812,1
K08475,1
K05802,1
K07666,1
K09946,1
K03326,1
K17213,1
K03477,1
K03338,1
K02562,1
K11005,1
K12984,1
K02439,1
K00880,1
K07640,1
K07270,1
K15584,1
K07343,1
K02567,1
K02278,1
K06957,1
K01646,1
K14392,1
K02506,1
K13637,1
K02200,1
K04015,1
K13283,1
K03813,1
K11179,1
K02064,1
K12142,1
K12141,1
K12138,1
K01096,1
K09974,1
K16371,1
K10108,1
K02008,1
K03486,1
K12685,1
K14083,1
K03519,1
K03399,1
K05566,1
K03716,1
K00194,1
K05979,1
K06917,1
K03747,1
K00313,1
K00395,1
K16962,1
K07504,1
K03196,1
K00148,1
K08323,1
K10677,1
K01318,1
K06605,1
K16148,1
K03433,1
K03432,1
K08173,1
K16650,1
K01727,1
K04749,1
K04757,1
K17330,1
K09932,1
K09981,1
K07459,1
K00358,1
K13016,1
K13019,1
K06859,1
K02082,1
K09934,1
K03309,1
K00903,1
K13015,1
K01705,1
K00185,1
K17490,1
K03405,1
K13020,1
K07823,1
K12454,1
K13832,1
K13655,1
K09922,1
K01825,1
K13796,1
K07639,1
K05835,1
K03758,1
K00840,1
K12508,1
K16872,1
K12543,1
K17733,1
K02617,1
K13930,1
K13935,1
K06139,1
K07267,1
K06445,1
K13774,1
K06447,1
K16839,1
K00662,1
K13730,1
K09960,1
K09961,1
K01392,1
K14152,1
K02987,1
K16261,1
K03021,1
K13342,1
K14781,1
K00222,1
K02893,1
K02925,1
K11835,1
K08150,1
K15428,1
K08736,1
K05841,1
K00559,1
K00511,1
K01427,1
K17818,1
K14264,1
K14564,1
K11786,1
K10725,1
K07333,1
K07060,1
K03726,1
K06981,1
K07254,1
K08971,1
K09735,1
K03049,1
K02323,1
K06982,1
K09003,1
K17105,1
K00952,1
K02869,1
K06932,1
K06933,1
K03053,1
K07732,1
K07730,1
K02683,1
K07991,1
K07728,1
K09722,1
K08979,1
K07581,1
K11312,1
K01567,1
K00255,1
K00614,1
K16091,1
K09931,1
K01150,1
K02848,1
K10020,1
K03208,1
K16871,1
K11073,1
K07257,1
K07746,1
K13040,1
K00202,1
K07675,1
K05800,1
K12990,1
K07097,1
K05922,1
K08365,1
K08137,1
K15303,1
K07752,1
K16911,1
K10400,1
K12316,1
K11538,1
K00069,1
K10520,1
K17816,1
K01777,1
K03779,1
K10552,1
K08256,1
K14941,1
K00366,1
K17242,1
K00137,1
K15975,1
K03552,1
K09738,1
K05828,1
K05829,1
K06984,1
K09717,1
K05781,1
K06162,1
K17317,1
K05711,1
K16875,1
K16877,1
K07650,1
K03346,1
K07454,1
K14660,1
K03404,1
K10942,1
K11692,1
K09607,1
K04767,1
K06330,1
K01452,1
K13829,1
K00862,1
K01369,1
K06823,1
K04257,1
K08809,1
K05717,1
K09538,1
K17495,1
K08803,1
K09507,1
K05667,1
K06252,1
K01763,1
K08784,1
K01131,1
K09485,1
K13863,1
K10809,1
K05604,1
K16496,1
K08147,1
K03462,1
K08135,1
K12298,1
K05656,1
K08149,1
K11539,1
K05683,1
K05684,1
K08785,1
K04367,1
K13402,1
K17820,1
K01583,1
K05669,1
K07529,1
K05653,1
K08145,1
K00613,1
K01210,1
K15920,1
K13535,1
K00749,1
K06970,1
K01268,1
K00675,1
K15924,1
K01630,1
K14164,1
K08698,1
K05575,1
K14475,1
K09835,1
K11957,1
K11781,1
K16703,1
K05586,1
K06946,1
K05928,1
K07474,1
K13818,1
K09766,1
K17050,1
K11181,1
K05785,1
K15509,1
K14591,1
K10036,1
K15830,1
K09692,1
K10039,1
K13252,1
K06610,1
K16305,1
K12256,1
K12661,1
K16210,1
K15519,1
K02236,1
K17216,1
K02243,1
K06404,1
K07248,1
K16173,1
K03480,1
K10810,1
K06307,1
K01376,1
K06350,1
K06868,1
K00193,1
K07144,1
K00319,1
K00320,1
K06862,1
K03045,1
K02201,1
K12468,1
K15384,1
K01656,1
K13939,1
K15785,1
K10191,1
K10195,1
K16556,1
K05886,1
K07690,1
K12285,1
K12287,1
K11192,1
K07687,1
K12530,1
K02769,1
K11203,1
K13636,1
K08313,1
K03840,1
K08298,1
K08297,1
K11529,1
K15863,1
K02430,1
K13629,1
K16346,1
K07772,1
K16957,1
K03796,1
K12448,1
K14491,1
K01366,1
K10760,1
K08232,1
K08081,1
K14509,1
K05894,1
K13679,1
K10133,1
K14383,1
K13981,1
K05647,1
K04883,1
K05649,1
K09513,1
K13919,1
K13920,1
K04024,1
K11332,1
K11521,1
K12420,1
K04032,1
K04028,1
K11706,1
K07719,1
K11629,1
K11744,1
K00701,1
K17749,1
K04786,1
K05804,1
K03492,1
K00068,1
K02781,1
K10199,1
K13419,1
K11609,1
K11610,1
K11615,1
K17195,1
K05339,1
K08259,1
K06022,1
K03838,1
K03191,1
K15721,1
K07546,1
K12975,1
K01506,1
K06421,1
K17758,1
K16169,1
K12996,1
K07717,1
K16209,1
K13275,1
K15329,1
K00646,1
K13614,1
K15663,1
K06418,1
K16916,1
K15656,1
K10985,1
K10986,1
K15632,1
K06607,1
K02172,1
K16592,1
K01492,1
K10709,1
K05992,1
K14087,1
K15515,1
K06155,1
K02815,1
K11249,1
K13243,1
K10551,1
K15678,1
K10620,1
K09996,1
K06157,1
K14080,1
K11202,1
K17738,1
K00298,1
K02753,1
K16294,1
K07310,1
K17466,1
K11063,1
K04022,1
K07676,1
K08320,1
K07251,1
K07796,1
K07701,1
K07703,1
K13631,1
K15829,1
K12943,1
K10972,1
K03468,1
K05362,1
K08353,1
K11383,1
K14081,1
K14063,1
K16702,1
K04114,1
K08280,1
K01364,1
K01199,1
K04789,1
K12201,1
K12991,1
K15642,1
K12053,1
K07585,1
K17312,1
K07134,1
K14101,1
K13942,1
K14125,1
K14112,1
K14124,1
K12952,1
K12444,1
K11442,1
K02545,1
K17314,1
K14108,1
K17061,1
K12988,1
K13656,1
K12551,1
K15395,1
K15352,1
