K02014,1225
K06147,992
K01190,869
K05349,656
K01990,628
K02004,568
K07133,549
K02003,522
K01955,449
K00936,428
K03695,420
K03088,419
K03296,410
K03169,406
K06158,404
K01187,383
K02355,379
K07636,366
K03046,365
K02337,360
K03696,357
K03701,355
K03654,354
K03205,349
K02469,320
K15738,319
K01915,312
K01897,307
K03657,304
K03043,303
K03723,301
K01952,298
K01534,295
K12373,294
K00688,290
K03070,288
K01870,285
K03797,281
K00951,280
K02470,277
K00266,274
K04759,273
K01869,273
K09955,269
K01873,265
K02335,260
K03497,257
K03555,257
K17686,256
K00265,256
K03655,255
K03737,243
K01153,238
K07407,236
K01992,231
K01872,229
K01006,229
K02483,226
K03798,224
K02032,222
K02529,222
K03496,221
K05366,221
K00527,221
K03168,220
K00700,220
K01890,219
K00962,218
K01338,216
K08303,216
K11085,215
K01874,215
K02028,212
K02013,211
K02519,210
K01662,206
K04567,205
K00850,205
K03694,203
K01533,202
K06207,201
K00764,200
K12573,200
K00548,198
K03310,198
K06950,197
K00284,197
K16787,196
K04043,193
K02622,193
K01887,192
K00705,191
K03308,191
K15923,190
K00059,189
K01284,189
K02049,188
K01262,188
K00656,188
K06180,187
K01537,187
K03763,186
K01972,181
K01835,181
K03596,180
K07658,180
K02005,178
K01278,178
K01740,177
K07657,177
K00937,177
K02025,177
K01209,177
K01885,175
K00845,175
K05515,173
K02621,173
K02030,172
K03702,171
K05592,170
K07024,168
K03495,167
K01928,167
K01868,167
K03498,165
K11072,164
K05989,163
K07456,162
K01775,161
K01883,161
K00615,161
K04066,160
K07137,159
K06959,158
K10112,158
K04079,158
K01652,157
K07493,156
K01940,155
K03215,155
K01876,154
K01710,154
K02564,153
K01687,152
K03086,152
K03703,152
K03499,152
K06168,151
K00812,150
K04077,149
K03324,149
K00873,149
K01811,149
K07720,149
K01881,148
K01951,147
K06131,147
K07258,146
K07646,146
K02112,145
K01886,145
K12257,145
K05658,144
K00986,144
K00820,143
K08884,143
K00721,141
K01960,141
K07568,140
K01681,140
K03545,140
K01950,139
K00058,139
K02111,138
K00088,138
K10441,137
K01572,137
K02056,136
K03665,136
K01179,136
K03427,135
K02836,135
K02835,135
K02026,135
K01939,134
K00012,134
K01953,133
K03327,133
K03466,133
K02837,133
K07085,133
K00790,132
K01689,132
K06871,132
K00602,131
K14441,131
K01610,131
K03587,130
K01647,130
K05970,130
K00973,129
K02230,129
K02031,128
K15633,128
K02316,127
K01755,126
K01649,125
K00384,125
K01784,124
K00975,124
K01938,124
K03106,123
K02314,123
K07665,123
K03406,122
K01925,122
K00599,122
K01270,122
K16089,122
K00928,121
K02945,120
K01756,120
K00876,120
K00525,119
K00817,119
K02016,119
K07277,119
K00278,119
K10206,119
K07386,119
K04041,119
K03569,118
K01929,118
K00100,118
K01996,117
K09458,117
K03544,117
K07391,116
K00029,116
K02481,116
K00262,116
K07444,115
K03572,115
K01937,115
K02036,115
K02071,115
K01206,115
K01995,114
K01892,114
K03631,114
K07462,114
K01866,114
K03217,114
K03699,113
K14155,113
K03686,112
K07025,112
K07667,111
K02600,111
K00831,111
K04487,111
K02484,111
K02035,110
K02428,110
K00558,110
K00789,109
K06148,109
K03526,109
K03977,109
K01966,109
K06113,109
K06400,108
K01000,107
K00927,107
K03531,106
K07007,106
K09812,106
K01154,105
K02010,105
K01810,105
K03091,105
K01547,104
K06942,104
K00847,104
K01738,104
K02495,104
K03529,104
K01854,104
K01875,103
K03527,103
K00974,103
K03150,103
K01200,103
K02029,102
K07478,102
K01880,102
K00925,102
K01735,101
K13038,101
K01945,101
K00031,101
K00971,101
K01465,100
K04763,100
K00239,100
K00703,99
K00257,99
K17677,99
K08384,99
K03581,99
K01696,98
K01803,98
K01448,98
K02493,98
K09810,98
K03650,98
K01372,98
K02313,97
K00826,97
K03588,97
K01362,97
K15580,97
K06213,97
K00174,97
K06921,97
K02358,96
K01933,96
K01785,96
K04072,96
K02667,95
K00800,95
K03110,95
K02584,95
K02052,94
K08301,94
K01840,94
K03628,94
K07718,94
K01176,94
K01091,93
K00874,93
K01867,93
K01119,93
K03551,93
K03771,93
K03292,93
K16898,93
K03502,93
K08483,92
K01703,92
K07712,92
K02343,92
K00566,92
K01733,91
K07126,91
K03455,91
K11749,91
K00226,91
K03413,91
K00134,91
K09817,91
K01182,91
K04485,90
K01752,90
K00791,90
K01893,90
K07713,90
K01921,89
K03100,89
K00600,89
K07668,89
K11540,89
K06969,88
K01895,88
K07814,88
K00147,88
K01258,88
K10126,87
K00013,87
K00052,87
K14652,87
K03553,87
K01924,86
K06889,86
K07263,86
K00027,86
K03615,86
K01657,85
K07114,85
K07029,85
K00945,85
K01277,85
K02488,85
K00762,84
K05837,84
K01586,84
K00133,84
K06217,84
K03524,84
K09014,84
K00290,84
K02033,83
K03924,83
K03595,83
K11754,83
K09691,83
K10907,83
K17759,83
K01619,83
K17318,83
K00609,82
K01714,82
K01358,82
K01676,82
K00145,82
K01212,82
K11069,82
K02115,81
K02357,81
K02040,81
K01847,81
K00970,81
K00604,81
K00554,80
K01923,80
K06901,80
K01948,80
K02065,79
K03424,79
K00099,79
K03979,79
K03593,79
K00930,79
K06919,79
K00528,78
K02015,78
K00666,78
K03431,78
K05343,78
K07011,78
K01591,78
K03734,78
K07030,78
K02338,77
K03092,77
K06941,77
K02863,77
K03284,77
K00264,77
K03320,76
K01546,76
K03040,76
K03147,76
K01126,76
K03601,76
K06949,76
K01624,76
K03629,76
K12524,76
K00821,76
K01754,75
K04773,75
K11927,75
K00540,75
K03307,75
K01812,75
K01889,74
K03624,74
K00773,74
K00864,73
K03076,73
K00014,73
K01265,73
K02341,73
K03546,73
K01956,73
K00948,73
K01269,73
K13599,73
K01585,73
K03321,72
K02563,72
K02034,72
K00625,72
K00648,71
K00645,71
K01104,71
K09013,71
K01571,71
K15583,71
K02429,71
K11541,71
K03733,70
K02687,70
K02057,70
K00818,70
K09903,70
K00382,70
K02528,70
K12308,70
K10118,70
K01993,70
K00763,69
K00765,69
K01685,69
K00053,69
K02342,68
K02982,68
K00854,68
K07082,68
K01409,68
K02770,68
K00611,68
K01809,68
K09157,68
K16153,68
K02967,67
K02017,67
K13789,67
K02006,67
K10542,67
K01051,67
K17319,67
K15533,67
K01998,66
K07088,66
K03770,66
K00075,66
K08307,66
K04075,66
K00931,66
K01686,66
K02647,66
K00040,66
K01223,66
K00048,66
K00003,65
K01620,65
K05540,65
K07001,65
K03574,65
K02601,65
K16786,65
K00849,65
K02118,65
K02433,64
K01999,64
K03671,64
K16363,64
K01711,63
K03685,63
K02438,63
K03522,63
K02346,63
K03575,63
K00919,63
K00067,63
K01421,63
K15986,63
K10943,63
K03585,62
K06997,62
K00941,62
K01129,62
K01989,62
K01524,62
K02027,62
K06153,62
K07154,62
K07566,62
K00297,62
K12574,62
K02757,62
K00655,61
K06178,61
K09760,61
K00767,61
K00425,61
K11070,61
K00244,61
K00018,61
K01226,61
K02371,61
K02477,61
K09704,61
K01130,61
K08218,60
K00946,60
K07056,60
K03438,60
K11753,60
K09808,60
K01090,60
K04096,60
K06881,60
K05601,60
K17320,60
K00111,59
K01778,59
K02238,59
K07659,59
K03561,59
K15555,59
K00248,59
K00057,59
K00848,59
K02824,59
K01201,59
K01815,59
K09011,59
K07405,59
K02108,58
K02931,58
K06020,58
K00761,58
K00549,58
K06200,58
K03697,58
K10117,58
K02117,58
K07240,57
K00991,57
K00806,57
K01462,57
K01491,57
K00024,57
K03521,57
K11752,57
K11717,57
K07662,57
K12266,57
K07714,57
K02765,57
K01791,56
K05832,56
K03439,56
K03218,56
K12410,56
K03407,56
K00942,56
K03517,56
K00215,56
K03773,56
K03501,55
K02992,55
K03606,55
K06179,55
K00046,55
K03768,55
K09811,55
K00784,55
K07037,55
K14445,55
K02823,55
K01958,55
K15921,55
K03929,54
K01438,54
K03978,54
K01814,54
K02232,54
K00748,54
K02527,54
K04084,54
K09761,54
K16899,54
K04069,54
K02133,54
K11071,54
K16785,54
K00351,54
K03816,54
K16213,54
K16212,54
K09952,53
K04761,53
K01912,53
K01961,53
K07497,53
K01736,53
K03281,53
K00652,53
K02340,53
K01914,53
K00680,53
K00895,53
K15532,53
K01067,52
K00891,52
K02500,52
K00768,52
K03437,52
K05833,52
K06215,52
K01443,52
K03856,52
K10119,52
K01991,52
K03778,52
K15581,52
K02041,52
K08676,52
K11690,52
K05776,52
K00286,51
K03832,51
K02078,51
K03687,51
K01776,51
K02838,51
K01012,51
K08289,51
K00651,51
K13954,51
K06001,51
K03783,51
K03614,51
K05685,51
K01193,51
K02434,50
K06861,50
K01783,50
K07715,50
K00336,50
K11907,50
K06177,50
K02520,50
K00661,50
K00837,50
K03705,50
K00858,50
K00620,50
K00375,50
K00882,50
K03072,50
K01515,50
K13378,50
K09815,50
K01197,50
K05516,50
K01813,50
K07678,50
K13747,50
K02377,49
K02051,49
K03621,49
K07124,49
K00640,49
K07053,49
K15634,49
K01804,49
K01077,49
K01552,49
K13013,49
K07079,49
K03590,48
K06173,48
K02990,48
K00868,48
K07238,48
K00939,48
K01439,48
K03625,48
K03549,48
K00759,48
K00760,48
K02283,48
K06398,48
K07098,48
K11527,48
K01486,48
K01142,47
K01997,47
K06925,47
K09748,47
K00788,47
K03500,47
K00259,47
K07775,47
K01181,47
K15635,47
K07214,47
K05847,47
K02123,47
K11358,47
K03543,46
K02517,46
K06287,46
K13993,46
K03530,46
K06187,46
K01424,46
K02045,46
K08156,46
K01243,46
K07670,46
K03426,46
K03613,46
K01089,46
K10254,46
K00981,45
K01695,45
K00041,45
K02039,45
K03525,45
K09015,45
K07496,45
K07052,45
K02804,45
K00243,45
K07271,45
K14623,45
K07679,45
K00626,44
K00766,44
K02879,44
K13896,44
K11991,44
K02860,44
K02864,44
K00001,44
K10823,44
K10540,44
K16053,44
K08138,44
K15912,44
K00341,43
K07003,43
K00677,43
K03177,43
K15987,43
K01665,43
K02775,43
K07576,43
K11384,43
K02536,42
K07091,42
K01414,42
K02523,42
K01081,42
K11755,42
K01839,42
K00965,42
K01639,42
K07737,42
K01582,42
K01787,42
K15726,41
K01963,41
K10773,41
K00281,41
K03469,41
K04042,41
K07259,41
K01273,41
K01144,41
K00639,41
K00175,41
K01286,41
K10041,41
K00595,40
K02886,40
K01609,40
K01159,40
K14170,40
K01760,40
K01745,40
K01613,40
K00240,40
K04094,40
K03742,40
K00969,40
K01417,40
K07139,40
K00757,40
K07095,40
K03617,40
K02474,40
K02906,39
K01693,39
K02501,39
K03470,39
K03547,39
K00796,39
K03269,39
K00833,39
K00606,39
K06189,39
K00793,39
K06041,39
K07335,39
K01151,39
K01192,39
K00346,39
K01442,39
K13043,39
K01163,38
K01520,38
K02356,38
K04751,38
K00074,38
K02038,38
K06923,38
K03550,38
K00878,38
K07652,38
K03423,38
K01218,38
K07487,38
K15531,38
K00459,37
K02926,37
K02227,37
K06142,37
K04517,37
K11720,37
K03149,37
K03711,37
K00912,37
K03412,37
K06896,37
K14742,37
K00853,37
K01802,37
K07138,37
K02986,36
K02939,36
K00343,36
K01719,36
K07560,36
K07027,36
K02406,36
K05808,36
K00857,36
K01661,36
K06346,36
K02315,36
K07164,36
K04518,36
K04068,36
K01198,36
K02188,35
K01207,35
K07107,35
K02000,35
K13292,35
K12340,35
K03630,35
K01834,35
K01790,35
K05591,35
K03151,35
K00756,35
K07192,35
K08956,35
K03340,35
K03721,35
K08191,35
K03152,35
K07716,35
K01447,35
K08070,35
K02050,34
K11189,34
K02113,34
K09861,34
K00342,34
K01625,34
K01356,34
K05810,34
K11263,34
K07699,34
K00865,34
K03465,34
K01191,34
K01697,34
K03305,34
K15582,34
K11928,34
K00754,34
K15125,34
K03974,34
K13012,34
K02933,33
K16092,33
K03885,33
K00567,33
K01056,33
K02652,33
K00097,33
K01968,33
K02499,33
K01493,33
K02074,33
K09765,33
K01858,33
K03453,33
K00693,33
K07282,33
K10010,33
K04486,33
K01186,33
K01224,33
K01607,32
K03570,32
K02067,32
K02109,32
K01451,32
K02011,32
K00287,32
K02224,32
K02073,32
K10439,32
K00995,32
K05807,32
K01712,32
K02037,32
K01495,32
K03183,32
K07042,32
K01588,32
K06406,32
K06223,32
K11996,32
K03436,32
K00359,32
K17215,32
K01195,32
K02190,32
K01023,32
K07677,32
K07090,31
K03744,31
K02454,31
K03564,31
K00335,31
K04083,31
K03772,31
K02372,31
K07774,31
K02935,31
K03074,31
K05521,31
K11105,31
K01739,31
K07651,31
K01911,31
K15771,31
K04070,31
K01677,31
K10901,31
K02132,31
K03718,31
K00349,31
K07862,31
K08600,31
K03722,30
K07058,30
K03667,30
K10111,30
K03787,30
K01770,30
K10440,30
K00208,30
K09710,30
K00783,30
K03639,30
K00979,30
K01965,30
K00179,30
K07012,30
K02557,30
K03111,30
K03303,30
K07729,30
K08602,30
K01205,30
K08372,30
K07319,30
K00347,30
K07669,30
K16211,30
K11076,30
K04516,30
K17076,30
K03087,30
K02878,29
K02881,29
K02805,29
K07664,29
K02834,29
K07304,29
K14540,29
K00954,29
K05825,29
K06023,29
K03442,29
K06972,29
K10200,29
K07080,29
K01667,29
K10941,29
K05934,28
K06920,28
K00077,28
K02114,28
K02988,28
K11068,28
K01627,28
K07642,28
K00956,28
K02072,28
K07588,28
K10548,28
K06958,28
K06442,28
K00852,28
K03656,28
K03789,28
K03565,28
K01235,28
K06382,28
K10545,28
K00016,28
K06381,28
K01843,28
K01744,28
K04691,28
K11357,28
K02895,27
K03584,27
K06183,27
K00560,27
K03536,27
K01666,27
K07173,27
K07783,27
K04720,27
K00394,27
K01629,27
K00610,27
K12111,27
K05936,26
K06076,26
K01658,26
K02952,26
K03589,26
K04758,26
K08300,26
K01817,26
K01079,26
K11004,26
K01962,26
K07183,26
K05816,26
K00859,26
K02400,26
K00123,26
K01436,26
K07301,26
K00008,26
K07089,26
K01580,26
K13525,26
K10008,26
K00996,26
K07035,26
K02688,26
K00638,26
K17450,26
K09972,26
K01267,26
K01761,26
K02791,26
K02189,25
K15342,25
K02669,25
K00036,25
K03458,25
K05946,25
K07402,25
K01704,25
K00331,25
K03387,25
K01173,25
K03664,25
K06890,25
K00957,25
K13924,25
K03710,25
K12339,25
K11175,25
K03282,25
K02867,25
K09762,25
K06373,25
K07787,25
K14261,25
K10947,25
K10009,25
K07473,25
K07273,25
K08679,25
K01709,25
K00947,25
K01422,25
K00249,24
K02066,24
K07460,24
K01845,24
K07447,24
K02503,24
K09888,24
K02884,24
K05896,24
K01918,24
K14058,24
K02412,24
K03892,24
K01480,24
K02068,24
K01786,24
K03388,24
K01808,24
K08675,24
K08955,24
K06221,24
K12267,24
K00348,24
K07106,24
K15460,24
K02193,24
K04477,24
K00929,24
K09797,24
K13017,24
K06926,24
K01215,24
K01626,23
K00798,23
K00104,23
K07507,23
K07567,23
K00337,23
K03386,23
K02231,23
K06966,23
K07738,23
K03101,23
K02334,23
K07171,23
K12960,23
K15770,23
K00949,23
K03612,23
K03315,23
K03698,23
K08659,23
K05882,23
K02892,22
K03743,22
K02994,22
K00128,22
K01653,22
K02012,22
K06894,22
K03823,22
K02888,22
K02996,22
K05794,22
K04769,22
K00805,22
K05350,22
K00426,22
K02237,22
K01678,22
K00955,22
K03579,22
K03582,22
K13788,22
K05365,22
K00005,22
K10536,22
K03976,22
K08282,22
K00978,22
K17716,22
K01531,22
K03283,22
K02120,22
K07467,22
K08325,22
K09759,22
K10192,22
K11537,22
K15910,22
K17103,21
K01548,21
K01673,21
K00616,21
K04078,21
K07491,21
K02502,21
K01679,21
K03781,21
K01069,21
K04488,21
K15578,21
K00252,21
K00950,21
K00797,21
K02851,21
K06374,21
K06379,21
K06399,21
K03785,21
K01959,21
K05995,21
K09680,21
K00729,21
K06201,21
K05364,21
K01926,21
K02217,21
K14645,21
K02777,21
K11788,21
K00065,21
K13683,21
K10040,21
K10193,21
K10012,21
K16698,21
K02890,20
K03925,20
K03814,20
K00526,20
K03474,20
K00943,20
K02020,20
K00219,20
K04762,20
K02018,20
K07284,20
K01271,20
K11645,20
K13542,20
K09698,20
K01734,20
K00841,20
K01818,20
K00547,20
K12251,20
K04656,20
K01008,20
K06902,20
K14805,20
K01930,20
K04095,20
K02779,20
K03312,20
K03732,20
K12297,20
K01234,20
K00177,20
K06385,20
K09695,20
K07644,20
K09155,20
K13010,20
K12527,20
K07043,19
K06042,19
K02961,19
K02876,19
K02518,19
K14260,19
K01251,19
K13892,19
K00823,19
K08591,19
K10764,19
K00023,19
K00963,19
K02871,19
K09690,19
K08309,19
K07050,19
K03523,19
K00033,19
K16012,19
K06012,19
K15772,19
K09758,19
K01425,19
K01322,19
K02426,19
K00350,19
K05801,19
K05590,19
K07166,19
K10202,19
K01848,19
K09490,19
K03739,19
K16926,19
K16960,19
K01041,19
K04086,19
K15727,18
K07663,18
K02535,18
K02658,18
K01487,18
K01779,18
K01256,18
K04562,18
K07793,18
K01468,18
K04564,18
K03767,18
K00180,18
K03802,18
K10004,18
K01470,18
K01768,18
K06714,18
K07979,18
K00872,18
K08724,18
K07099,18
K02548,18
K06409,18
K06206,18
K01529,18
K06184,18
K00972,18
K00571,18
K02361,18
K04765,18
K03311,18
K16066,18
K16692,18
K10201,18
K10194,18
K13002,18
K03289,18
K10831,17
K02110,17
K07684,17
K00647,17
K07322,17
K02048,17
K02887,17
K03216,17
K01934,17
K08316,17
K07015,17
K07250,17
K01805,17
K03402,17
K03784,17
K07075,17
K01715,17
K04655,17
K02619,17
K14778,17
K02147,17
K10706,17
K00078,17
K06185,17
K00926,17
K01048,17
K02810,17
K16963,17
K00520,17
K17489,17
K17069,17
K05663,17
K15255,17
K01155,17
K00210,17
K07148,17
K11533,17
K07175,16
K13821,16
K01259,16
K03760,16
K00627,16
K04044,16
K00794,16
K08223,16
K05367,16
K01579,16
K06295,16
K02551,16
K16013,16
K07105,16
K06962,16
K01082,16
K07768,16
K03313,16
K12368,16
K06973,16
K08234,16
K11688,16
K01005,16
K05341,16
K03077,16
K10697,16
K07806,16
K00087,16
K01138,16
K10824,16
K03394,15
K03609,15
K02435,15
K07047,15
K06182,15
K02160,15
K01496,15
K00338,15
K13590,15
K00658,15
K01759,15
K03786,15
K00241,15
K00575,15
K02303,15
K00795,15
K03602,15
K01935,15
K11183,15
K02395,15
K01599,15
K02472,15
K00162,15
K07693,15
K06408,15
K09825,15
K14810,15
K03660,15
K07776,15
K12506,15
K03811,15
K02424,15
K03839,15
K10541,15
K04772,15
K01299,15
K07661,15
K02203,15
K03415,15
K11443,15
K06310,15
K12999,15
K07260,15
K13069,14
K05799,14
K10125,14
K02904,14
K03801,14
K06872,14
K02657,14
K02233,14
K12452,14
K03118,14
K01628,14
K00050,14
K07040,14
K03750,14
K03075,14
K03641,14
K00605,14
K01236,14
K03367,14
K09117,14
K07789,14
K01749,14
K02897,14
K07010,14
K03210,14
K09787,14
K06413,14
K06334,14
K09124,14
K00086,14
K01758,14
K01489,14
K07023,14
K01664,14
K00758,14
K09772,14
K13926,14
K02199,14
K01497,14
K15778,14
K05919,14
K02242,14
K09971,14
K11075,14
K02856,14
K06857,14
K07770,14
K07484,14
K15920,14
K00690,14
K11356,14
K10038,14
K09697,14
K01199,14
K03566,13
K11963,13
K03644,13
K01095,13
K03568,13
K03719,13
K01488,13
K03775,13
K01007,13
K06024,13
K01420,13
K03286,13
K03578,13
K00674,13
K15034,13
K01560,13
K04045,13
K03799,13
K00253,13
K02407,13
K02401,13
K02392,13
K02396,13
K01589,13
K08681,13
K06405,13
K06518,13
K06967,13
K01581,13
K08978,13
K14439,13
K02145,13
K00030,13
K10844,13
K17623,13
K03300,13
K07654,13
K09816,13
K15584,13
K07574,13
K00015,13
K03473,13
K00877,13
K07021,13
K14981,13
K04771,13
K01621,13
K13541,13
K07239,13
K00533,13
K14982,13
K01954,13
K10680,12
K01467,12
K00432,12
K05595,12
K01698,12
K03648,12
K16011,12
K01464,12
K02963,12
K00333,12
K07481,12
K01507,12
K02047,12
K13643,12
K01092,12
K02959,12
K00924,12
K02492,12
K06133,12
K00632,12
K03672,12
K07458,12
K03073,12
K07742,12
K09457,12
K06898,12
K03294,12
K03389,12
K11594,12
K00288,12
K16055,12
K00966,12
K12858,12
K06174,12
K15033,12
K17680,12
K02566,12
K09125,12
K02478,12
K01654,12
K07792,12
K02796,12
K01766,12
K12997,12
K08974,12
K01238,12
K02476,12
K03235,12
K14807,12
K14729,12
K02121,12
K11329,12
K05587,12
K01838,12
K01904,12
K11392,12
K03484,12
K16328,12
K02761,12
K04784,12
K00102,11
K02946,11
K02471,11
K02874,11
K06911,11
K01523,11
K02058,11
K02968,11
K00344,11
K02002,11
K13889,11
K07262,11
K00684,11
K14162,11
K03299,11
K05815,11
K02653,11
K06978,11
K01241,11
K02410,11
K06284,11
K00819,11
K07533,11
K01941,11
K06960,11
K06397,11
K06390,11
K03707,11
K10026,11
K03706,11
K00782,11
K06864,11
K09769,11
K13963,11
K12823,11
K03018,11
K12585,11
K10900,11
K08217,11
K07773,11
K12371,11
K02819,11
K03580,11
K02191,11
K07704,11
K11710,11
K08323,11
K02302,11
K06167,11
K01702,11
K02122,11
K06987,11
K13584,11
K14980,11
K05305,11
K05830,11
K07660,11
K17204,11
K11908,11
K13853,11
K07816,11
K15849,11
K15587,11
K07482,11
K12555,11
K17063,11
K00400,11
K15725,10
K07387,10
K01750,10
K11921,10
K02948,10
K01246,10
K00574,10
K03827,10
K03534,10
K03559,10
K06915,10
K01894,10
K02916,10
K01595,10
K01737,10
K07141,10
K03820,10
K01633,10
K01969,10
K02417,10
K03637,10
K03270,10
K11184,10
K00588,10
K10188,10
K10189,10
K06411,10
K13888,10
K06387,10
K02279,10
K09121,10
K02482,10
K08735,10
K13444,10
K05655,10
K00983,10
K06989,10
K00383,10
K08722,10
K02795,10
K07648,10
K01910,10
K02062,10
K07316,10
K09163,10
K07791,10
K07443,10
K05878,10
K01636,10
K02021,10
K02044,10
K01318,10
K00529,10
K11475,10
K12541,10
K01282,10
K00129,10
K10841,10
K15894,10
K13587,10
K03779,10
K03488,10
K07404,10
K03404,10
K03148,10
K04034,10
K06237,10
K01134,10
K09820,10
K10715,10
K17216,10
K16173,10
K10562,10
K07647,10
K13922,10
K15585,10
K15024,10
K11630,10
K14051,10
K13797,10
K15036,10
K11914,10
K13777,9
K00261,9
K03724,9
K02907,9
K01433,9
K02558,9
K07711,9
K02480,9
K00154,9
K00340,9
K02054,9
K06199,9
K07516,9
K09181,9
K09747,9
K03411,9
K07220,9
K03342,9
K01879,9
K01046,9
K00836,9
K02416,9
K05985,9
K07571,9
K12510,9
K07009,9
K06196,9
K04074,9
K08963,9
K06438,9
K13787,9
K02069,9
K02103,9
K07150,9
K10716,9
K16052,9
K01139,9
K10819,9
K00654,9
K10899,9
K14777,9
K01466,9
K01512,9
K14213,9
K08852,9
K13278,9
K15192,9
K07736,9
K09684,9
K00302,9
K03556,9
K16087,9
K01788,9
K01643,9
K02504,9
K03385,9
K03272,9
K03518,9
K09768,9
K05895,9
K03738,9
K03658,9
K08590,9
K01632,9
K07341,9
K01156,9
K13018,9
K07705,9
K07170,9
K07005,9
K03416,9
K03405,9
K01782,9
K02473,9
K00657,9
K12608,9
K02588,9
K14987,9
K12252,9
K01844,9
K13799,9
K15051,9
K17217,9
K02243,9
K02750,9
K10539,9
K03931,9
K01819,9
K01342,9
K15022,9
K01295,8
K02950,8
K07185,8
K03224,8
K02954,8
K03769,8
K06596,8
K06016,8
K03116,8
K04088,8
K02053,8
K00019,8
K03322,8
K13051,8
K07552,8
K08169,8
K00090,8
K09461,8
K00311,8
K02858,8
K07649,8
K01644,8
K02970,8
K08083,8
K03306,8
K01183,8
K05814,8
K00156,8
K02169,8
K05577,8
K02390,8
K02397,8
K07313,8
K06412,8
K07502,8
K09775,8
K00260,8
K06396,8
K07584,8
K03429,8
K00096,8
K02282,8
K06281,8
K00170,8
K06236,8
K15376,8
K03243,8
K09529,8
K01415,8
K01539,8
K09518,8
K16302,8
K10241,8
K14761,8
K00563,8
K16784,8
K07645,8
K12372,8
K07461,8
K00634,8
K11261,8
K06209,8
K15497,8
K10778,8
K07504,8
K09925,8
K13990,8
K09922,8
K08484,8
K03430,8
K16345,8
K01066,8
K01463,8
K01567,8
K00002,8
K01751,8
K07653,8
K00038,8
K01026,8
K13497,8
K13049,8
K01896,8
K03403,8
K08479,8
K09689,8
K01932,8
K01536,8
K05499,8
K07392,8
K16957,8
K00633,8
K07495,8
K09693,8
K12956,8
K09809,8
K07771,8
K14090,8
K16792,8
K12341,8
K14415,7
K06222,7
K04047,7
K03179,7
K01692,7
K00537,7
K00034,7
K02956,7
K00330,7
K00332,7
K00334,7
K01266,7
K03640,7
K01659,7
K05539,7
K00697,7
K07788,7
K01428,7
K00989,7
K02379,7
K03089,7
K10002,7
K02556,7
K01611,7
K00641,7
K02446,7
K06878,7
K01449,7
K06407,7
K02099,7
K03800,7
K07076,7
K04652,7
K07216,7
K15616,7
K13179,7
K14809,7
K03063,7
K02136,7
K12818,7
K13116,7
K15789,7
K09552,7
K00130,7
K09936,7
K05846,7
K07727,7
K05568,7
K07666,7
K00010,7
K02445,7
K08159,7
K16371,7
K13409,7
K00198,7
K14138,7
K09777,7
K03700,7
K00603,7
K03196,7
K11050,7
K09144,7
K11102,7
K05351,7
K01663,7
K08736,7
K14002,7
K11233,7
K03420,7
K12942,7
K11074,7
K13581,7
K08092,7
K14811,7
K07741,7
K02124,7
K12941,7
K13540,7
K01583,7
K02852,7
K07455,7
K15519,7
K14534,7
K12276,7
K02747,7
K02746,7
K15836,7
K15739,7
K16628,7
K04029,7
K11706,7
K07706,7
K00691,7
K03444,7
K10681,7
K16701,7
K06940,6
K01426,6
K10001,6
K09951,6
K02965,6
K00101,6
K01147,6
K05786,6
K02660,6
K11103,6
K00573,6
K02001,6
K02055,6
K07749,6
K13891,6
K13893,6
K13894,6
K06891,6
K01485,6
K07305,6
K06181,6
K01684,6
K00428,6
K12972,6
K00362,6
K03831,6
K02913,6
K10852,6
K03060,6
K02654,6
K06160,6
K03273,6
K02409,6
K02405,6
K05838,6
K00982,6
K07102,6
K03735,6
K16264,6
K16511,6
K06392,6
K00283,6
K03704,6
K07071,6
K13641,6
K11145,6
K05823,6
K08999,6
K07221,6
K03170,6
K00169,6
K00980,6
K03182,6
K10684,6
K07511,6
K05544,6
K07767,6
K08656,6
K13181,6
K01598,6
K10771,6
K01027,6
K13254,6
K15441,6
K08734,6
K14326,6
K01239,6
K03503,6
K05565,6
K13280,6
K16923,6
K07812,6
K00324,6
K02794,6
K09022,6
K11607,6
K07017,6
K08302,6
K09807,6
K01060,6
K07459,6
K07315,6
K08641,6
K05606,6
K03758,6
K12063,6
K05546,6
K01694,6
K08150,6
K14654,6
K15888,6
K01535,6
K03638,6
K10912,6
K02587,6
K02234,6
K12994,6
K01303,6
K14208,6
K11809,6
K03927,6
K01188,6
K11231,6
K09766,6
K13815,6
K17734,6
K12264,6
K06156,6
K12528,6
K13059,6
K15600,6
K11635,6
K10231,6
K11104,6
K03491,6
K05971,6
K03756,6
K10708,6
K13921,6
K10909,6
K05596,5
K01596,5
K03571,5
K00681,5
K00020,5
K09973,5
K06204,5
K02825,5
K15977,5
K03753,5
K00135,5
K06194,5
K04087,5
K07708,5
K03113,5
K07638,5
K01255,5
K07486,5
K03408,5
K01297,5
K03154,5
K02909,5
K01708,5
K02046,5
K03616,5
K16147,5
K02902,5
K08311,5
K03642,5
K01878,5
K02422,5
K02404,5
K01902,5
K01903,5
K06446,5
K07535,5
K03410,5
K00282,5
K03709,5
K00556,5
K07078,5
K03274,5
K11065,5
K06282,5
K11414,5
K09479,5
K05048,5
K05662,5
K14440,5
K14780,5
K12614,5
K01136,5
K05605,5
K10858,5
K17286,5
K09488,5
K10730,5
K11173,5
K15335,5
K08981,5
K10234,5
K15372,5
K10558,5
K07726,5
K04770,5
K05787,5
K02574,5
K07306,5
K02278,5
K01034,5
K13694,5
K12370,5
K12992,5
K13626,5
K07321,5
K16789,5
K07033,5
K06897,5
K07272,5
K05879,5
K16148,5
K01222,5
K03973,5
K11381,5
K12343,5
K17679,5
K01427,5
K13830,5
K07041,5
K00786,5
K07128,5
K03815,5
K02793,5
K17398,5
K03780,5
K05903,5
K09384,5
K17243,5
K17074,5
K12374,5
K11520,5
K17062,5
K15518,5
K10039,5
K11618,5
K06298,5
K02598,5
K10235,5
K05886,5
K02623,5
K07686,5
K08255,5
K16870,5
K14664,5
K17744,5
K08081,5
K10797,5
K11631,5
K02759,5
K04027,5
K17207,5
K07671,5
K04780,5
K15452,5
K14659,5
K09459,5
K16169,5
K17235,5
K11626,5
K15654,5
K02547,5
K10353,5
K10916,5
K05362,5
K11915,5
K15660,5
K15850,5
K14414,4
K00390,4
K03229,4
K17324,4
K02670,4
K00370,4
K07165,4
K02456,4
K02226,4
K17723,4
K03457,4
K03117,4
K01494,4
K00997,4
K03594,4
K09773,4
K14393,4
K11177,4
K13771,4
K05520,4
K05559,4
K00568,4
K01029,4
K00901,4
K13529,4
K03576,4
K07290,4
K02427,4
K07320,4
K00832,4
K02533,4
K07799,4
K03189,4
K00822,4
K10563,4
K05813,4
K02899,4
K02421,4
K02387,4
K06998,4
K02806,4
K08304,4
K01304,4
K00009,4
K03741,4
K12511,4
K01354,4
K06885,4
K04061,4
K06394,4
K06333,4
K11733,4
K00091,4
K05939,4
K00318,4
K06283,4
K02490,4
K02589,4
K07083,4
K03833,4
K14571,4
K14797,4
K04794,4
K01057,4
K00011,4
K12309,4
K03064,4
K15332,4
K00863,4
K08635,4
K16329,4
K08741,4
K05038,4
K15173,4
K05853,4
K09228,4
K12657,4
K08740,4
K00025,4
K09540,4
K10742,4
K09525,4
K03098,4
K16487,4
K12741,4
K11787,4
K05034,4
K14835,4
K05543,4
K14776,4
K14536,4
K11741,4
K13940,4
K03293,4
K07483,4
K02440,4
K02614,4
K07448,4
K04653,4
K13498,4
K03632,4
K02007,4
K00325,4
K03326,4
K03336,4
K12984,4
K00880,4
K09789,4
K02567,4
K02843,4
K01035,4
K02198,4
K03475,4
K06956,4
K03972,4
K00171,4
K00197,4
K01308,4
K09749,4
K07217,4
K09702,4
K02081,4
K13653,4
K07492,4
K00186,4
K00187,4
K03309,4
K07031,4
K09935,4
K05297,4
K05783,4
K05306,4
K10017,4
K03830,4
K03146,4
K14154,4
K15505,4
K14264,4
K14262,4
K10725,4
K00150,4
K07472,4
K03826,4
K07798,4
K10021,4
K09970,4
K06909,4
K00676,4
K14060,4
K05781,4
K06162,4
K17317,4
K13598,4
K13829,4
K00944,4
K05672,4
K08286,4
K14335,4
K00917,4
K05356,4
K07769,4
K17246,4
K05928,4
K17810,4
K00532,4
K16850,4
K02745,4
K16566,4
K17240,4
K02364,4
K12530,4
K05779,4
K16617,4
K15261,4
K11084,4
K10672,4
K02489,4
K04786,4
K17624,4
K17195,4
K15721,4
K15667,4
K14086,4
K01492,4
K12950,4
K08692,4
K16793,4
K03930,4
K04021,4
K07700,4
K14983,4
K14081,4
K13775,3
K03610,3
K03608,3
K11962,3
K03446,3
K03230,3
K07000,3
K07735,3
K02453,3
K09017,3
K06015,3
K02221,3
K07287,3
K02291,3
K11892,3
K11896,3
K13890,3
K16203,3
K13652,3
K13953,3
K11003,3
K13634,3
K02437,3
K01028,3
K00990,3
K15554,3
K06044,3
K17752,3
K07119,3
K00140,3
K04565,3
K14267,3
K01807,3
K10546,3
K01070,3
K07246,3
K00151,3
K03776,3
K03592,3
K01011,3
K07093,3
K00364,3
K03688,3
K08369,3
K01032,3
K07464,3
K02388,3
K02393,3
K03969,3
K11712,3
K07112,3
K08998,3
K02443,3
K03483,3
K06306,3
K10544,3
K06877,3
K17218,3
K00231,3
K10555,3
K10190,3
K06410,3
K00772,3
K06378,3
K06888,3
K03186,3
K02768,3
K01305,3
K00564,3
K03620,3
K01042,3
K07081,3
K04654,3
K00172,3
K06883,3
K01423,3
K08860,3
K01432,3
K11517,3
K13982,3
K15159,3
K17732,3
K09523,3
K05545,3
K12736,3
K12733,3
K14575,3
K03940,3
K13117,3
K09569,3
K12815,3
K14808,3
K09527,3
K10877,3
K15865,3
K03065,3
K00968,3
K10598,3
K01049,3
K00022,3
K06270,3
K12811,3
K10242,3
K03762,3
K00060,3
K03417,3
K07503,3
K03684,3
K07177,3
K10007,3
K03790,3
K00303,3
K07118,3
K06996,3
K00042,3
K02363,3
K17214,3
K17213,3
K07640,3
K13637,3
K02195,3
K09974,3
K10110,3
K01668,3
K06904,3
K05593,3
K07813,3
K03399,3
K05337,3
K00196,3
K14084,3
K09251,3
K00395,3
K07219,3
K06907,3
K01175,3
K01112,3
K11051,3
K06188,3
K08139,3
K02182,3
K06859,3
K02082,3
K06927,3
K13796,3
K00840,3
K02617,3
K09960,3
K14152,3
K00167,3
K11808,3
K09486,3
K00559,3
K05355,3
K09482,3
K09882,3
K09987,3
K13583,3
K01478,3
K03605,3
K05922,3
K16911,3
K00366,3
K16139,3
K12700,3
K15598,3
K15599,3
K06330,3
K07593,3
K05604,3
K00214,3
K12381,3
K11165,3
K05654,3
K05664,3
K03121,3
K01210,3
K01213,3
K14164,3
K05582,3
K17245,3
K07710,3
K12240,3
K10025,3
K10036,3
K17210,3
K05340,3
K06404,3
K04844,3
K00118,3
K14447,3
K08252,3
K01232,3
K03757,3
K01250,3
K13041,3
K01002,3
K11529,3
K07772,3
K15792,3
K15891,3
K14489,3
K15889,3
K05898,3
K15743,3
K05659,3
K05660,3
K04024,3
K17363,3
K15579,3
K04783,3
K13820,3
K10834,3
K12975,3
K03759,3
K16209,3
K13275,3
K15663,3
K15662,3
K06320,3
K03339,3
K01220,3
K07326,3
K02172,3
K03080,3
K13004,3
K14667,3
K17738,3
K12421,3
K13244,3
K04114,3
K15659,3
K10682,3
K00799,2
K03670,2
K06143,2
K02821,2
K07019,2
K00117,2
K02444,2
K17325,2
K03271,2
K07673,2
K02575,2
K01419,2
K00856,2
K03669,2
K07397,2
K02662,2
K01816,2
K16841,2
K01525,2
K03980,2
K00339,2
K00940,2
K03666,2
K07101,2
K11900,2
K11895,2
K03761,2
K02526,2
K03841,2
K03558,2
K16088,2
K15256,2
K01584,2
K13895,2
K00164,2
K06916,2
K08295,2
K01841,2
K09790,2
K15461,2
K13635,2
K10804,2
K01772,2
K02348,2
K04764,2
K06145,2
K00851,2
K03752,2
K13628,2
K01247,2
K06999,2
K03562,2
K00121,2
K10763,2
K08224,2
K01728,2
K07160,2
K07722,2
K00004,2
K02655,2
K01185,2
K08310,2
K01473,2
K03071,2
K02258,2
K02106,2
K01055,2
K02624,2
K09989,2
K02455,2
K07115,2
K02419,2
K02414,2
K02408,2
K02389,2
K02394,2
K01058,2
K01501,2
K11711,2
K03297,2
K00860,2
K00380,2
K06994,2
K00294,2
K00483,2
K02549,2
K00161,2
K03817,2
K08368,2
K09779,2
K13688,2
K07406,2
K15866,2
K00824,2
K08222,2
K08969,2
K03809,2
K00481,2
K02552,2
K09706,2
K01916,2
K02304,2
K01823,2
K11735,2
K02077,2
K07777,2
K07243,2
K05822,2
K03390,2
K00245,2
K00124,2
K16299,2
K04753,2
K09949,2
K01906,2
K07403,2
K06603,2
K00274,2
K00207,2
K09553,2
K05648,2
K00710,2
K14535,2
K04372,2
K13148,2
K12734,2
K04437,2
K09512,2
K03124,2
K12613,2
K00889,2
K00967,2
K15013,2
K11778,2
K11147,2
K05039,2
K09506,2
K03510,2
K12405,2
K12812,2
K00803,2
K06210,2
K12835,2
K01229,2
K08853,2
K01444,2
K05607,2
K09699,2
K00814,2
K11230,2
K09571,2
K03955,2
K07359,2
K05542,2
K01518,2
K12504,2
K14168,2
K13177,2
K13107,2
K03062,2
K03934,2
K13524,2
K09487,2
K11643,2
K14717,2
K03237,2
K12874,2
K06693,2
K03102,2
K03883,2
K03316,2
K01857,2
K07004,2
K08094,2
K07045,2
K03824,2
K15521,2
K16783,2
K10006,2
K09793,2
K07132,2
K11216,2
K08321,2
K01573,2
K13695,2
K08476,2
K10678,2
K03082,2
K03338,2
K00230,2
K00631,2
K02441,2
K07479,2
K07685,2
K07014,2
K09471,2
K07307,2
K10000,2
K01646,2
K15984,2
K02200,2
K06212,2
K03813,2
K12137,2
K12369,2
K11931,2
K03486,2
K12685,2
K02009,2
K06934,2
K02844,2
K03301,2
K05396,2
K06903,2
K03090,2
K11736,2
K00148,2
K00479,2
K03382,2
K16922,2
K04757,2
K17331,2
K17329,2
K00590,2
K13019,2
K01849,2
K13015,2
K00184,2
K13832,2
K07639,2
K03451,2
K12508,2
K12543,2
K17733,2
K13929,2
K10016,2
K11734,2
K15334,2
K16261,2
K09503,2
K01240,2
K07332,2
K09002,2
K02119,2
K00839,2
K15876,2
K13819,2
K15898,2
K03472,2
K09939,2
K03793,2
K06159,2
K09007,2
K02225,2
K01563,2
K10020,2
K02594,2
K11532,2
K11073,2
K08344,2
K12990,2
K05927,2
K12235,2
K13998,2
K07505,2
K13408,2
K00055,2
K07318,2
K05795,2
K05829,2
K17316,2
K09703,2
K04110,2
K07650,2
K16907,2
K07454,2
K10942,2
K02022,2
K16291,2
K08352,2
K01133,2
K03520,2
K06606,2
K05613,2
K09508,2
K08239,2
K05656,2
K14210,2
K01132,2
K09519,2
K01264,2
K01281,2
K05572,2
K00835,2
K11525,2
K16703,2
K05588,2
K11952,2
K06946,2
K07474,2
K10974,2
K10037,2
K07309,2
K05796,2
K09692,2
K03693,2
K06403,2
K03480,2
K13533,2
K07692,2
K12940,2
K01615,2
K12567,2
K02486,2
K01656,2
K03825,2
K16555,2
K12265,2
K10927,2
K02769,2
K13636,2
K00209,2
K06074,2
K07689,2
K08297,2
K16845,2
K16200,2
K10013,2
K16044,2
K09696,2
K13034,2
K14509,2
K13665,2
K05671,2
K13920,2
K12420,2
K04019,2
K02590,2
K02760,2
K01746,2
K01795,2
K04020,2
K03079,2
K13735,2
K02530,2
K10199,2
K17067,2
K07570,2
K05338,2
K05339,2
K01208,2
K00932,2
K14647,2
K11444,2
K13491,2
K05342,2
K08279,2
K16202,2
K06608,2
K15656,2
K10986,2
K07688,2
K02771,2
K10121,2
K10120,2
K15534,2
K15515,2
K15917,2
K11732,2
K15915,2
K04022,2
K03487,2
K12943,2
K07709,2
K03275,2
K00918,2
K14063,2
K16707,2
K00689,2
K12553,2
K04789,2
K12053,2
K10977,2
K10978,2
K17314,2
K17753,2
K17061,2
K12998,2
K07074,1
K04063,1
K07002,1
K13778,1
K09707,1
K14519,1
K01476,1
K00285,1
K07062,1
K16165,1
K07275,1
K11959,1
K01455,1
K01114,1
K11473,1
K00108,1
K16090,1
K07641,1
K01971,1
K01821,1
K01638,1
K03219,1
K17323,1
K02919,1
K04046,1
K00371,1
K00374,1
K01118,1
K03981,1
K01669,1
K02461,1
K02459,1
K16137,1
K00612,1
K09153,1
K02666,1
K07323,1
K03190,1
K13482,1
K07130,1
K00116,1
K02911,1
K07181,1
K05589,1
K01640,1
K11893,1
K11901,1
K13483,1
K00404,1
K00406,1
K04719,1
K01053,1
K07046,1
K02676,1
K01469,1
K05788,1
K01141,1
K01434,1
K05524,1
K00381,1
K15553,1
K09975,1
K05603,1
K06190,1
K07506,1
K11737,1
K07006,1
K00163,1
K04082,1
K05874,1
K00355,1
K08972,1
K01919,1
K10547,1
K03646,1
K02298,1
K00598,1
K08305,1
K02509,1
K01194,1
K00372,1
K16135,1
K08082,1
K09796,1
K13288,1
K03634,1
K13979,1
K14347,1
K01799,1
K01430,1
K01706,1
K09862,1
K03599,1
K11811,1
K01474,1
K06991,1
K03774,1
K07152,1
K11745,1
K01031,1
K09800,1
K15724,1
K13766,1
K02418,1
K02413,1
K02411,1
K02398,1
K15773,1
K06186,1
K07346,1
K02650,1
K04744,1
K03736,1
K02914,1
K08964,1
K09685,1
K16937,1
K10543,1
K02205,1
K10857,1
K03449,1
K00958,1
K11476,1
K06393,1
K11144,1
K06402,1
K04076,1
K05311,1
K04116,1
K11936,1
K02075,1
K02525,1
K03409,1
K02800,1
K16874,1
K17472,1
K00356,1
K00367,1
K07303,1
K07442,1
K01551,1
K07176,1
K16881,1
K04797,1
K04568,1
K06990,1
K08281,1
K04651,1
K00694,1
K06929,1
K02170,1
K14191,1
K05864,1
K07512,1
K13356,1
K04556,1
K14572,1
K01137,1
K03234,1
K14684,1
K03331,1
K09580,1
K00591,1
K13403,1
K13131,1
K11647,1
K01988,1
K07203,1
K04460,1
K01189,1
K05287,1
K03943,1
K01900,1
K10902,1
K06068,1
K07188,1
K09566,1
K10615,1
K02349,1
K00254,1
K03232,1
K06633,1
K08678,1
K13566,1
K11262,1
K17257,1
K00884,1
K08669,1
K02154,1
K09585,1
K01899,1
K09511,1
K12349,1
K04427,1
K16831,1
K01101,1
K12393,1
K10413,1
K09564,1
K09478,1
K06662,1
K13162,1
K11493,1
K10408,1
K14607,1
K00166,1
K05643,1
K14806,1
K16353,1
K14573,1
K17108,1
K14951,1
K00006,1
K11188,1
K06027,1
K06675,1
K08683,1
K00049,1
K09131,1
K06101,1
K17725,1
K01196,1
K06943,1
K15788,1
K08857,1
K13126,1
K07048,1
K00289,1
K14437,1
K03515,1
K10595,1
K06632,1
K03935,1
K15378,1
K13984,1
K10380,1
K09572,1
K09565,1
K08737,1
K09560,1
K11294,1
K07441,1
K08202,1
K05677,1
K00323,1
K14837,1
K16343,1
K12603,1
K14779,1
K08867,1
K02999,1
K05657,1
K11434,1
K13026,1
K01796,1
K10800,1
K01373,1
K03257,1
K00327,1
K03347,1
K01410,1
K11131,1
K17361,1
K00871,1
K05849,1
K11654,1
K14857,1
K03164,1
K00045,1
K09019,1
K12503,1
K05845,1
K03819,1
K00712,1
K13571,1
K09940,1
K03647,1
K10805,1
K07077,1
K16014,1
K15371,1
K04092,1
K09118,1
K10005,1
K11738,1
K00886,1
K11603,1
K00098,1
K02083,1
K01608,1
K08225,1
K14977,1
K15545,1
K11531,1
K07334,1
K03319,1
K14187,1
K07230,1
K06218,1
K05844,1
K03335,1
K03583,1
K11904,1
K12982,1
K08306,1
K03835,1
K00557,1
K14392,1
K03317,1
K03837,1
K04014,1
K13283,1
K07172,1
K11604,1
K03808,1
K12143,1
K12140,1
K08348,1
K10108,1
K16214,1
K07811,1
K09930,1
K04561,1
K09770,1
K14083,1
K00176,1
K03519,1
K16651,1
K09123,1
K10670,1
K05566,1
K15023,1
K00194,1
K00158,1
K16951,1
K16950,1
K13638,1
K09778,1
K16962,1
K16961,1
K11041,1
K05299,1
K11709,1
K11707,1
K09859,1
K05881,1
K10677,1
K02042,1
K16650,1
K00508,1
K04749,1
K17330,1
K08100,1
K07396,1
K08482,1
K07223,1
K03333,1
K09924,1
K15855,1
K00433,1
K00322,1
K13020,1
K03649,1
K05817,1
K03862,1
K13007,1
K09986,1
K07233,1
K00673,1
K12542,1
K00496,1
K03366,1
K10679,1
K13774,1
K01484,1
K06447,1
K03923,1
K09803,1
K09961,1
K01392,1
K00838,1
K13996,1
K10772,1
K09510,1
K15711,1
K16948,1
K03002,1
K03114,1
K17819,1
K00601,1
K11681,1
K03242,1
K15083,1
K01336,1
K15428,1
K03231,1
K12767,1
K15331,1
K17743,1
K05824,1
K00143,1
K13941,1
K01771,1
K13237,1
K11786,1
K13501,1
K01905,1
K06937,1
K05884,1
K15904,1
K03167,1
K17104,1
K03042,1
K00855,1
K00054,1
K02572,1
K16322,1
K00076,1
K08177,1
K11106,1
K06905,1
K06908,1
K00155,1
K00992,1
K09969,1
K03970,1
K01561,1
K05772,1
K09985,1
K04566,1
K00570,1
K07257,1
K07746,1
K08357,1
K14986,1
K10238,1
K02281,1
K01577,1
K07097,1
K01917,1
K02625,1
K01576,1
K08137,1
K01184,1
K15303,1
K12316,1
K10527,1
K07513,1
K00069,1
K17609,1
K10553,1
K13668,1
K07465,1
K02479,1
K14941,1
K12554,1
K15016,1
K05966,1
K06164,1
K05780,1
K02554,1
K02431,1
K16370,1
K05812,1
K03346,1
K14660,1
K04767,1
K16843,1
K07051,1
K04257,1
K08809,1
K10430,1
K05717,1
K01513,1
K08211,1
K13365,1
K14683,1
K15980,1
K13616,1
K01763,1
K08784,1
K01131,1
K13702,1
K10809,1
K08846,1
K11150,1
K05618,1
K08131,1
K16533,1
K05207,1
K14444,1
K09406,1
K09575,1
K09516,1
K16550,1
K05035,1
K08149,1
K11539,1
K17545,1
K16779,1
K05614,1
K08001,1
K05668,1
K00752,1
K13373,1
K17820,1
K13178,1
K05669,1
K05734,1
K14351,1
K07848,1
K13195,1
K00613,1
K05275,1
K13535,1
K01293,1
K09246,1
K08968,1
K01268,1
K07059,1
K00675,1
K09879,1
K14949,1
K13693,1
K08698,1
K05575,1
K00218,1
K05581,1
K03828,1
K05586,1
K10960,1
K16886,1
K16885,1
K17050,1
K13052,1
K07637,1
K15540,1
K01851,1
K12242,1
K05372,1
K15864,1
K02336,1
K10024,1
K14591,1
K12976,1
K13582,1
K02839,1
K13053,1
K10107,1
K02236,1
K07248,1
K07697,1
K00224,1
K09963,1
K06350,1
K14136,1
K16306,1
K02485,1
K00205,1
K12468,1
K17739,1
K13490,1
K08712,1
K14023,1
K08787,1
K14541,1
K12814,1
K01405,1
K15785,1
K15783,1
K10191,1
K16327,1
K16554,1
K16562,1
K03482,1
K08993,1
K10926,1
K14153,1
K02079,1
K02744,1
K12532,1
K16136,1
K13479,1
K08219,1
K12995,1
K15020,1
K02430,1
K04018,1
K16201,1
K08322,1
K03796,1
K08721,1
K00051,1
K14492,1
K06617,1
K13680,1
K06119,1
K05298,1
K15095,1
K12355,1
K05894,1
K15893,1
K13679,1
K09841,1
K16051,1
K01616,1
K01044,1
K13370,1
K09877,1
K04963,1
K08206,1
K05651,1
K11161,1
K01403,1
K04031,1
K01699,1
K03692,1
K11521,1
K03867,1
K08700,1
K04023,1
K11704,1
K07719,1
K11629,1
K11744,1
K07485,1
K11354,1
K01225,1
K17073,1
K11751,1
K00462,1
K09988,1
K09474,1
K12953,1
K17640,1
K00436,1
K14989,1
K14988,1
K17206,1
K16958,1
K02468,1
K00068,1
K02781,1
K11693,1
K05964,1
K11609,1
K01913,1
K11923,1
K02381,1
K08259,1
K11441,1
K00032,1
K15524,1
K16920,1
K13531,1
K05962,1
K17736,1
K01400,1
K08720,1
K11616,1
K07696,1
K17758,1
K02491,1
K12996,1
K07717,1
K15329,1
K13611,1
K15665,1
K17236,1
K17234,1
K11440,1
K10711,1
K11634,1
K14665,1
K10984,1
K02788,1
K02786,1
K03489,1
K11624,1
K16124,1
K08227,1
K00043,1
K01459,1
K12239,1
K05910,1
K10213,1
K02173,1
K05992,1
K01454,1
K14088,1
K14067,1
K11021,1
K17722,1
K10551,1
K10550,1
K08253,1
K09509,1
K14978,1
K12526,1
K05394,1
K10620,1
K07256,1
K02855,1
K00063,1
K17742,1
K15895,1
K11528,1
K15899,1
K17467,1
K11063,1
K07702,1
K07796,1
K05798,1
K07701,1
K07643,1
K12983,1
K09016,1
K12949,1
K00183,1
K13380,1
K06441,1
K02080,1
K16702,1
K04115,1
K07452,1
K12556,1
K08570,1
K08961,1
K04787,1
K15527,1
K14699,1
K16179,1
K14123,1
K14121,1
K07672,1
K11694,1
K04478,1
K01964,1
K11917,1
K14473,1
